#
# There is insufficient memory for the Java Runtime Environment to continue.
# Native memory allocation (mmap) failed to map 51904512 bytes for committing reserved memory.
# Possible reasons:
#   The system is out of physical RAM or swap space
#   In 32 bit mode, the process size limit was hit
# Possible solutions:
#   Reduce memory load on the system
#   Increase physical memory or swap space
#   Check if swap backing store is full
#   Use 64 bit Java on a 64 bit OS
#   Decrease Java heap size (-Xmx/-Xms)
#   Decrease number of Java threads
#   Decrease Java thread stack sizes (-Xss)
#   Set larger code cache with -XX:ReservedCodeCacheSize=
# This output file may be truncated or incomplete.
#
#  Out of Memory Error (os_linux.cpp:2743), pid=12481, tid=0x00007f969ecf4700
#
# JRE version: Java(TM) SE Runtime Environment (8.0_191-b12) (build 1.8.0_191-b12)
# Java VM: Java HotSpot(TM) 64-Bit Server VM (25.191-b12 mixed mode linux-amd64 compressed oops)
# Failed to write core dump. Core dumps have been disabled. To enable core dumping, try "ulimit -c unlimited" before starting Java again
#

---------------  T H R E A D  ---------------

Current thread (0x00007f96c0142800):  VMThread [stack: 0x00007f969ebf4000,0x00007f969ecf5000] [id=12488]

Stack: [0x00007f969ebf4000,0x00007f969ecf5000],  sp=0x00007f969ecf3440,  free space=1021k
Native frames: (J=compiled Java code, j=interpreted, Vv=VM code, C=native code)
V  [libjvm.so+0xace425]  VMError::report_and_die()+0x2c5
V  [libjvm.so+0x4deb77]  report_vm_out_of_memory(char const*, int, unsigned long, VMErrorType, char const*)+0x67
V  [libjvm.so+0x90c570]  os::pd_commit_memory(char*, unsigned long, unsigned long, bool)+0x100
V  [libjvm.so+0x903eaf]  os::commit_memory(char*, unsigned long, unsigned long, bool)+0x1f
V  [libjvm.so+0x988346]  PSVirtualSpace::expand_by(unsigned long)+0x56
V  [libjvm.so+0x97768b]  PSOldGen::expand_by(unsigned long) [clone .part.28]+0x1b
V  [libjvm.so+0x977848]  PSOldGen::expand(unsigned long) [clone .part.29]+0xa8
V  [libjvm.so+0x9783f1]  PSOldGen::resize(unsigned long)+0xe1
V  [libjvm.so+0x97e506]  PSParallelCompact::invoke_no_policy(bool) [clone .part.118]+0xa06
V  [libjvm.so+0x97e80e]  PSParallelCompact::invoke(bool)+0x7e
V  [libjvm.so+0x45c113]  CollectedHeap::collect_as_vm_thread(GCCause::Cause)+0x153
V  [libjvm.so+0xacf4b1]  VM_CollectForMetadataAllocation::doit()+0x161
V  [libjvm.so+0xad50f6]  VM_Operation::evaluate()+0x46
V  [libjvm.so+0xad347d]  VMThread::evaluate_operation(VM_Operation*) [clone .constprop.44]+0xcd
V  [libjvm.so+0xad3a3b]  VMThread::loop()+0x37b
V  [libjvm.so+0xad3de8]  VMThread::run()+0x78
V  [libjvm.so+0x909c92]  java_start(Thread*)+0x102

VM_Operation (0x00007f96c747bdb0): CollectForMetadataAllocation, mode: safepoint, requested by thread 0x00007f96c000d000


---------------  P R O C E S S  ---------------

Java Threads: ( => current thread )
  0x00007f96c3010000 JavaThread "process reaper" daemon [_thread_blocked, id=12529, stack(0x00007f969c502000,0x00007f969c53b000)]
  0x00007f96c237b800 JavaThread "Log4j2-TF-1-AsyncLogger[AsyncContext@7219ec67]-1" daemon [_thread_blocked, id=12525, stack(0x00007f969cd40000,0x00007f969ce41000)]
  0x00007f96c019b800 JavaThread "Service Thread" daemon [_thread_blocked, id=12497, stack(0x00007f969e0e6000,0x00007f969e1e7000)]
  0x00007f96c0198000 JavaThread "C1 CompilerThread2" daemon [_thread_blocked, id=12496, stack(0x00007f969e1e7000,0x00007f969e2e8000)]
  0x00007f96c0196800 JavaThread "C2 CompilerThread1" daemon [_thread_blocked, id=12495, stack(0x00007f969e2e8000,0x00007f969e3e9000)]
  0x00007f96c0193800 JavaThread "C2 CompilerThread0" daemon [_thread_blocked, id=12494, stack(0x00007f969e3e9000,0x00007f969e4ea000)]
  0x00007f96c0191000 JavaThread "JDWP Event Helper Thread" daemon [_thread_blocked, id=12493, stack(0x00007f969e4ea000,0x00007f969e5eb000)]
  0x00007f96c018c800 JavaThread "JDWP Transport Listener: dt_socket" daemon [_thread_in_native, id=12492, stack(0x00007f969e5eb000,0x00007f969e6ec000)]
  0x00007f96c0180800 JavaThread "Signal Dispatcher" daemon [_thread_blocked, id=12491, stack(0x00007f969e8f1000,0x00007f969e9f2000)]
  0x00007f96c014e800 JavaThread "Finalizer" daemon [_thread_blocked, id=12490, stack(0x00007f969e9f2000,0x00007f969eaf3000)]
  0x00007f96c014c000 JavaThread "Reference Handler" daemon [_thread_blocked, id=12489, stack(0x00007f969eaf3000,0x00007f969ebf4000)]
  0x00007f96c000d000 JavaThread "main" [_thread_blocked, id=12483, stack(0x00007f96c7380000,0x00007f96c7481000)]

Other Threads:
=>0x00007f96c0142800 VMThread [stack: 0x00007f969ebf4000,0x00007f969ecf5000] [id=12488]
  0x00007f96c01a1000 WatcherThread [stack: 0x00007f969dfe5000,0x00007f969e0e6000] [id=12498]

VM state:at safepoint (normal execution)

VM Mutex/Monitor currently owned by a thread:  ([mutex/lock_event])
[0x00007f96c00090e0] ExpandHeap_lock - owner thread: 0x00007f96c0142800
[0x00007f96c0009760] Threads_lock - owner thread: 0x00007f96c0142800
[0x00007f96c0009c60] Heap_lock - owner thread: 0x00007f96c000d000

Heap:
 PSYoungGen      total 90624K, used 0K [0x00000000e0000000, 0x00000000e8800000, 0x0000000100000000)
  eden space 76800K, 0% used [0x00000000e0000000,0x00000000e0000000,0x00000000e4b00000)
  from space 13824K, 0% used [0x00000000e4b00000,0x00000000e4b00000,0x00000000e5880000)
  to   space 17408K, 0% used [0x00000000e7700000,0x00000000e7700000,0x00000000e8800000)
 ParOldGen       total 65536K, used 33265K [0x00000000a0000000, 0x00000000a4000000, 0x00000000e0000000)
  object space 65536K, 50% used [0x00000000a0000000,0x00000000a207c548,0x00000000a4000000)
 Metaspace       used 53995K, capacity 58913K, committed 59028K, reserved 1101824K
  class space    used 7406K, capacity 7695K, committed 7808K, reserved 1048576K

Card table byte_map: [0x00007f96afee3000,0x00007f96b01e4000] byte_map_base: 0x00007f96af9e3000

Marking Bits: (ParMarkBitMap*) 0x00007f96c6857d40
 Begin Bits: [0x00007f96ac9e0000, 0x00007f96ae1e0000)
 End Bits:   [0x00007f96ae1e0000, 0x00007f96af9e0000)

Polling page: 0x00007f96c749c000

CodeCache: size=245760Kb used=12277Kb max_used=12288Kb free=233482Kb
 bounds [0x00007f96b05a4000, 0x00007f96b11b4000, 0x00007f96bf5a4000]
 total_blobs=4404 nmethods=3878 adapters=444
 compilation: enabled

Compilation events (10 events):
Event: 18.442 Thread 0x00007f96c0198000 3969       3       sbt.internal.util.complete.DefaultParsers$::isScalaIDChar (6 bytes)
Event: 18.443 Thread 0x00007f96c0198000 nmethod 3969 0x00007f96b11a38d0 code [0x00007f96b11a3aa0, 0x00007f96b11a41d8]
Event: 18.443 Thread 0x00007f96c0198000 3970       3       sbt.internal.util.complete.Parsers::isScalaIDChar$ (6 bytes)
Event: 18.443 Thread 0x00007f96c0198000 nmethod 3970 0x00007f96b11a2c50 code [0x00007f96b11a2e20, 0x00007f96b11a34d8]
Event: 18.443 Thread 0x00007f96c0198000 3971       3       sbt.internal.util.complete.Parsers::isScalaIDChar (28 bytes)
Event: 18.443 Thread 0x00007f96c0198000 nmethod 3971 0x00007f96b11a5350 code [0x00007f96b11a5500, 0x00007f96b11a5b78]
Event: 18.443 Thread 0x00007f96c0198000 3972       3       scala.runtime.RichChar$::isLetterOrDigit$extension (5 bytes)
Event: 18.444 Thread 0x00007f96c0198000 nmethod 3972 0x00007f96b11a24d0 code [0x00007f96b11a2660, 0x00007f96b11a2a38]
Event: 18.445 Thread 0x00007f96c0196800 3973       4       java.util.HashSet::add (20 bytes)
Event: 18.446 Thread 0x00007f96c0196800 nmethod 3973 0x00007f96b11a8b50 code [0x00007f96b11a8ca0, 0x00007f96b11a8d88]

GC Heap History (10 events):
Event: 9.245 GC heap after
Heap after GC invocations=7 (full 1):
 PSYoungGen      total 58368K, used 3667K [0x00000000e0000000, 0x00000000e6580000, 0x0000000100000000)
  eden space 49152K, 0% used [0x00000000e0000000,0x00000000e0000000,0x00000000e3000000)
  from space 9216K, 39% used [0x00000000e3900000,0x00000000e3c94fb8,0x00000000e4200000)
  to   space 9216K, 0% used [0x00000000e3000000,0x00000000e3000000,0x00000000e3900000)
 ParOldGen       total 50176K, used 13875K [0x00000000a0000000, 0x00000000a3100000, 0x00000000e0000000)
  object space 50176K, 27% used [0x00000000a0000000,0x00000000a0d8cf60,0x00000000a3100000)
 Metaspace       used 33755K, capacity 35360K, committed 35416K, reserved 1079296K
  class space    used 4840K, capacity 5064K, committed 5120K, reserved 1048576K
}
Event: 9.245 GC heap before
{Heap before GC invocations=8 (full 2):
 PSYoungGen      total 58368K, used 3667K [0x00000000e0000000, 0x00000000e6580000, 0x0000000100000000)
  eden space 49152K, 0% used [0x00000000e0000000,0x00000000e0000000,0x00000000e3000000)
  from space 9216K, 39% used [0x00000000e3900000,0x00000000e3c94fb8,0x00000000e4200000)
  to   space 9216K, 0% used [0x00000000e3000000,0x00000000e3000000,0x00000000e3900000)
 ParOldGen       total 50176K, used 13875K [0x00000000a0000000, 0x00000000a3100000, 0x00000000e0000000)
  object space 50176K, 27% used [0x00000000a0000000,0x00000000a0d8cf60,0x00000000a3100000)
 Metaspace       used 33755K, capacity 35360K, committed 35416K, reserved 1079296K
  class space    used 4840K, capacity 5064K, committed 5120K, reserved 1048576K
Event: 9.307 GC heap after
Heap after GC invocations=8 (full 2):
 PSYoungGen      total 58368K, used 0K [0x00000000e0000000, 0x00000000e6580000, 0x0000000100000000)
  eden space 49152K, 0% used [0x00000000e0000000,0x00000000e0000000,0x00000000e3000000)
  from space 9216K, 0% used [0x00000000e3900000,0x00000000e3900000,0x00000000e4200000)
  to   space 9216K, 0% used [0x00000000e3000000,0x00000000e3000000,0x00000000e3900000)
 ParOldGen       total 65536K, used 10388K [0x00000000a0000000, 0x00000000a4000000, 0x00000000e0000000)
  object space 65536K, 15% used [0x00000000a0000000,0x00000000a0a25370,0x00000000a4000000)
 Metaspace       used 33755K, capacity 35360K, committed 35416K, reserved 1079296K
  class space    used 4840K, capacity 5064K, committed 5120K, reserved 1048576K
}
Event: 10.906 GC heap before
{Heap before GC invocations=9 (full 2):
 PSYoungGen      total 58368K, used 49152K [0x00000000e0000000, 0x00000000e6580000, 0x0000000100000000)
  eden space 49152K, 100% used [0x00000000e0000000,0x00000000e3000000,0x00000000e3000000)
  from space 9216K, 0% used [0x00000000e3900000,0x00000000e3900000,0x00000000e4200000)
  to   space 9216K, 0% used [0x00000000e3000000,0x00000000e3000000,0x00000000e3900000)
 ParOldGen       total 65536K, used 10388K [0x00000000a0000000, 0x00000000a4000000, 0x00000000e0000000)
  object space 65536K, 15% used [0x00000000a0000000,0x00000000a0a25370,0x00000000a4000000)
 Metaspace       used 39805K, capacity 42444K, committed 42624K, reserved 1085440K
  class space    used 5654K, capacity 5903K, committed 6016K, reserved 1048576K
Event: 10.910 GC heap after
Heap after GC invocations=9 (full 2):
 PSYoungGen      total 58368K, used 5606K [0x00000000e0000000, 0x00000000e6180000, 0x0000000100000000)
  eden space 49152K, 0% used [0x00000000e0000000,0x00000000e0000000,0x00000000e3000000)
  from space 9216K, 60% used [0x00000000e3000000,0x00000000e3579af0,0x00000000e3900000)
  to   space 9216K, 0% used [0x00000000e5880000,0x00000000e5880000,0x00000000e6180000)
 ParOldGen       total 65536K, used 10396K [0x00000000a0000000, 0x00000000a4000000, 0x00000000e0000000)
  object space 65536K, 15% used [0x00000000a0000000,0x00000000a0a27370,0x00000000a4000000)
 Metaspace       used 39805K, capacity 42444K, committed 42624K, reserved 1085440K
  class space    used 5654K, capacity 5903K, committed 6016K, reserved 1048576K
}
Event: 12.200 GC heap before
{Heap before GC invocations=10 (full 2):
 PSYoungGen      total 58368K, used 54758K [0x00000000e0000000, 0x00000000e6180000, 0x0000000100000000)
  eden space 49152K, 100% used [0x00000000e0000000,0x00000000e3000000,0x00000000e3000000)
  from space 9216K, 60% used [0x00000000e3000000,0x00000000e3579af0,0x00000000e3900000)
  to   space 9216K, 0% used [0x00000000e5880000,0x00000000e5880000,0x00000000e6180000)
 ParOldGen       total 65536K, used 10396K [0x00000000a0000000, 0x00000000a4000000, 0x00000000e0000000)
  object space 65536K, 15% used [0x00000000a0000000,0x00000000a0a27370,0x00000000a4000000)
 Metaspace       used 45319K, capacity 48321K, committed 48512K, reserved 1091584K
  class space    used 6266K, capacity 6514K, committed 6528K, reserved 1048576K
Event: 12.227 GC heap after
Heap after GC invocations=10 (full 2):
 PSYoungGen      total 86016K, used 9203K [0x00000000e0000000, 0x00000000e6a00000, 0x0000000100000000)
  eden space 76800K, 0% used [0x00000000e0000000,0x00000000e0000000,0x00000000e4b00000)
  from space 9216K, 99% used [0x00000000e5880000,0x00000000e617ce00,0x00000000e6180000)
  to   space 13824K, 0% used [0x00000000e4b00000,0x00000000e4b00000,0x00000000e5880000)
 ParOldGen       total 65536K, used 19133K [0x00000000a0000000, 0x00000000a4000000, 0x00000000e0000000)
  object space 65536K, 29% used [0x00000000a0000000,0x00000000a12af5b0,0x00000000a4000000)
 Metaspace       used 45319K, capacity 48321K, committed 48512K, reserved 1091584K
  class space    used 6266K, capacity 6514K, committed 6528K, reserved 1048576K
}
Event: 18.452 GC heap before
{Heap before GC invocations=11 (full 2):
 PSYoungGen      total 86016K, used 65015K [0x00000000e0000000, 0x00000000e6a00000, 0x0000000100000000)
  eden space 76800K, 72% used [0x00000000e0000000,0x00000000e3681188,0x00000000e4b00000)
  from space 9216K, 99% used [0x00000000e5880000,0x00000000e617ce00,0x00000000e6180000)
  to   space 13824K, 0% used [0x00000000e4b00000,0x00000000e4b00000,0x00000000e5880000)
 ParOldGen       total 65536K, used 19133K [0x00000000a0000000, 0x00000000a4000000, 0x00000000e0000000)
  object space 65536K, 29% used [0x00000000a0000000,0x00000000a12af5b0,0x00000000a4000000)
 Metaspace       used 53995K, capacity 58913K, committed 59028K, reserved 1101824K
  class space    used 7406K, capacity 7695K, committed 7808K, reserved 1048576K
Event: 18.738 GC heap after
Heap after GC invocations=11 (full 2):
 PSYoungGen      total 90624K, used 13792K [0x00000000e0000000, 0x00000000e8800000, 0x0000000100000000)
  eden space 76800K, 0% used [0x00000000e0000000,0x00000000e0000000,0x00000000e4b00000)
  from space 13824K, 99% used [0x00000000e4b00000,0x00000000e5878308,0x00000000e5880000)
  to   space 17408K, 0% used [0x00000000e7700000,0x00000000e7700000,0x00000000e8800000)
 ParOldGen       total 65536K, used 23253K [0x00000000a0000000, 0x00000000a4000000, 0x00000000e0000000)
  object space 65536K, 35% used [0x00000000a0000000,0x00000000a16b56c8,0x00000000a4000000)
 Metaspace       used 53995K, capacity 58913K, committed 59028K, reserved 1101824K
  class space    used 7406K, capacity 7695K, committed 7808K, reserved 1048576K
}
Event: 18.776 GC heap before
{Heap before GC invocations=12 (full 3):
 PSYoungGen      total 90624K, used 13792K [0x00000000e0000000, 0x00000000e8800000, 0x0000000100000000)
  eden space 76800K, 0% used [0x00000000e0000000,0x00000000e0000000,0x00000000e4b00000)
  from space 13824K, 99% used [0x00000000e4b00000,0x00000000e5878308,0x00000000e5880000)
  to   space 17408K, 0% used [0x00000000e7700000,0x00000000e7700000,0x00000000e8800000)
 ParOldGen       total 65536K, used 23253K [0x00000000a0000000, 0x00000000a4000000, 0x00000000e0000000)
  object space 65536K, 35% used [0x00000000a0000000,0x00000000a16b56c8,0x00000000a4000000)
 Metaspace       used 53995K, capacity 58913K, committed 59028K, reserved 1101824K
  class space    used 7406K, capacity 7695K, committed 7808K, reserved 1048576K

Deoptimization events (10 events):
Event: 12.441 Thread 0x00007f96c000d000 Uncommon trap: reason=unstable_if action=reinterpret pc=0x00007f96b0d0cbdc method=scala.reflect.internal.pickling.ByteCodecs$.regenerateZero([B)I @ 27
Event: 12.441 Thread 0x00007f96c000d000 Uncommon trap: reason=unstable_if action=reinterpret pc=0x00007f96b0cedac8 method=scala.reflect.internal.pickling.ByteCodecs$.regenerateZero([B)I @ 27
Event: 12.950 Thread 0x00007f96c000d000 Uncommon trap: reason=unstable_if action=reinterpret pc=0x00007f96b10088c8 method=scala.collection.mutable.HashTable.findOrAddEntry(Ljava/lang/Object;Ljava/lang/Object;)Lscala/collection/mutable/HashEntry; @ 24
Event: 12.950 Thread 0x00007f96c000d000 Uncommon trap: reason=unstable_if action=reinterpret pc=0x00007f96b10e1594 method=scala.collection.mutable.HashTable.findOrAddEntry(Ljava/lang/Object;Ljava/lang/Object;)Lscala/collection/mutable/HashEntry; @ 24
Event: 12.951 Thread 0x00007f96c000d000 Uncommon trap: reason=unstable_if action=reinterpret pc=0x00007f96b1003b84 method=scala.collection.mutable.HashTable.findOrAddEntry(Ljava/lang/Object;Ljava/lang/Object;)Lscala/collection/mutable/HashEntry; @ 24
Event: 13.217 Thread 0x00007f96c000d000 Uncommon trap: reason=class_check action=maybe_recompile pc=0x00007f96b0784f7c method=sun.misc.URLClassPath.getLoader(I)Lsun/misc/URLClassPath$Loader; @ 94
Event: 13.218 Thread 0x00007f96c000d000 Uncommon trap: reason=class_check action=maybe_recompile pc=0x00007f96b08dbc88 method=sun.misc.URLClassPath.getResource(Ljava/lang/String;Z)Lsun/misc/Resource; @ 62
Event: 13.218 Thread 0x00007f96c000d000 Uncommon trap: reason=unstable_if action=reinterpret pc=0x00007f96b0ff0814 method=java.lang.String.regionMatches(ZILjava/lang/String;II)Z @ 41
Event: 16.612 Thread 0x00007f96c000d000 Uncommon trap: reason=unstable_if action=reinterpret pc=0x00007f96b0f1b0ec method=java.lang.SecurityManager.checkPackageAccess(Ljava/lang/String;)V @ 85
Event: 17.923 Thread 0x00007f96c000d000 Uncommon trap: reason=unstable_if action=reinterpret pc=0x00007f96b077ff54 method=java.net.URI.match(CJJ)Z @ 45

Classes redefined (0 events):
No events

Internal exceptions (10 events):
Event: 18.155 Thread 0x00007f96c000d000 Exception <a 'java/lang/NoSuchMethodError': java.lang.Object.$anonfun$loadForParser$1(Lscala/Function2;)Lscala/Function2;> (0x00000000e30cb1d0) thrown at [/HUDSON/workspace/8-2-build-linux-amd64/jdk8u191/11894/hotspot/src/share/vm/interpreter/linkResolver
Event: 18.156 Thread 0x00007f96c000d000 Exception <a 'java/lang/NoSuchMethodError': java.lang.Object.$anonfun$loadForParserI$1(Lsbt/BuildCommon;Lsbt/TaskKey;Lsjsonnew/JsonFormat;Lscala/Tuple2;)Lscala/Function1;> (0x00000000e30cfbc0) thrown at [/HUDSON/workspace/8-2-build-linux-amd64/jdk8u191/11
Event: 18.309 Thread 0x00007f96c000d000 Exception <a 'java/lang/NoSuchMethodError': java.lang.Object.$anonfun$overrideConfigs$1(Lsbt/librarymanagement/Configuration;)Ljava/lang/String;> (0x00000000e34667b0) thrown at [/HUDSON/workspace/8-2-build-linux-amd64/jdk8u191/11894/hotspot/src/share/vm/i
Event: 18.309 Thread 0x00007f96c000d000 Exception <a 'java/lang/NoSuchMethodError': java.lang.Object.$anonfun$overrideConfigs$2(Lsbt/librarymanagement/Configuration;)Lscala/Tuple2;> (0x00000000e346afa8) thrown at [/HUDSON/workspace/8-2-build-linux-amd64/jdk8u191/11894/hotspot/src/share/vm/inter
Event: 18.310 Thread 0x00007f96c000d000 Exception <a 'java/lang/NoSuchMethodError': java.lang.Object.$anonfun$overrideConfigs$3(Lscala/collection/immutable/Map;Lsbt/librarymanagement/Configuration;)Lsbt/librarymanagement/Configuration;> (0x00000000e346f880) thrown at [/HUDSON/workspace/8-2-buil
Event: 18.311 Thread 0x00007f96c000d000 Exception <a 'java/lang/NoSuchMethodError': java.lang.Object.$anonfun$overrideConfigs$4(Lsbt/librarymanagement/Configuration;)Lsbt/librarymanagement/Configuration;> (0x00000000e3474e08) thrown at [/HUDSON/workspace/8-2-build-linux-amd64/jdk8u191/11894/hot
Event: 18.312 Thread 0x00007f96c000d000 Exception <a 'java/lang/NoSuchMethodError': java.lang.Object.$anonfun$overrideConfigs$5$adapted(Lscala/collection/immutable/Set;Lsbt/librarymanagement/Configuration;)Ljava/lang/Object;> (0x00000000e3479ae8) thrown at [/HUDSON/workspace/8-2-build-linux-amd
Event: 18.326 Thread 0x00007f96c000d000 Exception <a 'java/lang/NoSuchMethodError': java.lang.Object.$anonfun$mutableSetAsJavaSetConverter$1(Lscala/collection/convert/DecorateAsJava;Lscala/collection/mutable/Set;)Ljava/util/Set;> (0x00000000e34adcf0) thrown at [/HUDSON/workspace/8-2-build-linux
Event: 18.444 Thread 0x00007f96c000d000 Exception <a 'java/lang/NoSuchMethodError': java.lang.Object.$anonfun$resolveBuild$1(Lscala/Function1;Lsbt/ClasspathDep;)Lsbt/ClasspathDependency;> (0x00000000e350e818) thrown at [/HUDSON/workspace/8-2-build-linux-amd64/jdk8u191/11894/hotspot/src/share/vm
Event: 18.445 Thread 0x00007f96c000d000 Exception <a 'java/lang/NoSuchMethodError': java.lang.Object.$anonfun$uses$1(Lsbt/ClasspathDep;)Lsbt/ProjectReference;> (0x00000000e3519ba0) thrown at [/HUDSON/workspace/8-2-build-linux-amd64/jdk8u191/11894/hotspot/src/share/vm/interpreter/linkResolver.cp

Events (10 events):
Event: 18.450 loading class sbt/Project done
Event: 18.450 loading class sbt/Project
Event: 18.450 loading class sbt/Project done
Event: 18.450 loading class scala/Function1
Event: 18.450 loading class scala/Function1 done
Event: 18.451 loading class sbt/Project
Event: 18.451 loading class sbt/Project done
Event: 18.451 loading class scala/Function1
Event: 18.451 loading class scala/Function1 done
Event: 18.451 Executing VM operation: CollectForMetadataAllocation


Dynamic libraries:
00400000-00401000 r-xp 00000000 08:01 657508                             /usr/lib/jvm/jdk1.8.0_191/bin/java
00600000-00601000 r--p 00000000 08:01 657508                             /usr/lib/jvm/jdk1.8.0_191/bin/java
00601000-00602000 rw-p 00001000 08:01 657508                             /usr/lib/jvm/jdk1.8.0_191/bin/java
0228e000-022af000 rw-p 00000000 00:00 0                                  [heap]
a0000000-a4000000 rw-p 00000000 00:00 0 
a7180000-e0000000 ---p 00000000 00:00 0 
e0000000-e8800000 rw-p 00000000 00:00 0 
e8800000-100000000 ---p 00000000 00:00 0 
100000000-1007a0000 rw-p 00000000 00:00 0 
1007a0000-140000000 ---p 00000000 00:00 0 
7f965b600000-7f965b605000 rw-p 00000000 00:00 0 
7f965b605000-7f965b800000 ---p 00000000 00:00 0 
7f965b800000-7f965ba00000 rw-p 00000000 00:00 0 
7f965ba00000-7f965bc00000 rw-p 00000000 00:00 0 
7f965bc00000-7f965be00000 rw-p 00000000 00:00 0 
7f965be00000-7f965c000000 rw-p 00000000 00:00 0 
7f965c000000-7f965c021000 rw-p 00000000 00:00 0 
7f965c021000-7f9660000000 ---p 00000000 00:00 0 
7f9660000000-7f9660d82000 rw-p 00000000 00:00 0 
7f9660d82000-7f9664000000 ---p 00000000 00:00 0 
7f9664000000-7f96640a8000 rw-p 00000000 00:00 0 
7f96640a8000-7f9668000000 ---p 00000000 00:00 0 
7f9668000000-7f9668021000 rw-p 00000000 00:00 0 
7f9668021000-7f966c000000 ---p 00000000 00:00 0 
7f966c184000-7f966c384000 rw-p 00000000 00:00 0 
7f966c3ff000-7f966c5ff000 rw-p 00000000 00:00 0 
7f966c5ff000-7f966c7ff000 rw-p 00000000 00:00 0 
7f966c7ff000-7f966c9ff000 rw-p 00000000 00:00 0 
7f966c9ff000-7f966cbff000 rw-p 00000000 00:00 0 
7f966cbff000-7f966cdff000 rw-p 00000000 00:00 0 
7f966cdff000-7f966cfff000 rw-p 00000000 00:00 0 
7f966cfff000-7f9670000000 rw-p 00000000 00:00 0 
7f9670000000-7f9670dbc000 rw-p 00000000 00:00 0 
7f9670dbc000-7f9674000000 ---p 00000000 00:00 0 
7f9674000000-7f9674021000 rw-p 00000000 00:00 0 
7f9674021000-7f9678000000 ---p 00000000 00:00 0 
7f9678000000-7f967a71e000 rw-p 00000000 00:00 0 
7f967a71e000-7f967c000000 ---p 00000000 00:00 0 
7f967c000000-7f967e154000 rw-p 00000000 00:00 0 
7f967e154000-7f9680000000 ---p 00000000 00:00 0 
7f9680000000-7f9680021000 rw-p 00000000 00:00 0 
7f9680021000-7f9684000000 ---p 00000000 00:00 0 
7f9684000000-7f9684021000 rw-p 00000000 00:00 0 
7f9684021000-7f9688000000 ---p 00000000 00:00 0 
7f9688000000-7f9688021000 rw-p 00000000 00:00 0 
7f9688021000-7f968c000000 ---p 00000000 00:00 0 
7f968c000000-7f968c021000 rw-p 00000000 00:00 0 
7f968c021000-7f9690000000 ---p 00000000 00:00 0 
7f9690000000-7f969029b000 rw-p 00000000 00:00 0 
7f969029b000-7f9694000000 ---p 00000000 00:00 0 
7f9694000000-7f9694021000 rw-p 00000000 00:00 0 
7f9694021000-7f9698000000 ---p 00000000 00:00 0 
7f9698000000-7f9698021000 rw-p 00000000 00:00 0 
7f9698021000-7f969c000000 ---p 00000000 00:00 0 
7f969c110000-7f969c310000 rw-p 00000000 00:00 0 
7f969c39e000-7f969c3a3000 r--s 0003f000 08:01 1315692                    /usr/lib/jvm/jdk1.8.0_191/jre/lib/ext/sunjce_provider.jar
7f969c3a3000-7f969c3bf000 r--s 00393000 08:01 1315684                    /usr/lib/jvm/jdk1.8.0_191/jre/lib/ext/cldrdata.jar
7f969c3bf000-7f969c455000 r--s 0110e000 08:01 1315685                    /usr/lib/jvm/jdk1.8.0_191/jre/lib/ext/jfxrt.jar
7f969c455000-7f969c457000 r--s 00001000 08:01 1315683                    /usr/lib/jvm/jdk1.8.0_191/jre/lib/ext/dnsns.jar
7f969c457000-7f969c458000 r--s 0000a000 08:01 1315686                    /usr/lib/jvm/jdk1.8.0_191/jre/lib/ext/jaccess.jar
7f969c458000-7f969c45a000 r--s 00009000 08:01 1315682                    /usr/lib/jvm/jdk1.8.0_191/jre/lib/ext/sunec.jar
7f969c45a000-7f969c45b000 r--s 00010000 08:01 1315688                    /usr/lib/jvm/jdk1.8.0_191/jre/lib/ext/zipfs.jar
7f969c45b000-7f969c45f000 r--s 0003a000 08:01 1315689                    /usr/lib/jvm/jdk1.8.0_191/jre/lib/ext/sunpkcs11.jar
7f969c45f000-7f969c469000 r--s 00116000 08:01 1315691                    /usr/lib/jvm/jdk1.8.0_191/jre/lib/ext/localedata.jar
7f969c469000-7f969c46e000 r--s 00084000 08:01 1315540                    /usr/lib/jvm/jdk1.8.0_191/jre/lib/jfr.jar
7f969c46e000-7f969c473000 r--s 002f9000 08:01 1315621                    /usr/lib/jvm/jdk1.8.0_191/jre/lib/charsets.jar
7f969c473000-7f969c476000 r--s 0001a000 08:01 1315856                    /usr/lib/jvm/jdk1.8.0_191/jre/lib/jce.jar
7f969c476000-7f969c489000 r--s 00345000 08:01 1315661                    /usr/lib/jvm/jdk1.8.0_191/jre/lib/resources.jar
7f969c489000-7f969c502000 r--s 010fb000 08:01 657615                     /usr/lib/jvm/jdk1.8.0_191/lib/tools.jar
7f969c502000-7f969c505000 ---p 00000000 00:00 0 
7f969c505000-7f969c73b000 rw-p 00000000 00:00 0 
7f969c73b000-7f969c740000 r--s 000a0000 08:01 1315680                    /usr/lib/jvm/jdk1.8.0_191/jre/lib/jsse.jar
7f969c740000-7f969c940000 rw-p 00000000 00:00 0 
7f969c940000-7f969cb40000 rw-p 00000000 00:00 0 
7f969cb40000-7f969cd40000 rw-p 00000000 00:00 0 
7f969cd40000-7f969cd43000 ---p 00000000 00:00 0 
7f969cd43000-7f969d041000 rw-p 00000000 00:00 0 
7f969d041000-7f969d05c000 r--s 001d4000 08:01 1315687                    /usr/lib/jvm/jdk1.8.0_191/jre/lib/ext/nashorn.jar
7f969d05c000-7f969d25c000 rw-p 00000000 00:00 0 
7f969d25c000-7f969d264000 r-xp 00000000 08:01 1315848                    /usr/lib/jvm/jdk1.8.0_191/jre/lib/amd64/libmanagement.so
7f969d264000-7f969d464000 ---p 00008000 08:01 1315848                    /usr/lib/jvm/jdk1.8.0_191/jre/lib/amd64/libmanagement.so
7f969d464000-7f969d465000 r--p 00008000 08:01 1315848                    /usr/lib/jvm/jdk1.8.0_191/jre/lib/amd64/libmanagement.so
7f969d465000-7f969d466000 rw-p 00009000 08:01 1315848                    /usr/lib/jvm/jdk1.8.0_191/jre/lib/amd64/libmanagement.so
7f969d466000-7f969d468000 r--s 00024000 08:01 165487                     /root/.sbt/boot/scala-2.12.7/org.scala-sbt/sbt/1.2.7/zinc-apiinfo_2.12-1.2.5.jar
7f969d468000-7f969d46a000 r--s 00010000 08:01 165572                     /root/.sbt/boot/scala-2.12.7/org.scala-sbt/sbt/1.2.7/scripted-sbt-redux_2.12-1.2.7.jar
7f969d46a000-7f969d66a000 rw-p 00000000 00:00 0 
7f969d66a000-7f969d86a000 rw-p 00000000 00:00 0 
7f969d86a000-7f969d86d000 r--s 00044000 08:01 165400                     /root/.sbt/boot/scala-2.12.7/org.scala-sbt/sbt/1.2.7/command_2.12-1.2.7.jar
7f969d86d000-7f969d870000 r--s 0002a000 08:01 165538                     /root/.sbt/boot/scala-2.12.7/org.scala-sbt/sbt/1.2.7/sbinary_2.12-0.5.0.jar
7f969d870000-7f969d875000 r--s 00063000 08:01 165606                     /root/.sbt/boot/scala-2.12.7/org.scala-sbt/sbt/1.2.7/protocol_2.12-1.2.7.jar
7f969d875000-7f969d877000 r--s 0000f000 08:01 165418                     /root/.sbt/boot/scala-2.12.7/org.scala-sbt/sbt/1.2.7/util-scripted_2.12-1.2.4.jar
7f969d877000-7f969d879000 r--s 00004000 08:01 165634                     /root/.sbt/boot/scala-2.12.7/org.scala-sbt/sbt/1.2.7/ipcsocket-1.0.0.jar
7f969d879000-7f969d89c000 r--s 00350000 08:01 165499                     /root/.sbt/boot/scala-2.12.7/org.scala-sbt/sbt/1.2.7/scala-reflect-2.12.7.jar
7f969d89c000-7f969d8a0000 r--s 00013000 08:01 165421                     /root/.sbt/boot/scala-2.12.7/org.scala-sbt/sbt/1.2.7/compiler-interface-1.2.5.jar
7f969d8a0000-7f969d8a1000 r--s 00000000 08:01 165475                     /root/.sbt/boot/scala-2.12.7/org.scala-sbt/sbt/1.2.7/template-resolver-0.1.jar
7f969d8a1000-7f969d8a2000 r--s 0000c000 08:01 165397                     /root/.sbt/boot/scala-2.12.7/org.scala-sbt/sbt/1.2.7/zinc-classfile_2.12-1.2.5.jar
7f969d8a2000-7f969d8a5000 r--s 00026000 08:01 165395                     /root/.sbt/boot/scala-2.12.7/org.scala-sbt/sbt/1.2.7/gigahorse-core_2.12-0.3.0.jar
7f969d8a5000-7f969d8a8000 r--s 0003d000 08:01 165545                     /root/.sbt/boot/scala-2.12.7/org.scala-sbt/sbt/1.2.7/completion_2.12-1.2.7.jar
7f969d8a8000-7f969d8a9000 r--s 00011000 08:01 165515                     /root/.sbt/boot/scala-2.12.7/org.scala-sbt/sbt/1.2.7/run_2.12-1.2.7.jar
7f969d8a9000-7f969d8ab000 r--s 0000f000 08:01 165542                     /root/.sbt/boot/scala-2.12.7/org.scala-sbt/sbt/1.2.7/shaded-scalajson_2.12-1.0.0-M4.jar
7f969d8ab000-7f969d8b1000 r--s 0005b000 08:01 165497                     /root/.sbt/boot/scala-2.12.7/org.scala-sbt/sbt/1.2.7/okhttp-3.7.0.jar
7f969d8b1000-7f969d8b4000 r--s 00012000 08:01 165592                     /root/.sbt/boot/scala-2.12.7/org.scala-sbt/sbt/1.2.7/disruptor-3.4.2.jar
7f969d8b4000-7f969d8b6000 r--s 00002000 08:01 165425                     /root/.sbt/boot/scala-2.12.7/org.scala-sbt/sbt/1.2.7/util-control_2.12-1.2.4.jar
7f969d8b6000-7f969d8b9000 r--s 0001c000 08:01 165451                     /root/.sbt/boot/scala-2.12.7/org.scala-sbt/sbt/1.2.7/scalacache-core_2.12-0.20.0.jar
7f969d8b9000-7f969d8c6000 r--s 001b1000 08:01 165526                     /root/.sbt/boot/scala-2.12.7/org.scala-sbt/sbt/1.2.7/zinc-persist_2.12-1.2.5.jar
7f969d8c6000-7f969d8c7000 r--s 0000b000 08:01 165524                     /root/.sbt/boot/scala-2.12.7/org.scala-sbt/sbt/1.2.7/zinc-ivy-integration_2.12-1.2.5.jar
7f969d8c7000-7f969d8c8000 r--s 00007000 08:01 165600                     /root/.sbt/boot/scala-2.12.7/org.scala-sbt/sbt/1.2.7/okhttp-urlconnection-3.7.0.jar
7f969d8c8000-7f969d8c9000 r--s 00009000 08:01 165477                     /root/.sbt/boot/scala-2.12.7/org.scala-sbt/sbt/1.2.7/gigahorse-okhttp_2.12-0.3.0.jar
7f969d8c9000-7f969d8cb000 r--s 0000e000 08:01 165541                     /root/.sbt/boot/scala-2.12.7/org.scala-sbt/sbt/1.2.7/fastparse-utils_2.12-0.4.2.jar
7f969d8cb000-7f969d8cc000 r--s 00001000 08:01 165427                     /root/.sbt/boot/scala-2.12.7/org.scala-sbt/sbt/1.2.7/sjson-new-murmurhash_2.12-0.8.2.jar
7f969d8cc000-7f969d8ce000 r--s 00008000 08:01 165514                     /root/.sbt/boot/scala-2.12.7/org.scala-sbt/sbt/1.2.7/sjson-new-scalajson_2.12-0.8.2.jar
7f969d8ce000-7f969d8d0000 r--s 00012000 08:01 165539                     /root/.sbt/boot/scala-2.12.7/org.scala-sbt/sbt/1.2.7/okio-1.12.0.jar
7f969d8d0000-7f969d8d3000 r--s 00034000 08:01 165523                     /root/.sbt/boot/scala-2.12.7/org.scala-sbt/sbt/1.2.7/zinc-compile-core_2.12-1.2.5.jar
7f969d8d3000-7f969d8e8000 r--s 00101000 08:01 165627                     /root/.sbt/boot/scala-2.12.7/org.scala-sbt/sbt/1.2.7/ivy-2.3.0-sbt-b18f59ea3bc914a297bb6f1a4f7fb0ace399e310.jar
7f969d8e8000-7f969d8ea000 r--s 0002f000 08:01 165450                     /root/.sbt/boot/scala-2.12.7/org.scala-sbt/sbt/1.2.7/util-cache_2.12-1.2.4.jar
7f969d8ea000-7f969d8ee000 r--s 00038000 08:01 165599                     /root/.sbt/boot/scala-2.12.7/org.scala-sbt/sbt/1.2.7/ssl-config-core_2.12-0.2.2.jar
7f969d8ee000-7f969d8ef000 r--s 00005000 08:01 165490                     /root/.sbt/boot/scala-2.12.7/org.scala-sbt/sbt/1.2.7/test-agent-1.2.7.jar
7f969d8ef000-7f969d8fc000 r--s 001a6000 08:01 165506                     /root/.sbt/boot/scala-2.12.7/org.scala-sbt/sbt/1.2.7/scalapb-runtime_2.12-0.6.0.jar
7f969d8fc000-7f969d8fd000 r--s 00002000 08:01 165406                     /root/.sbt/boot/scala-2.12.7/org.scala-sbt/sbt/1.2.7/launcher-interface-1.0.4.jar
7f969d8fd000-7f969d8ff000 r--s 0000e000 08:01 165464                     /root/.sbt/boot/scala-2.12.7/org.scala-sbt/sbt/1.2.7/zinc_2.12-1.2.5.jar
7f969d8ff000-7f969d900000 r--s 00003000 08:01 165543                     /root/.sbt/boot/scala-2.12.7/org.scala-sbt/sbt/1.2.7/zinc-compile_2.12-1.2.5.jar
7f969d900000-7f969d903000 r--s 0002e000 08:01 165635                     /root/.sbt/boot/scala-2.12.7/org.scala-sbt/sbt/1.2.7/testing_2.12-1.2.7.jar
7f969d903000-7f969db03000 rw-p 00000000 00:00 0 
7f969db03000-7f969db0e000 r--s 001c3000 08:01 165408                     /root/.sbt/boot/scala-2.12.7/org.scala-sbt/sbt/1.2.7/main_2.12-1.2.7.jar
7f969db0e000-7f969db10000 r--s 00012000 08:01 165473                     /root/.sbt/boot/scala-2.12.7/org.scala-sbt/sbt/1.2.7/tasks_2.12-1.2.7.jar
7f969db10000-7f969db15000 r--s 00040000 08:01 165493                     /root/.sbt/boot/scala-2.12.7/org.scala-sbt/sbt/1.2.7/jsch-0.1.54.jar
7f969db15000-7f969db17000 r--s 00002000 08:01 165544                     /root/.sbt/boot/scala-2.12.7/org.scala-sbt/sbt/1.2.7/test-interface-1.0.jar
7f969db17000-7f969db19000 r--s 00009000 08:01 165614                     /root/.sbt/boot/scala-2.12.7/org.scala-sbt/sbt/1.2.7/slf4j-api-1.7.25.jar
7f969db19000-7f969db1b000 r--s 00007000 08:01 165467                     /root/.sbt/boot/scala-2.12.7/org.scala-sbt/sbt/1.2.7/lenses_2.12-0.4.12.jar
7f969db1b000-7f969db1f000 r--s 00030000 08:01 165621                     /root/.sbt/boot/scala-2.12.7/org.scala-sbt/sbt/1.2.7/scala-parser-combinators_2.12-1.0.5.jar
7f969db1f000-7f969db2e000 r--s 0013d000 08:01 165409                     /root/.sbt/boot/scala-2.12.7/org.scala-sbt/sbt/1.2.7/protobuf-java-3.3.1.jar
7f969db2e000-7f969db30000 r--s 00019000 08:01 165388                     /root/.sbt/boot/scala-2.12.7/org.scala-sbt/sbt/1.2.7/sourcecode_2.12-0.1.3.jar
7f969db30000-7f969db34000 r--s 0003e000 08:01 165620                     /root/.sbt/boot/scala-2.12.7/org.scala-sbt/sbt/1.2.7/jline-2.14.6.jar
7f969db34000-7f969db36000 r--s 0000b000 08:01 165527                     /root/.sbt/boot/scala-2.12.7/org.scala-sbt/sbt/1.2.7/logic_2.12-1.2.7.jar
7f969db36000-7f969db37000 r--s 00003000 08:01 165396                     /root/.sbt/boot/scala-2.12.7/org.scala-sbt/sbt/1.2.7/util-relation_2.12-1.2.4.jar
7f969db37000-7f969db3b000 r--s 00052000 08:01 165536                     /root/.sbt/boot/scala-2.12.7/org.scala-sbt/sbt/1.2.7/zinc-core_2.12-1.2.5.jar
7f969db3b000-7f969db3d000 r--s 00019000 08:01 165442                     /root/.sbt/boot/scala-2.12.7/org.scala-sbt/sbt/1.2.7/task-system_2.12-1.2.7.jar
7f969db3d000-7f969db53000 r--s 000e0000 08:01 165504                     /root/.sbt/boot/scala-2.12.7/org.scala-sbt/sbt/1.2.7/caffeine-2.5.6.jar
7f969db53000-7f969db56000 r--s 0003a000 08:01 165410                     /root/.sbt/boot/scala-2.12.7/org.scala-sbt/sbt/1.2.7/util-logging_2.12-1.2.4.jar
7f969db56000-7f969db59000 r--s 00031000 08:01 165387                     /root/.sbt/boot/scala-2.12.7/org.scala-sbt/sbt/1.2.7/compiler-bridge_2.12-1.2.5.jar
7f969db59000-7f969db60000 r--s 00091000 08:01 165393                     /root/.sbt/boot/scala-2.12.7/org.scala-sbt/sbt/1.2.7/main-settings_2.12-1.2.7.jar
7f969db60000-7f969db62000 r--s 00031000 08:01 165478                     /root/.sbt/boot/scala-2.12.7/org.scala-sbt/sbt/1.2.7/actions_2.12-1.2.7.jar
7f969db62000-7f969db68000 r--s 000bb000 08:01 165574                     /root/.sbt/boot/scala-2.12.7/org.scala-sbt/sbt/1.2.7/sjson-new-core_2.12-0.8.2.jar
7f969db68000-7f969db6c000 r--s 0004c000 08:01 165585                     /root/.sbt/boot/scala-2.12.7/org.scala-sbt/sbt/1.2.7/collections_2.12-1.2.7.jar
7f969db6c000-7f969db72000 r--s 00080000 08:01 165417                     /root/.sbt/boot/scala-2.12.7/org.scala-sbt/sbt/1.2.7/scala-xml_2.12-1.0.6.jar
7f969db72000-7f969db77000 r--s 00031000 08:01 165571                     /root/.sbt/boot/scala-2.12.7/org.scala-sbt/sbt/1.2.7/config-1.2.0.jar
7f969db77000-7f969db81000 r--s 000b6000 08:01 165401                     /root/.sbt/boot/scala-2.12.7/org.scala-sbt/sbt/1.2.7/librarymanagement-core_2.12-1.2.3.jar
7f969db81000-7f969db9b000 r--s 0021e000 08:01 165468                     /root/.sbt/boot/scala-2.12.7/org.scala-sbt/sbt/1.2.7/jna-platform-4.5.0.jar
7f969db9b000-7f969dbbc000 r--s 00168000 08:01 165415                     /root/.sbt/boot/scala-2.12.7/org.scala-sbt/sbt/1.2.7/log4j-core-2.11.1.jar
7f969dbbc000-7f969dbcd000 r-xp 00000000 08:01 1315843                    /usr/lib/jvm/jdk1.8.0_191/jre/lib/amd64/libnio.so
7f969dbcd000-7f969ddcc000 ---p 00011000 08:01 1315843                    /usr/lib/jvm/jdk1.8.0_191/jre/lib/amd64/libnio.so
7f969ddcc000-7f969ddcd000 r--p 00010000 08:01 1315843                    /usr/lib/jvm/jdk1.8.0_191/jre/lib/amd64/libnio.so
7f969ddcd000-7f969ddce000 rw-p 00011000 08:01 1315843                    /usr/lib/jvm/jdk1.8.0_191/jre/lib/amd64/libnio.so
7f969ddce000-7f969dde4000 r-xp 00000000 08:01 1315840                    /usr/lib/jvm/jdk1.8.0_191/jre/lib/amd64/libnet.so
7f969dde4000-7f969dfe3000 ---p 00016000 08:01 1315840                    /usr/lib/jvm/jdk1.8.0_191/jre/lib/amd64/libnet.so
7f969dfe3000-7f969dfe4000 r--p 00015000 08:01 1315840                    /usr/lib/jvm/jdk1.8.0_191/jre/lib/amd64/libnet.so
7f969dfe4000-7f969dfe5000 rw-p 00016000 08:01 1315840                    /usr/lib/jvm/jdk1.8.0_191/jre/lib/amd64/libnet.so
7f969dfe5000-7f969dfe6000 ---p 00000000 00:00 0 
7f969dfe6000-7f969e0e6000 rw-p 00000000 00:00 0 
7f969e0e6000-7f969e0e9000 ---p 00000000 00:00 0 
7f969e0e9000-7f969e1e7000 rw-p 00000000 00:00 0 
7f969e1e7000-7f969e1ea000 ---p 00000000 00:00 0 
7f969e1ea000-7f969e2e8000 rw-p 00000000 00:00 0 
7f969e2e8000-7f969e2eb000 ---p 00000000 00:00 0 
7f969e2eb000-7f969e3e9000 rw-p 00000000 00:00 0 
7f969e3e9000-7f969e3ec000 ---p 00000000 00:00 0 
7f969e3ec000-7f969e4ea000 rw-p 00000000 00:00 0 
7f969e4ea000-7f969e4ed000 ---p 00000000 00:00 0 
7f969e4ed000-7f969e5eb000 rw-p 00000000 00:00 0 
7f969e5eb000-7f969e5ee000 ---p 00000000 00:00 0 
7f969e5ee000-7f969e6ec000 rw-p 00000000 00:00 0 
7f969e6ec000-7f969e6f0000 r-xp 00000000 08:01 1315803                    /usr/lib/jvm/jdk1.8.0_191/jre/lib/amd64/libdt_socket.so
7f969e6f0000-7f969e8ef000 ---p 00004000 08:01 1315803                    /usr/lib/jvm/jdk1.8.0_191/jre/lib/amd64/libdt_socket.so
7f969e8ef000-7f969e8f0000 r--p 00003000 08:01 1315803                    /usr/lib/jvm/jdk1.8.0_191/jre/lib/amd64/libdt_socket.so
7f969e8f0000-7f969e8f1000 rw-p 00004000 08:01 1315803                    /usr/lib/jvm/jdk1.8.0_191/jre/lib/amd64/libdt_socket.so
7f969e8f1000-7f969e8f4000 ---p 00000000 00:00 0 
7f969e8f4000-7f969e9f2000 rw-p 00000000 00:00 0 
7f969e9f2000-7f969e9f5000 ---p 00000000 00:00 0 
7f969e9f5000-7f969eaf3000 rw-p 00000000 00:00 0 
7f969eaf3000-7f969eaf6000 ---p 00000000 00:00 0 
7f969eaf6000-7f969ebf4000 rw-p 00000000 00:00 0 
7f969ebf4000-7f969ebf5000 ---p 00000000 00:00 0 
7f969ebf5000-7f96a0000000 rw-p 00000000 00:00 0 
7f96a0000000-7f96a0021000 rw-p 00000000 00:00 0 
7f96a0021000-7f96a4000000 ---p 00000000 00:00 0 
7f96a4000000-7f96a4021000 rw-p 00000000 00:00 0 
7f96a4021000-7f96a8000000 ---p 00000000 00:00 0 
7f96a8000000-7f96a8021000 rw-p 00000000 00:00 0 
7f96a8021000-7f96ac000000 ---p 00000000 00:00 0 
7f96ac000000-7f96ac006000 r--s 0003b000 08:01 165558                     /root/.sbt/boot/scala-2.12.7/org.scala-sbt/sbt/1.2.7/log4j-api-2.11.1.jar
7f96ac006000-7f96ac055000 r--s 009b0000 08:01 165648                     /root/.sbt/boot/scala-2.12.7/lib/scala-compiler.jar
7f96ac055000-7f96ac08c000 r--s 004d2000 08:01 165642                     /root/.sbt/boot/scala-2.12.7/lib/scala-library.jar
7f96ac08c000-7f96ac490000 rw-p 00000000 00:00 0 
7f96ac490000-7f96ac66a000 r--s 03d6c000 08:01 1315623                    /usr/lib/jvm/jdk1.8.0_191/jre/lib/rt.jar
7f96ac66a000-7f96af9e0000 rw-p 00000000 00:00 0 
7f96af9e0000-7f96af9e1000 ---p 00000000 00:00 0 
7f96af9e1000-7f96afae1000 rw-p 00000000 00:00 0 
7f96afae1000-7f96afae2000 ---p 00000000 00:00 0 
7f96afae2000-7f96afbe2000 rw-p 00000000 00:00 0 
7f96afbe2000-7f96afbe3000 ---p 00000000 00:00 0 
7f96afbe3000-7f96afd03000 rw-p 00000000 00:00 0 
7f96afd03000-7f96afee3000 ---p 00000000 00:00 0 
7f96afee3000-7f96aff03000 rw-p 00000000 00:00 0 
7f96aff03000-7f96b00e3000 ---p 00000000 00:00 0 
7f96b00e3000-7f96b0127000 rw-p 00000000 00:00 0 
7f96b0127000-7f96b01e3000 ---p 00000000 00:00 0 
7f96b01e3000-7f96b0215000 rw-p 00000000 00:00 0 
7f96b0215000-7f96b05a4000 ---p 00000000 00:00 0 
7f96b05a4000-7f96b11b4000 rwxp 00000000 00:00 0 
7f96b11b4000-7f96bf5a4000 ---p 00000000 00:00 0 
7f96bf5a4000-7f96bf5be000 r-xp 00000000 08:01 1315836                    /usr/lib/jvm/jdk1.8.0_191/jre/lib/amd64/libzip.so
7f96bf5be000-7f96bf7be000 ---p 0001a000 08:01 1315836                    /usr/lib/jvm/jdk1.8.0_191/jre/lib/amd64/libzip.so
7f96bf7be000-7f96bf7bf000 r--p 0001a000 08:01 1315836                    /usr/lib/jvm/jdk1.8.0_191/jre/lib/amd64/libzip.so
7f96bf7bf000-7f96bf7c0000 rw-p 0001b000 08:01 1315836                    /usr/lib/jvm/jdk1.8.0_191/jre/lib/amd64/libzip.so
7f96bf7c0000-7f96bf7cb000 r-xp 00000000 08:01 397866                     /lib/x86_64-linux-gnu/libnss_files-2.23.so
7f96bf7cb000-7f96bf9ca000 ---p 0000b000 08:01 397866                     /lib/x86_64-linux-gnu/libnss_files-2.23.so
7f96bf9ca000-7f96bf9cb000 r--p 0000a000 08:01 397866                     /lib/x86_64-linux-gnu/libnss_files-2.23.so
7f96bf9cb000-7f96bf9cc000 rw-p 0000b000 08:01 397866                     /lib/x86_64-linux-gnu/libnss_files-2.23.so
7f96bf9cc000-7f96bf9d2000 rw-p 00000000 00:00 0 
7f96bf9d2000-7f96bf9dd000 r-xp 00000000 08:01 397876                     /lib/x86_64-linux-gnu/libnss_nis-2.23.so
7f96bf9dd000-7f96bfbdc000 ---p 0000b000 08:01 397876                     /lib/x86_64-linux-gnu/libnss_nis-2.23.so
7f96bfbdc000-7f96bfbdd000 r--p 0000a000 08:01 397876                     /lib/x86_64-linux-gnu/libnss_nis-2.23.so
7f96bfbdd000-7f96bfbde000 rw-p 0000b000 08:01 397876                     /lib/x86_64-linux-gnu/libnss_nis-2.23.so
7f96bfbde000-7f96bfbf4000 r-xp 00000000 08:01 397860                     /lib/x86_64-linux-gnu/libnsl-2.23.so
7f96bfbf4000-7f96bfdf3000 ---p 00016000 08:01 397860                     /lib/x86_64-linux-gnu/libnsl-2.23.so
7f96bfdf3000-7f96bfdf4000 r--p 00015000 08:01 397860                     /lib/x86_64-linux-gnu/libnsl-2.23.so
7f96bfdf4000-7f96bfdf5000 rw-p 00016000 08:01 397860                     /lib/x86_64-linux-gnu/libnsl-2.23.so
7f96bfdf5000-7f96bfdf7000 rw-p 00000000 00:00 0 
7f96bfdf7000-7f96bfdff000 r-xp 00000000 08:01 397862                     /lib/x86_64-linux-gnu/libnss_compat-2.23.so
7f96bfdff000-7f96bfffe000 ---p 00008000 08:01 397862                     /lib/x86_64-linux-gnu/libnss_compat-2.23.so
7f96bfffe000-7f96bffff000 r--p 00007000 08:01 397862                     /lib/x86_64-linux-gnu/libnss_compat-2.23.so
7f96bffff000-7f96c0000000 rw-p 00008000 08:01 397862                     /lib/x86_64-linux-gnu/libnss_compat-2.23.so
7f96c0000000-7f96c3fff000 rw-p 00000000 00:00 0 
7f96c3fff000-7f96c4000000 ---p 00000000 00:00 0 
7f96c4000000-7f96c4001000 r--s 00005000 08:01 165476                     /root/.sbt/boot/scala-2.12.7/org.scala-sbt/sbt/1.2.7/log4j-slf4j-impl-2.11.1.jar
7f96c4001000-7f96c4002000 r--s 0000f000 08:01 165613                     /root/.sbt/boot/scala-2.12.7/org.scala-sbt/sbt/1.2.7/sbt-1.2.7.jar
7f96c4002000-7f96c4004000 r--s 00011000 08:01 165502                     /root/.sbt/boot/scala-2.12.7/org.scala-sbt/sbt/1.2.7/zinc-classpath_2.12-1.2.5.jar
7f96c4004000-7f96c4027000 r--s 00350000 08:01 165649                     /root/.sbt/boot/scala-2.12.7/lib/scala-reflect.jar
7f96c4027000-7f96c4043000 r--s 0010e000 08:01 294671                     /root/.IntelliJIdea2018.2/config/plugins/Scala/launcher/sbt-launch.jar
7f96c4043000-7f96c4044000 ---p 00000000 00:00 0 
7f96c4044000-7f96c4144000 rw-p 00000000 00:00 0 
7f96c4144000-7f96c4b03000 r--p 00000000 08:01 139734                     /usr/lib/locale/locale-archive
7f96c4b03000-7f96c4b05000 r-xp 00000000 08:01 1315805                    /usr/lib/jvm/jdk1.8.0_191/jre/lib/amd64/libnpt.so
7f96c4b05000-7f96c4d05000 ---p 00002000 08:01 1315805                    /usr/lib/jvm/jdk1.8.0_191/jre/lib/amd64/libnpt.so
7f96c4d05000-7f96c4d06000 r--p 00002000 08:01 1315805                    /usr/lib/jvm/jdk1.8.0_191/jre/lib/amd64/libnpt.so
7f96c4d06000-7f96c4d07000 rw-p 00003000 08:01 1315805                    /usr/lib/jvm/jdk1.8.0_191/jre/lib/amd64/libnpt.so
7f96c4d07000-7f96c4d41000 r-xp 00000000 08:01 1315823                    /usr/lib/jvm/jdk1.8.0_191/jre/lib/amd64/libjdwp.so
7f96c4d41000-7f96c4f40000 ---p 0003a000 08:01 1315823                    /usr/lib/jvm/jdk1.8.0_191/jre/lib/amd64/libjdwp.so
7f96c4f40000-7f96c4f41000 r--p 00039000 08:01 1315823                    /usr/lib/jvm/jdk1.8.0_191/jre/lib/amd64/libjdwp.so
7f96c4f41000-7f96c4f42000 rw-p 0003a000 08:01 1315823                    /usr/lib/jvm/jdk1.8.0_191/jre/lib/amd64/libjdwp.so
7f96c4f42000-7f96c4f6f000 r-xp 00000000 08:01 1315830                    /usr/lib/jvm/jdk1.8.0_191/jre/lib/amd64/libjava.so
7f96c4f6f000-7f96c516e000 ---p 0002d000 08:01 1315830                    /usr/lib/jvm/jdk1.8.0_191/jre/lib/amd64/libjava.so
7f96c516e000-7f96c516f000 r--p 0002c000 08:01 1315830                    /usr/lib/jvm/jdk1.8.0_191/jre/lib/amd64/libjava.so
7f96c516f000-7f96c5171000 rw-p 0002d000 08:01 1315830                    /usr/lib/jvm/jdk1.8.0_191/jre/lib/amd64/libjava.so
7f96c5171000-7f96c517e000 r-xp 00000000 08:01 1315835                    /usr/lib/jvm/jdk1.8.0_191/jre/lib/amd64/libverify.so
7f96c517e000-7f96c537d000 ---p 0000d000 08:01 1315835                    /usr/lib/jvm/jdk1.8.0_191/jre/lib/amd64/libverify.so
7f96c537d000-7f96c537f000 r--p 0000c000 08:01 1315835                    /usr/lib/jvm/jdk1.8.0_191/jre/lib/amd64/libverify.so
7f96c537f000-7f96c5380000 rw-p 0000e000 08:01 1315835                    /usr/lib/jvm/jdk1.8.0_191/jre/lib/amd64/libverify.so
7f96c5380000-7f96c5387000 r-xp 00000000 08:01 397921                     /lib/x86_64-linux-gnu/librt-2.23.so
7f96c5387000-7f96c5586000 ---p 00007000 08:01 397921                     /lib/x86_64-linux-gnu/librt-2.23.so
7f96c5586000-7f96c5587000 r--p 00006000 08:01 397921                     /lib/x86_64-linux-gnu/librt-2.23.so
7f96c5587000-7f96c5588000 rw-p 00007000 08:01 397921                     /lib/x86_64-linux-gnu/librt-2.23.so
7f96c5588000-7f96c5690000 r-xp 00000000 08:01 397837                     /lib/x86_64-linux-gnu/libm-2.23.so
7f96c5690000-7f96c588f000 ---p 00108000 08:01 397837                     /lib/x86_64-linux-gnu/libm-2.23.so
7f96c588f000-7f96c5890000 r--p 00107000 08:01 397837                     /lib/x86_64-linux-gnu/libm-2.23.so
7f96c5890000-7f96c5891000 rw-p 00108000 08:01 397837                     /lib/x86_64-linux-gnu/libm-2.23.so
7f96c5891000-7f96c6573000 r-xp 00000000 08:01 1315812                    /usr/lib/jvm/jdk1.8.0_191/jre/lib/amd64/server/libjvm.so
7f96c6573000-7f96c6773000 ---p 00ce2000 08:01 1315812                    /usr/lib/jvm/jdk1.8.0_191/jre/lib/amd64/server/libjvm.so
7f96c6773000-7f96c6809000 r--p 00ce2000 08:01 1315812                    /usr/lib/jvm/jdk1.8.0_191/jre/lib/amd64/server/libjvm.so
7f96c6809000-7f96c683a000 rw-p 00d78000 08:01 1315812                    /usr/lib/jvm/jdk1.8.0_191/jre/lib/amd64/server/libjvm.so
7f96c683a000-7f96c6875000 rw-p 00000000 00:00 0 
7f96c6875000-7f96c6a35000 r-xp 00000000 08:01 397767                     /lib/x86_64-linux-gnu/libc-2.23.so
7f96c6a35000-7f96c6c35000 ---p 001c0000 08:01 397767                     /lib/x86_64-linux-gnu/libc-2.23.so
7f96c6c35000-7f96c6c39000 r--p 001c0000 08:01 397767                     /lib/x86_64-linux-gnu/libc-2.23.so
7f96c6c39000-7f96c6c3b000 rw-p 001c4000 08:01 397767                     /lib/x86_64-linux-gnu/libc-2.23.so
7f96c6c3b000-7f96c6c3f000 rw-p 00000000 00:00 0 
7f96c6c3f000-7f96c6c42000 r-xp 00000000 08:01 397791                     /lib/x86_64-linux-gnu/libdl-2.23.so
7f96c6c42000-7f96c6e41000 ---p 00003000 08:01 397791                     /lib/x86_64-linux-gnu/libdl-2.23.so
7f96c6e41000-7f96c6e42000 r--p 00002000 08:01 397791                     /lib/x86_64-linux-gnu/libdl-2.23.so
7f96c6e42000-7f96c6e43000 rw-p 00003000 08:01 397791                     /lib/x86_64-linux-gnu/libdl-2.23.so
7f96c6e43000-7f96c6e5a000 r-xp 00000000 08:01 1315490                    /usr/lib/jvm/jdk1.8.0_191/lib/amd64/jli/libjli.so
7f96c6e5a000-7f96c7059000 ---p 00017000 08:01 1315490                    /usr/lib/jvm/jdk1.8.0_191/lib/amd64/jli/libjli.so
7f96c7059000-7f96c705a000 r--p 00016000 08:01 1315490                    /usr/lib/jvm/jdk1.8.0_191/lib/amd64/jli/libjli.so
7f96c705a000-7f96c705b000 rw-p 00017000 08:01 1315490                    /usr/lib/jvm/jdk1.8.0_191/lib/amd64/jli/libjli.so
7f96c705b000-7f96c7073000 r-xp 00000000 08:01 397913                     /lib/x86_64-linux-gnu/libpthread-2.23.so
7f96c7073000-7f96c7272000 ---p 00018000 08:01 397913                     /lib/x86_64-linux-gnu/libpthread-2.23.so
7f96c7272000-7f96c7273000 r--p 00017000 08:01 397913                     /lib/x86_64-linux-gnu/libpthread-2.23.so
7f96c7273000-7f96c7274000 rw-p 00018000 08:01 397913                     /lib/x86_64-linux-gnu/libpthread-2.23.so
7f96c7274000-7f96c7278000 rw-p 00000000 00:00 0 
7f96c7278000-7f96c729e000 r-xp 00000000 08:01 397739                     /lib/x86_64-linux-gnu/ld-2.23.so
7f96c729e000-7f96c72a0000 r--s 00011000 08:01 165528                     /root/.sbt/boot/scala-2.12.7/org.scala-sbt/sbt/1.2.7/jawn-parser_2.12-0.10.4.jar
7f96c72a0000-7f96c72a1000 r--s 00000000 08:01 165560                     /root/.sbt/boot/scala-2.12.7/org.scala-sbt/sbt/1.2.7/util-interface-1.2.4.jar
7f96c72a1000-7f96c72a2000 r--s 00005000 08:01 165466                     /root/.sbt/boot/scala-2.12.7/org.scala-sbt/sbt/1.2.7/apple-file-events-1.3.2.jar
7f96c72a2000-7f96c72a3000 r--s 00001000 08:01 165607                     /root/.sbt/boot/scala-2.12.7/org.scala-sbt/sbt/1.2.7/scalacache-caffeine_2.12-0.20.0.jar
7f96c72a3000-7f96c72a5000 r--s 00007000 08:01 165529                     /root/.sbt/boot/scala-2.12.7/org.scala-sbt/sbt/1.2.7/util-tracking_2.12-1.2.4.jar
7f96c72a5000-7f96c72a7000 r--s 00012000 08:01 165459                     /root/.sbt/boot/scala-2.12.7/org.scala-sbt/sbt/1.2.7/core-macros_2.12-1.2.7.jar
7f96c72a7000-7f96c72ab000 r--s 00049000 08:01 165420                     /root/.sbt/boot/scala-2.12.7/org.scala-sbt/sbt/1.2.7/io_2.12-1.2.2.jar
7f96c72ab000-7f96c72af000 r--s 00047000 08:01 165641                     /root/.sbt/boot/scala-2.12.7/org.scala-sbt/sbt/1.2.7/fastparse_2.12-0.4.2.jar
7f96c72af000-7f96c72b3000 r--s 0015c000 08:01 165628                     /root/.sbt/boot/scala-2.12.7/org.scala-sbt/sbt/1.2.7/jna-4.5.0.jar
7f96c72b3000-7f96c72b8000 r--s 00095000 08:01 165505                     /root/.sbt/boot/scala-2.12.7/org.scala-sbt/sbt/1.2.7/librarymanagement-ivy_2.12-1.2.3.jar
7f96c72b8000-7f96c7380000 rw-p 00000000 00:00 0 
7f96c7380000-7f96c7383000 ---p 00000000 00:00 0 
7f96c7383000-7f96c7486000 rw-p 00000000 00:00 0 
7f96c7486000-7f96c7487000 r--s 00006000 08:01 165492                     /root/.sbt/boot/scala-2.12.7/org.scala-sbt/sbt/1.2.7/util-position_2.12-1.2.4.jar
7f96c7487000-7f96c7488000 r--s 00000000 08:01 165573                     /root/.sbt/boot/scala-2.12.7/org.scala-sbt/sbt/1.2.7/reactive-streams-1.0.0.jar
7f96c7488000-7f96c7489000 r--s 00000000 08:01 165443                     /root/.sbt/boot/scala-2.12.7/org.scala-sbt/sbt/1.2.7/scripted-plugin_2.12-1.2.7.jar
7f96c7489000-7f96c748d000 r--s 0003e000 08:01 165651                     /root/.sbt/boot/scala-2.12.7/lib/jline.jar
7f96c748d000-7f96c7493000 r--s 00080000 08:01 165646                     /root/.sbt/boot/scala-2.12.7/lib/scala-xml_2.12.jar
7f96c7493000-7f96c749b000 rw-s 00000000 08:01 1111579                    /tmp/hsperfdata_root/12481
7f96c749b000-7f96c749c000 rw-p 00000000 00:00 0 
7f96c749c000-7f96c749d000 ---p 00000000 00:00 0 
7f96c749d000-7f96c749e000 r--p 00025000 08:01 397739                     /lib/x86_64-linux-gnu/ld-2.23.so
7f96c749e000-7f96c749f000 rw-p 00026000 08:01 397739                     /lib/x86_64-linux-gnu/ld-2.23.so
7f96c749f000-7f96c74a0000 rw-p 00000000 00:00 0 
7ffd76a77000-7ffd76a98000 rw-p 00000000 00:00 0                          [stack]
7ffd76a9b000-7ffd76a9e000 r--p 00000000 00:00 0                          [vvar]
7ffd76a9e000-7ffd76aa0000 r-xp 00000000 00:00 0                          [vdso]
ffffffffff600000-ffffffffff601000 r-xp 00000000 00:00 0                  [vsyscall]

VM Arguments:
jvm_args: -agentlib:jdwp=transport=dt_socket,address=localhost:39299,suspend=n,server=y -Xdebug -Xmx1536M -Didea.managed=true -Dfile.encoding=UTF-8 -Didea.runid=2018.2 
java_command: /root/.IntelliJIdea2018.2/config/plugins/Scala/launcher/sbt-launch.jar idea-shell
java_class_path (initial): /root/.IntelliJIdea2018.2/config/plugins/Scala/launcher/sbt-launch.jar
Launcher Type: SUN_STANDARD

Environment Variables:
JAVA_HOME=/usr/lib/jvm/jdk1.8.0_191
JRE_HOME=/usr/lib/jvm/jdk1.8.0_191/jre
CLASSPATH=/usr/lib/ideadIU/idea-IU-182.4892.20/lib/bootstrap.jar:/usr/lib/ideadIU/idea-IU-182.4892.20/lib/extensions.jar:/usr/lib/ideadIU/idea-IU-182.4892.20/lib/util.jar:/usr/lib/ideadIU/idea-IU-182.4892.20/lib/jdom.jar:/usr/lib/ideadIU/idea-IU-182.4892.20/lib/log4j.jar:/usr/lib/ideadIU/idea-IU-182.4892.20/lib/trove4j.jar:/usr/lib/ideadIU/idea-IU-182.4892.20/lib/jna.jar:/usr/lib/ideadIU/idea-IU-182.4892.20/jre64/lib/tools.jar
PATH=/usr/lib/jvm/jdk1.8.0_191/bin:/usr/share/scala-2.11/bin:/usr/local/sbin:/usr/local/bin:/usr/sbin:/usr/bin:/sbin:/bin:/usr/games:/usr/local/games:/snap/bin:/usr/local/go/bin:/root/ideaProject/work/golang_pro/bin
SHELL=/bin/bash
DISPLAY=:0

Signal Handlers:
SIGSEGV: [libjvm.so+0xaced60], sa_mask[0]=11111111011111111101111111111110, sa_flags=SA_RESTART|SA_SIGINFO
SIGBUS: [libjvm.so+0xaced60], sa_mask[0]=11111111011111111101111111111110, sa_flags=SA_RESTART|SA_SIGINFO
SIGFPE: [libjvm.so+0x907ca0], sa_mask[0]=11111111011111111101111111111110, sa_flags=SA_RESTART|SA_SIGINFO
SIGPIPE: [libjvm.so+0x907ca0], sa_mask[0]=11111111011111111101111111111110, sa_flags=SA_RESTART|SA_SIGINFO
SIGXFSZ: [libjvm.so+0x907ca0], sa_mask[0]=11111111011111111101111111111110, sa_flags=SA_RESTART|SA_SIGINFO
SIGILL: [libjvm.so+0x907ca0], sa_mask[0]=11111111011111111101111111111110, sa_flags=SA_RESTART|SA_SIGINFO
SIGUSR1: SIG_DFL, sa_mask[0]=00000000000000000000000000000000, sa_flags=none
SIGUSR2: [libjvm.so+0x907b70], sa_mask[0]=00100000000000000000000000000000, sa_flags=SA_RESTART|SA_SIGINFO
SIGHUP: [libjvm.so+0x908190], sa_mask[0]=11111111011111111101111111111110, sa_flags=SA_RESTART|SA_SIGINFO
SIGINT: [libjvm.so+0x908190], sa_mask[0]=11111111011111111101111111111110, sa_flags=SA_RESTART|SA_SIGINFO
SIGTERM: [libjvm.so+0x908190], sa_mask[0]=11111111011111111101111111111110, sa_flags=SA_RESTART|SA_SIGINFO
SIGQUIT: [libjvm.so+0x908190], sa_mask[0]=11111111011111111101111111111110, sa_flags=SA_RESTART|SA_SIGINFO


---------------  S Y S T E M  ---------------

OS:DISTRIB_ID=Ubuntu
DISTRIB_RELEASE=16.04
DISTRIB_CODENAME=xenial
DISTRIB_DESCRIPTION="Ubuntu 16.04.5 LTS"

uname:Linux 4.15.0-43-generic #46~16.04.1-Ubuntu SMP Fri Dec 7 13:31:08 UTC 2018 x86_64
libc:glibc 2.23 NPTL 2.23 
rlimit: STACK 8192k, CORE 0k, NPROC 23765, NOFILE 1048576, AS infinity
load average:7.80 3.04 1.45

/proc/meminfo:
MemTotal:        6143536 kB
MemFree:          105164 kB
MemAvailable:      12020 kB
Buffers:             492 kB
Cached:            64504 kB
SwapCached:            0 kB
Active:          5409756 kB
Inactive:          52840 kB
Active(anon):    5399108 kB
Inactive(anon):    40096 kB
Active(file):      10648 kB
Inactive(file):    12744 kB
Unevictable:          48 kB
Mlocked:              48 kB
SwapTotal:             0 kB
SwapFree:              0 kB
Dirty:               188 kB
Writeback:             0 kB
AnonPages:       5398016 kB
Mapped:            54508 kB
Shmem:             41236 kB
Slab:             119988 kB
SReclaimable:      48428 kB
SUnreclaim:        71560 kB
KernelStack:       14160 kB
PageTables:        42792 kB
NFS_Unstable:          0 kB
Bounce:                0 kB
WritebackTmp:          0 kB
CommitLimit:     3071768 kB
Committed_AS:    8839100 kB
VmallocTotal:   34359738367 kB
VmallocUsed:           0 kB
VmallocChunk:          0 kB
HardwareCorrupted:     0 kB
AnonHugePages:         0 kB
ShmemHugePages:        0 kB
ShmemPmdMapped:        0 kB
CmaTotal:              0 kB
CmaFree:               0 kB
HugePages_Total:       0
HugePages_Free:        0
HugePages_Rsvd:        0
HugePages_Surp:        0
Hugepagesize:       2048 kB
DirectMap4k:      102208 kB
DirectMap2M:     3108864 kB
DirectMap1G:     4194304 kB

container (cgroup) information:
container_type: cgroupv1
cpu_cpuset_cpus: 0-3
cpu_memory_nodes: 0
active_processor_count: 4
cpu_quota: -1
cpu_period: 100000
cpu_shares: -1
memory_limit_in_bytes: -1
memory_and_swap_limit_in_bytes: -2
memory_soft_limit_in_bytes: -1
memory_usage_in_bytes: 5454585856
memory_max_usage_in_bytes: 5464494080


CPU:total 4 (initial active 4) (1 cores per cpu, 1 threads per core) family 6 model 142 stepping 10, cmov, cx8, fxsr, mmx, sse, sse2, sse3, ssse3, sse4.1, sse4.2, popcnt, avx, avx2, aes, clmul, erms, 3dnowpref, lzcnt, tsc, tscinvbit, bmi1, bmi2, adx

/proc/cpuinfo:
processor	: 0
vendor_id	: GenuineIntel
cpu family	: 6
model		: 142
model name	: Intel(R) Core(TM) i7-8550U CPU @ 1.80GHz
stepping	: 10
microcode	: 0x84
cpu MHz		: 2001.000
cache size	: 8192 KB
physical id	: 0
siblings	: 1
core id		: 0
cpu cores	: 1
apicid		: 0
initial apicid	: 0
fpu		: yes
fpu_exception	: yes
cpuid level	: 22
wp		: yes
flags		: fpu vme de pse tsc msr pae mce cx8 apic sep mtrr pge mca cmov pat pse36 clflush dts mmx fxsr sse sse2 ss syscall nx pdpe1gb rdtscp lm constant_tsc arch_perfmon pebs bts nopl xtopology tsc_reliable nonstop_tsc cpuid aperfmperf pni pclmulqdq ssse3 fma cx16 pcid sse4_1 sse4_2 x2apic movbe popcnt tsc_deadline_timer aes xsave avx f16c rdrand hypervisor lahf_lm abm 3dnowprefetch epb invpcid_single pti ibrs ibpb stibp fsgsbase tsc_adjust bmi1 avx2 smep bmi2 invpcid rdseed adx smap xsaveopt dtherm ida arat pln pts hwp hwp_notify hwp_act_window hwp_epp
bugs		: cpu_meltdown spectre_v1 spectre_v2 spec_store_bypass l1tf
bogomips	: 4002.00
clflush size	: 64
cache_alignment	: 64
address sizes	: 42 bits physical, 48 bits virtual
power management:

processor	: 1
vendor_id	: GenuineIntel
cpu family	: 6
model		: 142
model name	: Intel(R) Core(TM) i7-8550U CPU @ 1.80GHz
stepping	: 10
microcode	: 0x84
cpu MHz		: 2001.000
cache size	: 8192 KB
physical id	: 2
siblings	: 1
core id		: 0
cpu cores	: 1
apicid		: 2
initial apicid	: 2
fpu		: yes
fpu_exception	: yes
cpuid level	: 22
wp		: yes
flags		: fpu vme de pse tsc msr pae mce cx8 apic sep mtrr pge mca cmov pat pse36 clflush dts mmx fxsr sse sse2 ss syscall nx pdpe1gb rdtscp lm constant_tsc arch_perfmon pebs bts nopl xtopology tsc_reliable nonstop_tsc cpuid aperfmperf pni pclmulqdq ssse3 fma cx16 pcid sse4_1 sse4_2 x2apic movbe popcnt tsc_deadline_timer aes xsave avx f16c rdrand hypervisor lahf_lm abm 3dnowprefetch epb invpcid_single pti ibrs ibpb stibp fsgsbase tsc_adjust bmi1 avx2 smep bmi2 invpcid rdseed adx smap xsaveopt dtherm ida arat pln pts hwp hwp_notify hwp_act_window hwp_epp
bugs		: cpu_meltdown spectre_v1 spectre_v2 spec_store_bypass l1tf
bogomips	: 4002.00
clflush size	: 64
cache_alignment	: 64
address sizes	: 42 bits physical, 48 bits virtual
power management:

processor	: 2
vendor_id	: GenuineIntel
cpu family	: 6
model		: 142
model name	: Intel(R) Core(TM) i7-8550U CPU @ 1.80GHz
stepping	: 10
microcode	: 0x84
cpu MHz		: 2001.000
cache size	: 8192 KB
physical id	: 4
siblings	: 1
core id		: 0
cpu cores	: 1
apicid		: 4
initial apicid	: 4
fpu		: yes
fpu_exception	: yes
cpuid level	: 22
wp		: yes
flags		: fpu vme de pse tsc msr pae mce cx8 apic sep mtrr pge mca cmov pat pse36 clflush dts mmx fxsr sse sse2 ss syscall nx pdpe1gb rdtscp lm constant_tsc arch_perfmon pebs bts nopl xtopology tsc_reliable nonstop_tsc cpuid aperfmperf pni pclmulqdq ssse3 fma cx16 pcid sse4_1 sse4_2 x2apic movbe popcnt tsc_deadline_timer aes xsave avx f16c rdrand hypervisor lahf_lm abm 3dnowprefetch epb invpcid_single pti ibrs ibpb stibp fsgsbase tsc_adjust bmi1 avx2 smep bmi2 invpcid rdseed adx smap xsaveopt dtherm ida arat pln pts hwp hwp_notify hwp_act_window hwp_epp
bugs		: cpu_meltdown spectre_v1 spectre_v2 spec_store_bypass l1tf
bogomips	: 4002.00
clflush size	: 64
cache_alignment	: 64
address sizes	: 42 bits physical, 48 bits virtual
power management:

processor	: 3
vendor_id	: GenuineIntel
cpu family	: 6
model		: 142
model name	: Intel(R) Core(TM) i7-8550U CPU @ 1.80GHz
stepping	: 10
microcode	: 0x84
cpu MHz		: 2001.000
cache size	: 8192 KB
physical id	: 6
siblings	: 1
core id		: 0
cpu cores	: 1
apicid		: 6
initial apicid	: 6
fpu		: yes
fpu_exception	: yes
cpuid level	: 22
wp		: yes
flags		: fpu vme de pse tsc msr pae mce cx8 apic sep mtrr pge mca cmov pat pse36 clflush dts mmx fxsr sse sse2 ss syscall nx pdpe1gb rdtscp lm constant_tsc arch_perfmon pebs bts nopl xtopology tsc_reliable nonstop_tsc cpuid aperfmperf pni pclmulqdq ssse3 fma cx16 pcid sse4_1 sse4_2 x2apic movbe popcnt tsc_deadline_timer aes xsave avx f16c rdrand hypervisor lahf_lm abm 3dnowprefetch epb invpcid_single pti ibrs ibpb stibp fsgsbase tsc_adjust bmi1 avx2 smep bmi2 invpcid rdseed adx smap xsaveopt dtherm ida arat pln pts hwp hwp_notify hwp_act_window hwp_epp
bugs		: cpu_meltdown spectre_v1 spectre_v2 spec_store_bypass l1tf
bogomips	: 4002.00
clflush size	: 64
cache_alignment	: 64
address sizes	: 42 bits physical, 48 bits virtual
power management:



Memory: 4k page, physical 6143536k(114316k free), swap 0k(0k free)

vm_info: Java HotSpot(TM) 64-Bit Server VM (25.191-b12) for linux-amd64 JRE (1.8.0_191-b12), built on Oct  6 2018 05:43:09 by "java_re" with gcc 7.3.0

time: Wed Dec 26 10:43:05 2018
elapsed time: 24 seconds (0d 0h 0m 24s)

