#
# There is insufficient memory for the Java Runtime Environment to continue.
# Native memory allocation (mmap) failed to map 36175872 bytes for committing reserved memory.
# Possible reasons:
#   The system is out of physical RAM or swap space
#   In 32 bit mode, the process size limit was hit
# Possible solutions:
#   Reduce memory load on the system
#   Increase physical memory or swap space
#   Check if swap backing store is full
#   Use 64 bit Java on a 64 bit OS
#   Decrease Java heap size (-Xmx/-Xms)
#   Decrease number of Java threads
#   Decrease Java thread stack sizes (-Xss)
#   Set larger code cache with -XX:ReservedCodeCacheSize=
# This output file may be truncated or incomplete.
#
#  Out of Memory Error (os_linux.cpp:2743), pid=14763, tid=0x00007f3938442700
#
# JRE version: Java(TM) SE Runtime Environment (8.0_191-b12) (build 1.8.0_191-b12)
# Java VM: Java HotSpot(TM) 64-Bit Server VM (25.191-b12 mixed mode linux-amd64 compressed oops)
# Failed to write core dump. Core dumps have been disabled. To enable core dumping, try "ulimit -c unlimited" before starting Java again
#

---------------  T H R E A D  ---------------

Current thread (0x00007f3934140000):  VMThread [stack: 0x00007f3938342000,0x00007f3938443000] [id=14773]

Stack: [0x00007f3938342000,0x00007f3938443000],  sp=0x00007f3938441490,  free space=1021k
Native frames: (J=compiled Java code, j=interpreted, Vv=VM code, C=native code)
V  [libjvm.so+0xace425]  VMError::report_and_die()+0x2c5
V  [libjvm.so+0x4deb77]  report_vm_out_of_memory(char const*, int, unsigned long, VMErrorType, char const*)+0x67
V  [libjvm.so+0x90c570]  os::pd_commit_memory(char*, unsigned long, unsigned long, bool)+0x100
V  [libjvm.so+0x903eaf]  os::commit_memory(char*, unsigned long, unsigned long, bool)+0x1f
V  [libjvm.so+0x988346]  PSVirtualSpace::expand_by(unsigned long)+0x56
V  [libjvm.so+0x9895d8]  PSYoungGen::resize(unsigned long, unsigned long)+0xd8
V  [libjvm.so+0x985d66]  PSScavenge::invoke_no_policy()+0x1356
V  [libjvm.so+0x98610c]  PSScavenge::invoke()+0x4c
V  [libjvm.so+0x935fb8]  ParallelScavengeHeap::failed_mem_allocate(unsigned long)+0x68
V  [libjvm.so+0xacff53]  VM_ParallelGCFailedAllocation::doit()+0x93
V  [libjvm.so+0xad50f6]  VM_Operation::evaluate()+0x46
V  [libjvm.so+0xad347d]  VMThread::evaluate_operation(VM_Operation*) [clone .constprop.44]+0xcd
V  [libjvm.so+0xad3a3b]  VMThread::loop()+0x37b
V  [libjvm.so+0xad3de8]  VMThread::run()+0x78
V  [libjvm.so+0x909c92]  java_start(Thread*)+0x102

VM_Operation (0x00007f38e29fa520): ParallelGCFailedAllocation, mode: safepoint, requested by thread 0x00007f3935f92800


---------------  P R O C E S S  ---------------

Java Threads: ( => current thread )
  0x00007f38d801a000 JavaThread "pool-3-thread-6" [_thread_blocked, id=14793, stack(0x00007f38e21fa000,0x00007f38e22fb000)]
  0x00007f38cc017800 JavaThread "pool-3-thread-5" [_thread_blocked, id=14792, stack(0x00007f38e22fb000,0x00007f38e23fc000)]
  0x00007f3935f92800 JavaThread "pool-3-thread-4" [_thread_blocked, id=14791, stack(0x00007f38e28ff000,0x00007f38e2a00000)]
  0x00007f3935f91800 JavaThread "pool-3-thread-3" [_thread_blocked, id=14790, stack(0x00007f38e25fc000,0x00007f38e26fd000)]
  0x00007f3935f90800 JavaThread "pool-3-thread-2" [_thread_blocked, id=14789, stack(0x00007f38e26fd000,0x00007f38e27fe000)]
  0x00007f3935fe3800 JavaThread "pool-3-thread-1" [_thread_blocked, id=14788, stack(0x00007f38e27fe000,0x00007f38e28ff000)]
  0x00007f39363db000 JavaThread "Log4j2-TF-1-AsyncLogger[AsyncContext@56ac3a89]-1" daemon [_thread_blocked, id=14782, stack(0x00007f391c007000,0x00007f391c108000)]
  0x00007f3934190800 JavaThread "Service Thread" daemon [_thread_blocked, id=14780, stack(0x00007f392423d000,0x00007f392433e000)]
  0x00007f3934185800 JavaThread "C1 CompilerThread2" daemon [_thread_blocked, id=14779, stack(0x00007f392433e000,0x00007f392443f000)]
  0x00007f3934183800 JavaThread "C2 CompilerThread1" daemon [_thread_blocked, id=14778, stack(0x00007f392443f000,0x00007f3924540000)]
  0x00007f3934180800 JavaThread "C2 CompilerThread0" daemon [_thread_blocked, id=14777, stack(0x00007f3924540000,0x00007f3924641000)]
  0x00007f393417f000 JavaThread "Signal Dispatcher" daemon [_thread_blocked, id=14776, stack(0x00007f393803f000,0x00007f3938140000)]
  0x00007f393414c000 JavaThread "Finalizer" daemon [_thread_blocked, id=14775, stack(0x00007f3938140000,0x00007f3938241000)]
  0x00007f3934149800 JavaThread "Reference Handler" daemon [_thread_blocked, id=14774, stack(0x00007f3938241000,0x00007f3938342000)]
  0x00007f393400b000 JavaThread "main" [_thread_blocked, id=14768, stack(0x00007f393dc01000,0x00007f393dd02000)]

Other Threads:
=>0x00007f3934140000 VMThread [stack: 0x00007f3938342000,0x00007f3938443000] [id=14773]
  0x00007f3934195000 WatcherThread [stack: 0x00007f392413c000,0x00007f392423d000] [id=14781]

VM state:at safepoint (normal execution)

VM Mutex/Monitor currently owned by a thread:  ([mutex/lock_event])
[0x00007f39340072d0] Threads_lock - owner thread: 0x00007f3934140000
[0x00007f39340077d0] Heap_lock - owner thread: 0x00007f3935f92800

Heap:
 PSYoungGen      total 122880K, used 6102K [0x00000000e0000000, 0x00000000e8980000, 0x0000000100000000)
  eden space 104960K, 0% used [0x00000000e0000000,0x00000000e0000000,0x00000000e6680000)
  from space 17920K, 34% used [0x00000000e6680000,0x00000000e6c759a0,0x00000000e7800000)
  to   space 13312K, 0% used [0x00000000e7c80000,0x00000000e7c80000,0x00000000e8980000)
 ParOldGen       total 101888K, used 36721K [0x00000000a0000000, 0x00000000a6380000, 0x00000000e0000000)
  object space 101888K, 36% used [0x00000000a0000000,0x00000000a23dc4e8,0x00000000a6380000)
 Metaspace       used 64407K, capacity 71621K, committed 71808K, reserved 1112064K
  class space    used 9087K, capacity 9514K, committed 9600K, reserved 1048576K

Card table byte_map: [0x00007f393a6a6000,0x00007f393a9a7000] byte_map_base: 0x00007f393a1a6000

Marking Bits: (ParMarkBitMap*) 0x00007f393d0d8d40
 Begin Bits: [0x00007f391d000000, 0x00007f391e800000)
 End Bits:   [0x00007f391e800000, 0x00007f3920000000)

Polling page: 0x00007f393dd1d000

CodeCache: size=245760Kb used=16769Kb max_used=16780Kb free=228990Kb
 bounds [0x00007f3925000000, 0x00007f3926080000, 0x00007f3934000000]
 total_blobs=6653 nmethods=6059 adapters=504
 compilation: enabled

Compilation events (10 events):
Event: 43.968 Thread 0x00007f3934180800 7076   !   4       com.sun.org.apache.xerces.internal.impl.XMLDocumentFragmentScannerImpl$FragmentContentDriver::next (2346 bytes)
Event: 43.968 Thread 0x00007f3934183800 7082       4       com.sun.org.apache.xerces.internal.util.XMLChar::isValidNCName (56 bytes)
Event: 44.065 Thread 0x00007f3934185800 nmethod 7099% 0x00007f392606d3d0 code [0x00007f392606d6c0, 0x00007f392606ea48]
Event: 44.164 Thread 0x00007f3934185800 7102       3       com.sun.org.apache.xerces.internal.util.SymbolTable::addSymbol (110 bytes)
Event: 45.104 Thread 0x00007f3934185800 nmethod 7102 0x00007f392606ca10 code [0x00007f392606cbc0, 0x00007f392606d058]
Event: 45.144 Thread 0x00007f3934185800 7103       3       com.sun.org.apache.xerces.internal.impl.XMLEntityScanner::checkBeforeLoad (140 bytes)
Event: 45.993 Thread 0x00007f3934185800 nmethod 7103 0x00007f392605e1d0 code [0x00007f392605e380, 0x00007f392605e8b8]
Event: 46.185 Thread 0x00007f3934185800 7091       2       org.apache.ivy.plugins.parser.xml.XmlModuleDescriptorParser$Parser::endElement (637 bytes)
Event: 46.251 Thread 0x00007f3934183800 nmethod 7082 0x00007f392605db50 code [0x00007f392605dcc0, 0x00007f392605df78]
Event: 46.256 Thread 0x00007f3934183800 7122       4       java.util.Properties::loadConvert (505 bytes)

GC Heap History (10 events):
Event: 4.630 GC heap after
Heap after GC invocations=9 (full 2):
 PSYoungGen      total 58368K, used 6382K [0x00000000e0000000, 0x00000000e6500000, 0x0000000100000000)
  eden space 49152K, 0% used [0x00000000e0000000,0x00000000e0000000,0x00000000e3000000)
  from space 9216K, 69% used [0x00000000e3000000,0x00000000e363bac8,0x00000000e3900000)
  to   space 9216K, 0% used [0x00000000e5c00000,0x00000000e5c00000,0x00000000e6500000)
 ParOldGen       total 63488K, used 10367K [0x00000000a0000000, 0x00000000a3e00000, 0x00000000e0000000)
  object space 63488K, 16% used [0x00000000a0000000,0x00000000a0a1fcb8,0x00000000a3e00000)
 Metaspace       used 40696K, capacity 43448K, committed 43520K, reserved 1087488K
  class space    used 5879K, capacity 6084K, committed 6144K, reserved 1048576K
}
Event: 5.070 GC heap before
{Heap before GC invocations=10 (full 2):
 PSYoungGen      total 58368K, used 55534K [0x00000000e0000000, 0x00000000e6500000, 0x0000000100000000)
  eden space 49152K, 100% used [0x00000000e0000000,0x00000000e3000000,0x00000000e3000000)
  from space 9216K, 69% used [0x00000000e3000000,0x00000000e363bac8,0x00000000e3900000)
  to   space 9216K, 0% used [0x00000000e5c00000,0x00000000e5c00000,0x00000000e6500000)
 ParOldGen       total 63488K, used 10367K [0x00000000a0000000, 0x00000000a3e00000, 0x00000000e0000000)
  object space 63488K, 16% used [0x00000000a0000000,0x00000000a0a1fcb8,0x00000000a3e00000)
 Metaspace       used 45056K, capacity 48109K, committed 48384K, reserved 1091584K
  class space    used 6294K, capacity 6533K, committed 6656K, reserved 1048576K
Event: 5.084 GC heap after
Heap after GC invocations=10 (full 2):
 PSYoungGen      total 88576K, used 9187K [0x00000000e0000000, 0x00000000e6e80000, 0x0000000100000000)
  eden space 79360K, 0% used [0x00000000e0000000,0x00000000e0000000,0x00000000e4d80000)
  from space 9216K, 99% used [0x00000000e5c00000,0x00000000e64f8dd0,0x00000000e6500000)
  to   space 14848K, 0% used [0x00000000e4d80000,0x00000000e4d80000,0x00000000e5c00000)
 ParOldGen       total 63488K, used 21306K [0x00000000a0000000, 0x00000000a3e00000, 0x00000000e0000000)
  object space 63488K, 33% used [0x00000000a0000000,0x00000000a14cebb8,0x00000000a3e00000)
 Metaspace       used 45056K, capacity 48109K, committed 48384K, reserved 1091584K
  class space    used 6294K, capacity 6533K, committed 6656K, reserved 1048576K
}
Event: 6.126 GC heap before
{Heap before GC invocations=11 (full 2):
 PSYoungGen      total 88576K, used 53748K [0x00000000e0000000, 0x00000000e6e80000, 0x0000000100000000)
  eden space 79360K, 56% used [0x00000000e0000000,0x00000000e2b84608,0x00000000e4d80000)
  from space 9216K, 99% used [0x00000000e5c00000,0x00000000e64f8dd0,0x00000000e6500000)
  to   space 14848K, 0% used [0x00000000e4d80000,0x00000000e4d80000,0x00000000e5c00000)
 ParOldGen       total 63488K, used 21306K [0x00000000a0000000, 0x00000000a3e00000, 0x00000000e0000000)
  object space 63488K, 33% used [0x00000000a0000000,0x00000000a14cebb8,0x00000000a3e00000)
 Metaspace       used 53420K, capacity 58921K, committed 59028K, reserved 1099776K
  class space    used 7544K, capacity 7831K, committed 7936K, reserved 1048576K
Event: 6.139 GC heap after
Heap after GC invocations=11 (full 2):
 PSYoungGen      total 94208K, used 14816K [0x00000000e0000000, 0x00000000e8d00000, 0x0000000100000000)
  eden space 79360K, 0% used [0x00000000e0000000,0x00000000e0000000,0x00000000e4d80000)
  from space 14848K, 99% used [0x00000000e4d80000,0x00000000e5bf8040,0x00000000e5c00000)
  to   space 16896K, 0% used [0x00000000e7c80000,0x00000000e7c80000,0x00000000e8d00000)
 ParOldGen       total 63488K, used 21639K [0x00000000a0000000, 0x00000000a3e00000, 0x00000000e0000000)
  object space 63488K, 34% used [0x00000000a0000000,0x00000000a1521c68,0x00000000a3e00000)
 Metaspace       used 53420K, capacity 58921K, committed 59028K, reserved 1099776K
  class space    used 7544K, capacity 7831K, committed 7936K, reserved 1048576K
}
Event: 6.139 GC heap before
{Heap before GC invocations=12 (full 3):
 PSYoungGen      total 94208K, used 14816K [0x00000000e0000000, 0x00000000e8d00000, 0x0000000100000000)
  eden space 79360K, 0% used [0x00000000e0000000,0x00000000e0000000,0x00000000e4d80000)
  from space 14848K, 99% used [0x00000000e4d80000,0x00000000e5bf8040,0x00000000e5c00000)
  to   space 16896K, 0% used [0x00000000e7c80000,0x00000000e7c80000,0x00000000e8d00000)
 ParOldGen       total 63488K, used 21639K [0x00000000a0000000, 0x00000000a3e00000, 0x00000000e0000000)
  object space 63488K, 34% used [0x00000000a0000000,0x00000000a1521c68,0x00000000a3e00000)
 Metaspace       used 53420K, capacity 58921K, committed 59028K, reserved 1099776K
  class space    used 7544K, capacity 7831K, committed 7936K, reserved 1048576K
Event: 6.269 GC heap after
Heap after GC invocations=12 (full 3):
 PSYoungGen      total 94208K, used 0K [0x00000000e0000000, 0x00000000e8d00000, 0x0000000100000000)
  eden space 79360K, 0% used [0x00000000e0000000,0x00000000e0000000,0x00000000e4d80000)
  from space 14848K, 0% used [0x00000000e4d80000,0x00000000e4d80000,0x00000000e5c00000)
  to   space 16896K, 0% used [0x00000000e7c80000,0x00000000e7c80000,0x00000000e8d00000)
 ParOldGen       total 101888K, used 33205K [0x00000000a0000000, 0x00000000a6380000, 0x00000000e0000000)
  object space 101888K, 32% used [0x00000000a0000000,0x00000000a206d488,0x00000000a6380000)
 Metaspace       used 53415K, capacity 58911K, committed 59028K, reserved 1099776K
  class space    used 7544K, capacity 7829K, committed 7936K, reserved 1048576K
}
Event: 7.528 GC heap before
{Heap before GC invocations=13 (full 3):
 PSYoungGen      total 94208K, used 79360K [0x00000000e0000000, 0x00000000e8d00000, 0x0000000100000000)
  eden space 79360K, 100% used [0x00000000e0000000,0x00000000e4d80000,0x00000000e4d80000)
  from space 14848K, 0% used [0x00000000e4d80000,0x00000000e4d80000,0x00000000e5c00000)
  to   space 16896K, 0% used [0x00000000e7c80000,0x00000000e7c80000,0x00000000e8d00000)
 ParOldGen       total 101888K, used 33205K [0x00000000a0000000, 0x00000000a6380000, 0x00000000e0000000)
  object space 101888K, 32% used [0x00000000a0000000,0x00000000a206d488,0x00000000a6380000)
 Metaspace       used 58605K, capacity 65475K, committed 65792K, reserved 1105920K
  class space    used 8419K, capacity 8835K, committed 8960K, reserved 1048576K
Event: 7.550 GC heap after
Heap after GC invocations=13 (full 3):
 PSYoungGen      total 118272K, used 12661K [0x00000000e0000000, 0x00000000e8980000, 0x0000000100000000)
  eden space 104960K, 0% used [0x00000000e0000000,0x00000000e0000000,0x00000000e6680000)
  from space 13312K, 95% used [0x00000000e7c80000,0x00000000e88dd710,0x00000000e8980000)
  to   space 17920K, 0% used [0x00000000e6680000,0x00000000e6680000,0x00000000e7800000)
 ParOldGen       total 101888K, used 33213K [0x00000000a0000000, 0x00000000a6380000, 0x00000000e0000000)
  object space 101888K, 32% used [0x00000000a0000000,0x00000000a206f488,0x00000000a6380000)
 Metaspace       used 58605K, capacity 65475K, committed 65792K, reserved 1105920K
  class space    used 8419K, capacity 8835K, committed 8960K, reserved 1048576K
}
Event: 46.480 GC heap before
{Heap before GC invocations=14 (full 3):
 PSYoungGen      total 118272K, used 117621K [0x00000000e0000000, 0x00000000e8980000, 0x0000000100000000)
  eden space 104960K, 100% used [0x00000000e0000000,0x00000000e6680000,0x00000000e6680000)
  from space 13312K, 95% used [0x00000000e7c80000,0x00000000e88dd710,0x00000000e8980000)
  to   space 17920K, 0% used [0x00000000e6680000,0x00000000e6680000,0x00000000e7800000)
 ParOldGen       total 101888K, used 33213K [0x00000000a0000000, 0x00000000a6380000, 0x00000000e0000000)
  object space 101888K, 32% used [0x00000000a0000000,0x00000000a206f488,0x00000000a6380000)
 Metaspace       used 64407K, capacity 71621K, committed 71808K, reserved 1112064K
  class space    used 9087K, capacity 9514K, committed 9600K, reserved 1048576K

Deoptimization events (10 events):
Event: 27.268 Thread 0x00007f3935f92800 Uncommon trap: reason=bimorphic action=maybe_recompile pc=0x00007f39252255cc method=java.util.HashMap.putVal(ILjava/lang/Object;Ljava/lang/Object;ZZ)Ljava/lang/Object; @ 203
Event: 36.713 Thread 0x00007f3935f92800 Uncommon trap: reason=unstable_if action=reinterpret pc=0x00007f392583543c method=java.util.WeakHashMap.remove(Ljava/lang/Object;)Ljava/lang/Object; @ 94
Event: 38.574 Thread 0x00007f3935f92800 Uncommon trap: reason=unstable_if action=reinterpret pc=0x00007f3925ed2498 method=com.sun.org.apache.xerces.internal.util.SymbolTable.addSymbol([CII)Ljava/lang/String; @ 64
Event: 38.584 Thread 0x00007f3935f92800 Uncommon trap: reason=predicate action=maybe_recompile pc=0x00007f3926004e9c method=java.util.AbstractCollection.toArray([Ljava/lang/Object;)[Ljava/lang/Object; @ 49
Event: 40.349 Thread 0x00007f3935f92800 Uncommon trap: reason=array_check action=maybe_recompile pc=0x00007f392603fd84 method=java.util.AbstractCollection.toArray([Ljava/lang/Object;)[Ljava/lang/Object; @ 119
Event: 40.440 Thread 0x00007f3935f92800 Uncommon trap: reason=array_check action=maybe_recompile pc=0x00007f392603fd84 method=java.util.AbstractCollection.toArray([Ljava/lang/Object;)[Ljava/lang/Object; @ 119
Event: 40.555 Thread 0x00007f3935f92800 Uncommon trap: reason=array_check action=maybe_recompile pc=0x00007f392603fd84 method=java.util.AbstractCollection.toArray([Ljava/lang/Object;)[Ljava/lang/Object; @ 119
Event: 40.560 Thread 0x00007f3935f92800 Uncommon trap: reason=array_check action=maybe_recompile pc=0x00007f392603fd84 method=java.util.AbstractCollection.toArray([Ljava/lang/Object;)[Ljava/lang/Object; @ 119
Event: 43.864 Thread 0x00007f3935f92800 Uncommon trap: reason=unstable_if action=reinterpret pc=0x00007f3925e8bcc8 method=com.sun.org.apache.xerces.internal.util.SymbolTable.addSymbol([CII)Ljava/lang/String; @ 64
Event: 44.050 Thread 0x00007f3935f92800 Uncommon trap: reason=unstable_if action=reinterpret pc=0x00007f3925e405d4 method=com.sun.org.apache.xerces.internal.impl.XMLEntityScanner.checkBeforeLoad(Lcom/sun/xml/internal/stream/Entity$ScannedEntity;II)I @ 18

Classes redefined (0 events):
No events

Internal exceptions (10 events):
Event: 13.852 Thread 0x00007f3935f92800 Exception <a 'java/lang/NoSuchMethodError': java.lang.Object.$anonfun$isoStringKeyFormat$2(Lsjsonnew/IsoString;Ljava/lang/String;)Ljava/lang/Object;> (0x00000000e1f77998) thrown at [/HUDSON/workspace/8-2-build-linux-amd64/jdk8u191/11894/hotspot/src/share/
Event: 15.475 Thread 0x00007f3935f92800 Exception <a 'java/lang/NoSuchMethodError': java.lang.Object.$anonfun$mapAsJavaMapConverter$1(Lscala/collection/convert/DecorateAsJava;Lscala/collection/Map;)Ljava/util/Map;> (0x00000000e2af0050) thrown at [/HUDSON/workspace/8-2-build-linux-amd64/jdk8u191
Event: 17.353 Thread 0x00007f3935f92800 Implicit null exception at 0x00007f39259cd38c to 0x00007f39259cd42a
Event: 17.856 Thread 0x00007f3935f92800 Exception <a 'java/lang/NoSuchMethodError': java.lang.Object.$anonfun$collectionAsScalaIterableConverter$1(Lscala/collection/convert/DecorateAsScala;Ljava/util/Collection;)Lscala/collection/Iterable;> (0x00000000e2d1d520) thrown at [/HUDSON/workspace/8-2-
Event: 18.079 Thread 0x00007f3935f92800 Implicit null exception at 0x00007f392588e975 to 0x00007f392588eb7d
Event: 18.279 Thread 0x00007f3935f92800 Implicit null exception at 0x00007f39251f5e36 to 0x00007f39251f61e1
Event: 18.439 Thread 0x00007f3935f92800 Implicit null exception at 0x00007f39252e8f33 to 0x00007f39252e9335
Event: 21.122 Thread 0x00007f3935f92800 Exception <a 'java/lang/NoSuchMethodError': java.lang.Object.$anonfun$reverse$1$adapted(Lscala/runtime/ObjectRef;Ljava/lang/Object;)Ljava/lang/Object;> (0x00000000e32795c0) thrown at [/HUDSON/workspace/8-2-build-linux-amd64/jdk8u191/11894/hotspot/src/shar
Event: 21.677 Thread 0x00007f3935f92800 Exception <a 'java/lang/NoSuchMethodError': java.lang.Object.$anonfun$$minus$1$adapted(Ljava/lang/Object;Lscala/Tuple2;)Ljava/lang/Object;> (0x00000000e3383a08) thrown at [/HUDSON/workspace/8-2-build-linux-amd64/jdk8u191/11894/hotspot/src/share/vm/interpr
Event: 21.690 Thread 0x00007f3935f92800 Exception <a 'java/lang/NoSuchMethodError': java.lang.Object.$anonfun$$minus$2(Lscala/collection/mutable/Builder;Lscala/Tuple2;)Lscala/collection/mutable/Builder;> (0x00000000e3388550) thrown at [/HUDSON/workspace/8-2-build-linux-amd64/jdk8u191/11894/hots

Events (10 events):
Event: 40.560 Thread 0x00007f3935f92800 Uncommon trap: trap_request=0xffffffd6 fr.pc=0x00007f392603fd84
Event: 40.562 Thread 0x00007f3935f92800 DEOPT PACKING pc=0x00007f392603fd84 sp=0x00007f38e29fb380
Event: 40.562 Thread 0x00007f3935f92800 DEOPT UNPACKING pc=0x00007f392504573a sp=0x00007f38e29fb328 mode 2
Event: 43.851 Thread 0x00007f3935f92800 Uncommon trap: trap_request=0xffffff65 fr.pc=0x00007f3925e8bcc8
Event: 43.958 Thread 0x00007f3935f92800 DEOPT PACKING pc=0x00007f3925e8bcc8 sp=0x00007f38e29fa950
Event: 43.966 Thread 0x00007f3935f92800 DEOPT UNPACKING pc=0x00007f392504573a sp=0x00007f38e29fa8f0 mode 2
Event: 44.038 Thread 0x00007f3935f92800 Uncommon trap: trap_request=0xffffff65 fr.pc=0x00007f3925e405d4
Event: 44.052 Thread 0x00007f3935f92800 DEOPT PACKING pc=0x00007f3925e405d4 sp=0x00007f38e29fa960
Event: 44.056 Thread 0x00007f3935f92800 DEOPT UNPACKING pc=0x00007f392504573a sp=0x00007f38e29fa8f8 mode 2
Event: 46.347 Executing VM operation: ParallelGCFailedAllocation


Dynamic libraries:
00400000-00401000 r-xp 00000000 08:01 657508                             /usr/lib/jvm/jdk1.8.0_191/bin/java
00600000-00601000 r--p 00000000 08:01 657508                             /usr/lib/jvm/jdk1.8.0_191/bin/java
00601000-00602000 rw-p 00001000 08:01 657508                             /usr/lib/jvm/jdk1.8.0_191/bin/java
01fb9000-01fda000 rw-p 00000000 00:00 0                                  [heap]
a0000000-a6380000 rw-p 00000000 00:00 0 
a6380000-e0000000 ---p 00000000 00:00 0 
e0000000-e8980000 rw-p 00000000 00:00 0 
eac00000-100000000 ---p 00000000 00:00 0 
100000000-100960000 rw-p 00000000 00:00 0 
100960000-140000000 ---p 00000000 00:00 0 
7f38c4000000-7f38c4021000 rw-p 00000000 00:00 0 
7f38c4021000-7f38c8000000 ---p 00000000 00:00 0 
7f38cc000000-7f38cc028000 rw-p 00000000 00:00 0 
7f38cc028000-7f38d0000000 ---p 00000000 00:00 0 
7f38d0000000-7f38d0021000 rw-p 00000000 00:00 0 
7f38d0021000-7f38d4000000 ---p 00000000 00:00 0 
7f38d4000000-7f38d403b000 rw-p 00000000 00:00 0 
7f38d403b000-7f38d8000000 ---p 00000000 00:00 0 
7f38d8000000-7f38d8021000 rw-p 00000000 00:00 0 
7f38d8021000-7f38dc000000 ---p 00000000 00:00 0 
7f38dc000000-7f38dc387000 rw-p 00000000 00:00 0 
7f38dc387000-7f38e0000000 ---p 00000000 00:00 0 
7f38e19fa000-7f38e1aba000 rw-p 00000000 00:00 0 
7f38e1aba000-7f38e1bfa000 ---p 00000000 00:00 0 
7f38e1bfa000-7f38e1dfa000 rw-p 00000000 00:00 0 
7f38e1dfa000-7f38e1ffa000 rw-p 00000000 00:00 0 
7f38e1ffa000-7f38e21fa000 rw-p 00000000 00:00 0 
7f38e21fa000-7f38e21fd000 ---p 00000000 00:00 0 
7f38e21fd000-7f38e22fb000 rw-p 00000000 00:00 0 
7f38e22fb000-7f38e22fe000 ---p 00000000 00:00 0 
7f38e22fe000-7f38e25fc000 rw-p 00000000 00:00 0 
7f38e25fc000-7f38e25ff000 ---p 00000000 00:00 0 
7f38e25ff000-7f38e26fd000 rw-p 00000000 00:00 0 
7f38e26fd000-7f38e2700000 ---p 00000000 00:00 0 
7f38e2700000-7f38e27fe000 rw-p 00000000 00:00 0 
7f38e27fe000-7f38e2801000 ---p 00000000 00:00 0 
7f38e2801000-7f38e28ff000 rw-p 00000000 00:00 0 
7f38e28ff000-7f38e2902000 ---p 00000000 00:00 0 
7f38e2902000-7f38e2c00000 rw-p 00000000 00:00 0 
7f38e2c00000-7f38e2e00000 rw-p 00000000 00:00 0 
7f38e2e00000-7f38e3000000 rw-p 00000000 00:00 0 
7f38e3000000-7f38e3200000 rw-p 00000000 00:00 0 
7f38e3200000-7f38e3400000 rw-p 00000000 00:00 0 
7f38e3400000-7f38e3600000 rw-p 00000000 00:00 0 
7f38e3600000-7f38e3800000 rw-p 00000000 00:00 0 
7f38e3800000-7f38e3a00000 rw-p 00000000 00:00 0 
7f38e3a00000-7f38e3c00000 rw-p 00000000 00:00 0 
7f38e3c00000-7f38e3e00000 rw-p 00000000 00:00 0 
7f38e3e00000-7f38e4000000 rw-p 00000000 00:00 0 
7f38e4000000-7f38e407a000 rw-p 00000000 00:00 0 
7f38e407a000-7f38e8000000 ---p 00000000 00:00 0 
7f38e8000000-7f38e8021000 rw-p 00000000 00:00 0 
7f38e8021000-7f38ec000000 ---p 00000000 00:00 0 
7f38ec09d000-7f38ec0a2000 r--s 0003f000 08:01 1315692                    /usr/lib/jvm/jdk1.8.0_191/jre/lib/ext/sunjce_provider.jar
7f38ec0a2000-7f38ec0be000 r--s 00393000 08:01 1315684                    /usr/lib/jvm/jdk1.8.0_191/jre/lib/ext/cldrdata.jar
7f38ec0be000-7f38ec154000 r--s 0110e000 08:01 1315685                    /usr/lib/jvm/jdk1.8.0_191/jre/lib/ext/jfxrt.jar
7f38ec154000-7f38ec156000 r--s 00001000 08:01 1315683                    /usr/lib/jvm/jdk1.8.0_191/jre/lib/ext/dnsns.jar
7f38ec156000-7f38ec158000 r--s 00009000 08:01 1315682                    /usr/lib/jvm/jdk1.8.0_191/jre/lib/ext/sunec.jar
7f38ec158000-7f38ec15c000 r--s 0003a000 08:01 1315689                    /usr/lib/jvm/jdk1.8.0_191/jre/lib/ext/sunpkcs11.jar
7f38ec15c000-7f38ec166000 r--s 00116000 08:01 1315691                    /usr/lib/jvm/jdk1.8.0_191/jre/lib/ext/localedata.jar
7f38ec166000-7f38ec16b000 r--s 00084000 08:01 1315540                    /usr/lib/jvm/jdk1.8.0_191/jre/lib/jfr.jar
7f38ec16b000-7f38ec170000 r--s 002f9000 08:01 1315621                    /usr/lib/jvm/jdk1.8.0_191/jre/lib/charsets.jar
7f38ec170000-7f38ec173000 r--s 0001a000 08:01 1315856                    /usr/lib/jvm/jdk1.8.0_191/jre/lib/jce.jar
7f38ec173000-7f38ec186000 r--s 00345000 08:01 1315661                    /usr/lib/jvm/jdk1.8.0_191/jre/lib/resources.jar
7f38ec186000-7f38ec1ff000 r--s 010fb000 08:01 657615                     /usr/lib/jvm/jdk1.8.0_191/lib/tools.jar
7f38ec1ff000-7f38ec3ff000 rw-p 00000000 00:00 0 
7f38ec3ff000-7f38ec5ff000 rw-p 00000000 00:00 0 
7f38ec5ff000-7f38ec7ff000 rw-p 00000000 00:00 0 
7f38ec7ff000-7f38ec9ff000 rw-p 00000000 00:00 0 
7f38ec9ff000-7f38ecbff000 rw-p 00000000 00:00 0 
7f38ecbff000-7f38ecdff000 rw-p 00000000 00:00 0 
7f38ecdff000-7f38ecfff000 rw-p 00000000 00:00 0 
7f38ecfff000-7f38f0000000 rw-p 00000000 00:00 0 
7f38f0000000-7f38f0665000 rw-p 00000000 00:00 0 
7f38f0665000-7f38f4000000 ---p 00000000 00:00 0 
7f38f4000000-7f38f4021000 rw-p 00000000 00:00 0 
7f38f4021000-7f38f8000000 ---p 00000000 00:00 0 
7f38f8000000-7f38f9162000 rw-p 00000000 00:00 0 
7f38f9162000-7f38fc000000 ---p 00000000 00:00 0 
7f38fc000000-7f38fdd71000 rw-p 00000000 00:00 0 
7f38fdd71000-7f3900000000 ---p 00000000 00:00 0 
7f3900000000-7f3900021000 rw-p 00000000 00:00 0 
7f3900021000-7f3904000000 ---p 00000000 00:00 0 
7f3904000000-7f3904021000 rw-p 00000000 00:00 0 
7f3904021000-7f3908000000 ---p 00000000 00:00 0 
7f3908000000-7f390829d000 rw-p 00000000 00:00 0 
7f390829d000-7f390c000000 ---p 00000000 00:00 0 
7f390c000000-7f390c021000 rw-p 00000000 00:00 0 
7f390c021000-7f3910000000 ---p 00000000 00:00 0 
7f3910000000-7f3910021000 rw-p 00000000 00:00 0 
7f3910021000-7f3914000000 ---p 00000000 00:00 0 
7f3914000000-7f3914021000 rw-p 00000000 00:00 0 
7f3914021000-7f3918000000 ---p 00000000 00:00 0 
7f3918000000-7f3918021000 rw-p 00000000 00:00 0 
7f3918021000-7f391c000000 ---p 00000000 00:00 0 
7f391c000000-7f391c001000 r--s 0000a000 08:01 1315686                    /usr/lib/jvm/jdk1.8.0_191/jre/lib/ext/jaccess.jar
7f391c001000-7f391c002000 r--s 00010000 08:01 1315688                    /usr/lib/jvm/jdk1.8.0_191/jre/lib/ext/zipfs.jar
7f391c002000-7f391c007000 r--s 000a0000 08:01 1315680                    /usr/lib/jvm/jdk1.8.0_191/jre/lib/jsse.jar
7f391c007000-7f391c00a000 ---p 00000000 00:00 0 
7f391c00a000-7f391c308000 rw-p 00000000 00:00 0 
7f391c308000-7f391c323000 r--s 001d4000 08:01 1315687                    /usr/lib/jvm/jdk1.8.0_191/jre/lib/ext/nashorn.jar
7f391c323000-7f391c32b000 r-xp 00000000 08:01 1315848                    /usr/lib/jvm/jdk1.8.0_191/jre/lib/amd64/libmanagement.so
7f391c32b000-7f391c52b000 ---p 00008000 08:01 1315848                    /usr/lib/jvm/jdk1.8.0_191/jre/lib/amd64/libmanagement.so
7f391c52b000-7f391c52c000 r--p 00008000 08:01 1315848                    /usr/lib/jvm/jdk1.8.0_191/jre/lib/amd64/libmanagement.so
7f391c52c000-7f391c52d000 rw-p 00009000 08:01 1315848                    /usr/lib/jvm/jdk1.8.0_191/jre/lib/amd64/libmanagement.so
7f391c52d000-7f391c52f000 r--s 00024000 08:01 165487                     /root/.sbt/boot/scala-2.12.7/org.scala-sbt/sbt/1.2.7/zinc-apiinfo_2.12-1.2.5.jar
7f391c52f000-7f391c531000 r--s 00010000 08:01 165572                     /root/.sbt/boot/scala-2.12.7/org.scala-sbt/sbt/1.2.7/scripted-sbt-redux_2.12-1.2.7.jar
7f391c531000-7f391c731000 rw-p 00000000 00:00 0 
7f391c731000-7f391c931000 rw-p 00000000 00:00 0 
7f391c931000-7f391c934000 r--s 00044000 08:01 165400                     /root/.sbt/boot/scala-2.12.7/org.scala-sbt/sbt/1.2.7/command_2.12-1.2.7.jar
7f391c934000-7f391c937000 r--s 0002a000 08:01 165538                     /root/.sbt/boot/scala-2.12.7/org.scala-sbt/sbt/1.2.7/sbinary_2.12-0.5.0.jar
7f391c937000-7f391c93c000 r--s 00063000 08:01 165606                     /root/.sbt/boot/scala-2.12.7/org.scala-sbt/sbt/1.2.7/protocol_2.12-1.2.7.jar
7f391c93c000-7f391c93e000 r--s 0000f000 08:01 165418                     /root/.sbt/boot/scala-2.12.7/org.scala-sbt/sbt/1.2.7/util-scripted_2.12-1.2.4.jar
7f391c93e000-7f391c940000 r--s 00004000 08:01 165634                     /root/.sbt/boot/scala-2.12.7/org.scala-sbt/sbt/1.2.7/ipcsocket-1.0.0.jar
7f391c940000-7f391c963000 r--s 00350000 08:01 165499                     /root/.sbt/boot/scala-2.12.7/org.scala-sbt/sbt/1.2.7/scala-reflect-2.12.7.jar
7f391c963000-7f391c967000 r--s 00013000 08:01 165421                     /root/.sbt/boot/scala-2.12.7/org.scala-sbt/sbt/1.2.7/compiler-interface-1.2.5.jar
7f391c967000-7f391c968000 r--s 00000000 08:01 165475                     /root/.sbt/boot/scala-2.12.7/org.scala-sbt/sbt/1.2.7/template-resolver-0.1.jar
7f391c968000-7f391c969000 r--s 0000c000 08:01 165397                     /root/.sbt/boot/scala-2.12.7/org.scala-sbt/sbt/1.2.7/zinc-classfile_2.12-1.2.5.jar
7f391c969000-7f391c96c000 r--s 00026000 08:01 165395                     /root/.sbt/boot/scala-2.12.7/org.scala-sbt/sbt/1.2.7/gigahorse-core_2.12-0.3.0.jar
7f391c96c000-7f391c96f000 r--s 0003d000 08:01 165545                     /root/.sbt/boot/scala-2.12.7/org.scala-sbt/sbt/1.2.7/completion_2.12-1.2.7.jar
7f391c96f000-7f391c970000 r--s 00011000 08:01 165515                     /root/.sbt/boot/scala-2.12.7/org.scala-sbt/sbt/1.2.7/run_2.12-1.2.7.jar
7f391c970000-7f391c972000 r--s 0000f000 08:01 165542                     /root/.sbt/boot/scala-2.12.7/org.scala-sbt/sbt/1.2.7/shaded-scalajson_2.12-1.0.0-M4.jar
7f391c972000-7f391c978000 r--s 0005b000 08:01 165497                     /root/.sbt/boot/scala-2.12.7/org.scala-sbt/sbt/1.2.7/okhttp-3.7.0.jar
7f391c978000-7f391c97b000 r--s 00012000 08:01 165592                     /root/.sbt/boot/scala-2.12.7/org.scala-sbt/sbt/1.2.7/disruptor-3.4.2.jar
7f391c97b000-7f391c97d000 r--s 00002000 08:01 165425                     /root/.sbt/boot/scala-2.12.7/org.scala-sbt/sbt/1.2.7/util-control_2.12-1.2.4.jar
7f391c97d000-7f391c980000 r--s 0001c000 08:01 165451                     /root/.sbt/boot/scala-2.12.7/org.scala-sbt/sbt/1.2.7/scalacache-core_2.12-0.20.0.jar
7f391c980000-7f391c98d000 r--s 001b1000 08:01 165526                     /root/.sbt/boot/scala-2.12.7/org.scala-sbt/sbt/1.2.7/zinc-persist_2.12-1.2.5.jar
7f391c98d000-7f391c98e000 r--s 0000b000 08:01 165524                     /root/.sbt/boot/scala-2.12.7/org.scala-sbt/sbt/1.2.7/zinc-ivy-integration_2.12-1.2.5.jar
7f391c98e000-7f391c98f000 r--s 00007000 08:01 165600                     /root/.sbt/boot/scala-2.12.7/org.scala-sbt/sbt/1.2.7/okhttp-urlconnection-3.7.0.jar
7f391c98f000-7f391c990000 r--s 00009000 08:01 165477                     /root/.sbt/boot/scala-2.12.7/org.scala-sbt/sbt/1.2.7/gigahorse-okhttp_2.12-0.3.0.jar
7f391c990000-7f391c992000 r--s 0000e000 08:01 165541                     /root/.sbt/boot/scala-2.12.7/org.scala-sbt/sbt/1.2.7/fastparse-utils_2.12-0.4.2.jar
7f391c992000-7f391c993000 r--s 00001000 08:01 165427                     /root/.sbt/boot/scala-2.12.7/org.scala-sbt/sbt/1.2.7/sjson-new-murmurhash_2.12-0.8.2.jar
7f391c993000-7f391c995000 r--s 00008000 08:01 165514                     /root/.sbt/boot/scala-2.12.7/org.scala-sbt/sbt/1.2.7/sjson-new-scalajson_2.12-0.8.2.jar
7f391c995000-7f391c997000 r--s 00012000 08:01 165539                     /root/.sbt/boot/scala-2.12.7/org.scala-sbt/sbt/1.2.7/okio-1.12.0.jar
7f391c997000-7f391c99a000 r--s 00034000 08:01 165523                     /root/.sbt/boot/scala-2.12.7/org.scala-sbt/sbt/1.2.7/zinc-compile-core_2.12-1.2.5.jar
7f391c99a000-7f391c9af000 r--s 00101000 08:01 165627                     /root/.sbt/boot/scala-2.12.7/org.scala-sbt/sbt/1.2.7/ivy-2.3.0-sbt-b18f59ea3bc914a297bb6f1a4f7fb0ace399e310.jar
7f391c9af000-7f391c9b1000 r--s 0002f000 08:01 165450                     /root/.sbt/boot/scala-2.12.7/org.scala-sbt/sbt/1.2.7/util-cache_2.12-1.2.4.jar
7f391c9b1000-7f391c9b5000 r--s 00038000 08:01 165599                     /root/.sbt/boot/scala-2.12.7/org.scala-sbt/sbt/1.2.7/ssl-config-core_2.12-0.2.2.jar
7f391c9b5000-7f391c9b6000 r--s 00005000 08:01 165490                     /root/.sbt/boot/scala-2.12.7/org.scala-sbt/sbt/1.2.7/test-agent-1.2.7.jar
7f391c9b6000-7f391c9c3000 r--s 001a6000 08:01 165506                     /root/.sbt/boot/scala-2.12.7/org.scala-sbt/sbt/1.2.7/scalapb-runtime_2.12-0.6.0.jar
7f391c9c3000-7f391c9c4000 r--s 00002000 08:01 165406                     /root/.sbt/boot/scala-2.12.7/org.scala-sbt/sbt/1.2.7/launcher-interface-1.0.4.jar
7f391c9c4000-7f391c9c6000 r--s 0000e000 08:01 165464                     /root/.sbt/boot/scala-2.12.7/org.scala-sbt/sbt/1.2.7/zinc_2.12-1.2.5.jar
7f391c9c6000-7f391c9c7000 r--s 00003000 08:01 165543                     /root/.sbt/boot/scala-2.12.7/org.scala-sbt/sbt/1.2.7/zinc-compile_2.12-1.2.5.jar
7f391c9c7000-7f391c9ca000 r--s 0002e000 08:01 165635                     /root/.sbt/boot/scala-2.12.7/org.scala-sbt/sbt/1.2.7/testing_2.12-1.2.7.jar
7f391c9ca000-7f391cbca000 rw-p 00000000 00:00 0 
7f391cbca000-7f391cbd5000 r--s 001c3000 08:01 165408                     /root/.sbt/boot/scala-2.12.7/org.scala-sbt/sbt/1.2.7/main_2.12-1.2.7.jar
7f391cbd5000-7f391cbd7000 r--s 00012000 08:01 165473                     /root/.sbt/boot/scala-2.12.7/org.scala-sbt/sbt/1.2.7/tasks_2.12-1.2.7.jar
7f391cbd7000-7f391cbe8000 r-xp 00000000 08:01 1315843                    /usr/lib/jvm/jdk1.8.0_191/jre/lib/amd64/libnio.so
7f391cbe8000-7f391cde7000 ---p 00011000 08:01 1315843                    /usr/lib/jvm/jdk1.8.0_191/jre/lib/amd64/libnio.so
7f391cde7000-7f391cde8000 r--p 00010000 08:01 1315843                    /usr/lib/jvm/jdk1.8.0_191/jre/lib/amd64/libnio.so
7f391cde8000-7f391cde9000 rw-p 00011000 08:01 1315843                    /usr/lib/jvm/jdk1.8.0_191/jre/lib/amd64/libnio.so
7f391cde9000-7f391cdff000 r-xp 00000000 08:01 1315840                    /usr/lib/jvm/jdk1.8.0_191/jre/lib/amd64/libnet.so
7f391cdff000-7f391cffe000 ---p 00016000 08:01 1315840                    /usr/lib/jvm/jdk1.8.0_191/jre/lib/amd64/libnet.so
7f391cffe000-7f391cfff000 r--p 00015000 08:01 1315840                    /usr/lib/jvm/jdk1.8.0_191/jre/lib/amd64/libnet.so
7f391cfff000-7f391d000000 rw-p 00016000 08:01 1315840                    /usr/lib/jvm/jdk1.8.0_191/jre/lib/amd64/libnet.so
7f391d000000-7f3920000000 rw-p 00000000 00:00 0 
7f3920000000-7f3920025000 rw-p 00000000 00:00 0 
7f3920025000-7f3924000000 ---p 00000000 00:00 0 
7f3924000000-7f3924005000 r--s 00040000 08:01 165493                     /root/.sbt/boot/scala-2.12.7/org.scala-sbt/sbt/1.2.7/jsch-0.1.54.jar
7f3924005000-7f3924007000 r--s 00002000 08:01 165544                     /root/.sbt/boot/scala-2.12.7/org.scala-sbt/sbt/1.2.7/test-interface-1.0.jar
7f3924007000-7f3924009000 r--s 00009000 08:01 165614                     /root/.sbt/boot/scala-2.12.7/org.scala-sbt/sbt/1.2.7/slf4j-api-1.7.25.jar
7f3924009000-7f392400b000 r--s 00007000 08:01 165467                     /root/.sbt/boot/scala-2.12.7/org.scala-sbt/sbt/1.2.7/lenses_2.12-0.4.12.jar
7f392400b000-7f392400f000 r--s 00030000 08:01 165621                     /root/.sbt/boot/scala-2.12.7/org.scala-sbt/sbt/1.2.7/scala-parser-combinators_2.12-1.0.5.jar
7f392400f000-7f392401e000 r--s 0013d000 08:01 165409                     /root/.sbt/boot/scala-2.12.7/org.scala-sbt/sbt/1.2.7/protobuf-java-3.3.1.jar
7f392401e000-7f3924020000 r--s 00019000 08:01 165388                     /root/.sbt/boot/scala-2.12.7/org.scala-sbt/sbt/1.2.7/sourcecode_2.12-0.1.3.jar
7f3924020000-7f3924024000 r--s 0003e000 08:01 165620                     /root/.sbt/boot/scala-2.12.7/org.scala-sbt/sbt/1.2.7/jline-2.14.6.jar
7f3924024000-7f3924026000 r--s 0000b000 08:01 165527                     /root/.sbt/boot/scala-2.12.7/org.scala-sbt/sbt/1.2.7/logic_2.12-1.2.7.jar
7f3924026000-7f3924027000 r--s 00003000 08:01 165396                     /root/.sbt/boot/scala-2.12.7/org.scala-sbt/sbt/1.2.7/util-relation_2.12-1.2.4.jar
7f3924027000-7f392402b000 r--s 00052000 08:01 165536                     /root/.sbt/boot/scala-2.12.7/org.scala-sbt/sbt/1.2.7/zinc-core_2.12-1.2.5.jar
7f392402b000-7f392402d000 r--s 00019000 08:01 165442                     /root/.sbt/boot/scala-2.12.7/org.scala-sbt/sbt/1.2.7/task-system_2.12-1.2.7.jar
7f392402d000-7f392402e000 r--s 00005000 08:01 165476                     /root/.sbt/boot/scala-2.12.7/org.scala-sbt/sbt/1.2.7/log4j-slf4j-impl-2.11.1.jar
7f392402e000-7f3924044000 r--s 000e0000 08:01 165504                     /root/.sbt/boot/scala-2.12.7/org.scala-sbt/sbt/1.2.7/caffeine-2.5.6.jar
7f3924044000-7f3924047000 r--s 0003a000 08:01 165410                     /root/.sbt/boot/scala-2.12.7/org.scala-sbt/sbt/1.2.7/util-logging_2.12-1.2.4.jar
7f3924047000-7f392404a000 r--s 00031000 08:01 165387                     /root/.sbt/boot/scala-2.12.7/org.scala-sbt/sbt/1.2.7/compiler-bridge_2.12-1.2.5.jar
7f392404a000-7f3924051000 r--s 00091000 08:01 165393                     /root/.sbt/boot/scala-2.12.7/org.scala-sbt/sbt/1.2.7/main-settings_2.12-1.2.7.jar
7f3924051000-7f3924053000 r--s 00031000 08:01 165478                     /root/.sbt/boot/scala-2.12.7/org.scala-sbt/sbt/1.2.7/actions_2.12-1.2.7.jar
7f3924053000-7f3924059000 r--s 000bb000 08:01 165574                     /root/.sbt/boot/scala-2.12.7/org.scala-sbt/sbt/1.2.7/sjson-new-core_2.12-0.8.2.jar
7f3924059000-7f392405d000 r--s 0004c000 08:01 165585                     /root/.sbt/boot/scala-2.12.7/org.scala-sbt/sbt/1.2.7/collections_2.12-1.2.7.jar
7f392405d000-7f3924063000 r--s 00080000 08:01 165417                     /root/.sbt/boot/scala-2.12.7/org.scala-sbt/sbt/1.2.7/scala-xml_2.12-1.0.6.jar
7f3924063000-7f3924068000 r--s 00031000 08:01 165571                     /root/.sbt/boot/scala-2.12.7/org.scala-sbt/sbt/1.2.7/config-1.2.0.jar
7f3924068000-7f3924072000 r--s 000b6000 08:01 165401                     /root/.sbt/boot/scala-2.12.7/org.scala-sbt/sbt/1.2.7/librarymanagement-core_2.12-1.2.3.jar
7f3924072000-7f3924073000 r--s 0000f000 08:01 165613                     /root/.sbt/boot/scala-2.12.7/org.scala-sbt/sbt/1.2.7/sbt-1.2.7.jar
7f3924073000-7f3924079000 r--s 0003b000 08:01 165558                     /root/.sbt/boot/scala-2.12.7/org.scala-sbt/sbt/1.2.7/log4j-api-2.11.1.jar
7f3924079000-7f392407b000 r--s 00011000 08:01 165502                     /root/.sbt/boot/scala-2.12.7/org.scala-sbt/sbt/1.2.7/zinc-classpath_2.12-1.2.5.jar
7f392407b000-7f3924095000 r--s 0021e000 08:01 165468                     /root/.sbt/boot/scala-2.12.7/org.scala-sbt/sbt/1.2.7/jna-platform-4.5.0.jar
7f3924095000-7f39240b6000 r--s 00168000 08:01 165415                     /root/.sbt/boot/scala-2.12.7/org.scala-sbt/sbt/1.2.7/log4j-core-2.11.1.jar
7f39240b6000-7f3924105000 r--s 009b0000 08:01 165648                     /root/.sbt/boot/scala-2.12.7/lib/scala-compiler.jar
7f3924105000-7f392413c000 r--s 004d2000 08:01 165642                     /root/.sbt/boot/scala-2.12.7/lib/scala-library.jar
7f392413c000-7f392413d000 ---p 00000000 00:00 0 
7f392413d000-7f392423d000 rw-p 00000000 00:00 0 
7f392423d000-7f3924240000 ---p 00000000 00:00 0 
7f3924240000-7f392433e000 rw-p 00000000 00:00 0 
7f392433e000-7f3924341000 ---p 00000000 00:00 0 
7f3924341000-7f392443f000 rw-p 00000000 00:00 0 
7f392443f000-7f3924442000 ---p 00000000 00:00 0 
7f3924442000-7f3924540000 rw-p 00000000 00:00 0 
7f3924540000-7f3924543000 ---p 00000000 00:00 0 
7f3924543000-7f3924641000 rw-p 00000000 00:00 0 
7f3924641000-7f3925000000 r--p 00000000 08:01 139734                     /usr/lib/locale/locale-archive
7f3925000000-7f3926080000 rwxp 00000000 00:00 0 
7f3926080000-7f3934000000 ---p 00000000 00:00 0 
7f3934000000-7f3937ce2000 rw-p 00000000 00:00 0 
7f3937ce2000-7f3938000000 ---p 00000000 00:00 0 
7f3938000000-7f3938023000 r--s 00350000 08:01 165649                     /root/.sbt/boot/scala-2.12.7/lib/scala-reflect.jar
7f3938023000-7f393803f000 r--s 0010e000 08:01 294671                     /root/.IntelliJIdea2018.2/config/plugins/Scala/launcher/sbt-launch.jar
7f393803f000-7f3938042000 ---p 00000000 00:00 0 
7f3938042000-7f3938140000 rw-p 00000000 00:00 0 
7f3938140000-7f3938143000 ---p 00000000 00:00 0 
7f3938143000-7f3938241000 rw-p 00000000 00:00 0 
7f3938241000-7f3938244000 ---p 00000000 00:00 0 
7f3938244000-7f3938342000 rw-p 00000000 00:00 0 
7f3938342000-7f3938343000 ---p 00000000 00:00 0 
7f3938343000-7f3939352000 rw-p 00000000 00:00 0 
7f3939352000-7f393952c000 r--s 03d6c000 08:01 1315623                    /usr/lib/jvm/jdk1.8.0_191/jre/lib/rt.jar
7f393952c000-7f393a0a2000 rw-p 00000000 00:00 0 
7f393a0a2000-7f393a0a3000 ---p 00000000 00:00 0 
7f393a0a3000-7f393a1a3000 rw-p 00000000 00:00 0 
7f393a1a3000-7f393a1a4000 ---p 00000000 00:00 0 
7f393a1a4000-7f393a2a4000 rw-p 00000000 00:00 0 
7f393a2a4000-7f393a2a5000 ---p 00000000 00:00 0 
7f393a2a5000-7f393a3a5000 rw-p 00000000 00:00 0 
7f393a3a5000-7f393a3a6000 ---p 00000000 00:00 0 
7f393a3a6000-7f393a4d8000 rw-p 00000000 00:00 0 
7f393a4d8000-7f393a6a6000 ---p 00000000 00:00 0 
7f393a6a6000-7f393a6d8000 rw-p 00000000 00:00 0 
7f393a6d8000-7f393a8a6000 ---p 00000000 00:00 0 
7f393a8a6000-7f393a8eb000 rw-p 00000000 00:00 0 
7f393a8eb000-7f393a9a6000 ---p 00000000 00:00 0 
7f393a9a6000-7f393a9e9000 rw-p 00000000 00:00 0 
7f393a9e9000-7f393ad67000 ---p 00000000 00:00 0 
7f393ad67000-7f393ad81000 r-xp 00000000 08:01 1315836                    /usr/lib/jvm/jdk1.8.0_191/jre/lib/amd64/libzip.so
7f393ad81000-7f393af81000 ---p 0001a000 08:01 1315836                    /usr/lib/jvm/jdk1.8.0_191/jre/lib/amd64/libzip.so
7f393af81000-7f393af82000 r--p 0001a000 08:01 1315836                    /usr/lib/jvm/jdk1.8.0_191/jre/lib/amd64/libzip.so
7f393af82000-7f393af83000 rw-p 0001b000 08:01 1315836                    /usr/lib/jvm/jdk1.8.0_191/jre/lib/amd64/libzip.so
7f393af83000-7f393af8e000 r-xp 00000000 08:01 397866                     /lib/x86_64-linux-gnu/libnss_files-2.23.so
7f393af8e000-7f393b18d000 ---p 0000b000 08:01 397866                     /lib/x86_64-linux-gnu/libnss_files-2.23.so
7f393b18d000-7f393b18e000 r--p 0000a000 08:01 397866                     /lib/x86_64-linux-gnu/libnss_files-2.23.so
7f393b18e000-7f393b18f000 rw-p 0000b000 08:01 397866                     /lib/x86_64-linux-gnu/libnss_files-2.23.so
7f393b18f000-7f393b195000 rw-p 00000000 00:00 0 
7f393b195000-7f393b1a0000 r-xp 00000000 08:01 397876                     /lib/x86_64-linux-gnu/libnss_nis-2.23.so
7f393b1a0000-7f393b39f000 ---p 0000b000 08:01 397876                     /lib/x86_64-linux-gnu/libnss_nis-2.23.so
7f393b39f000-7f393b3a0000 r--p 0000a000 08:01 397876                     /lib/x86_64-linux-gnu/libnss_nis-2.23.so
7f393b3a0000-7f393b3a1000 rw-p 0000b000 08:01 397876                     /lib/x86_64-linux-gnu/libnss_nis-2.23.so
7f393b3a1000-7f393b3b7000 r-xp 00000000 08:01 397860                     /lib/x86_64-linux-gnu/libnsl-2.23.so
7f393b3b7000-7f393b5b6000 ---p 00016000 08:01 397860                     /lib/x86_64-linux-gnu/libnsl-2.23.so
7f393b5b6000-7f393b5b7000 r--p 00015000 08:01 397860                     /lib/x86_64-linux-gnu/libnsl-2.23.so
7f393b5b7000-7f393b5b8000 rw-p 00016000 08:01 397860                     /lib/x86_64-linux-gnu/libnsl-2.23.so
7f393b5b8000-7f393b5ba000 rw-p 00000000 00:00 0 
7f393b5ba000-7f393b5c2000 r-xp 00000000 08:01 397862                     /lib/x86_64-linux-gnu/libnss_compat-2.23.so
7f393b5c2000-7f393b7c1000 ---p 00008000 08:01 397862                     /lib/x86_64-linux-gnu/libnss_compat-2.23.so
7f393b7c1000-7f393b7c2000 r--p 00007000 08:01 397862                     /lib/x86_64-linux-gnu/libnss_compat-2.23.so
7f393b7c2000-7f393b7c3000 rw-p 00008000 08:01 397862                     /lib/x86_64-linux-gnu/libnss_compat-2.23.so
7f393b7c3000-7f393b7f0000 r-xp 00000000 08:01 1315830                    /usr/lib/jvm/jdk1.8.0_191/jre/lib/amd64/libjava.so
7f393b7f0000-7f393b9ef000 ---p 0002d000 08:01 1315830                    /usr/lib/jvm/jdk1.8.0_191/jre/lib/amd64/libjava.so
7f393b9ef000-7f393b9f0000 r--p 0002c000 08:01 1315830                    /usr/lib/jvm/jdk1.8.0_191/jre/lib/amd64/libjava.so
7f393b9f0000-7f393b9f2000 rw-p 0002d000 08:01 1315830                    /usr/lib/jvm/jdk1.8.0_191/jre/lib/amd64/libjava.so
7f393b9f2000-7f393b9ff000 r-xp 00000000 08:01 1315835                    /usr/lib/jvm/jdk1.8.0_191/jre/lib/amd64/libverify.so
7f393b9ff000-7f393bbfe000 ---p 0000d000 08:01 1315835                    /usr/lib/jvm/jdk1.8.0_191/jre/lib/amd64/libverify.so
7f393bbfe000-7f393bc00000 r--p 0000c000 08:01 1315835                    /usr/lib/jvm/jdk1.8.0_191/jre/lib/amd64/libverify.so
7f393bc00000-7f393bc01000 rw-p 0000e000 08:01 1315835                    /usr/lib/jvm/jdk1.8.0_191/jre/lib/amd64/libverify.so
7f393bc01000-7f393bc08000 r-xp 00000000 08:01 397921                     /lib/x86_64-linux-gnu/librt-2.23.so
7f393bc08000-7f393be07000 ---p 00007000 08:01 397921                     /lib/x86_64-linux-gnu/librt-2.23.so
7f393be07000-7f393be08000 r--p 00006000 08:01 397921                     /lib/x86_64-linux-gnu/librt-2.23.so
7f393be08000-7f393be09000 rw-p 00007000 08:01 397921                     /lib/x86_64-linux-gnu/librt-2.23.so
7f393be09000-7f393bf11000 r-xp 00000000 08:01 397837                     /lib/x86_64-linux-gnu/libm-2.23.so
7f393bf11000-7f393c110000 ---p 00108000 08:01 397837                     /lib/x86_64-linux-gnu/libm-2.23.so
7f393c110000-7f393c111000 r--p 00107000 08:01 397837                     /lib/x86_64-linux-gnu/libm-2.23.so
7f393c111000-7f393c112000 rw-p 00108000 08:01 397837                     /lib/x86_64-linux-gnu/libm-2.23.so
7f393c112000-7f393cdf4000 r-xp 00000000 08:01 1315812                    /usr/lib/jvm/jdk1.8.0_191/jre/lib/amd64/server/libjvm.so
7f393cdf4000-7f393cff4000 ---p 00ce2000 08:01 1315812                    /usr/lib/jvm/jdk1.8.0_191/jre/lib/amd64/server/libjvm.so
7f393cff4000-7f393d08a000 r--p 00ce2000 08:01 1315812                    /usr/lib/jvm/jdk1.8.0_191/jre/lib/amd64/server/libjvm.so
7f393d08a000-7f393d0bb000 rw-p 00d78000 08:01 1315812                    /usr/lib/jvm/jdk1.8.0_191/jre/lib/amd64/server/libjvm.so
7f393d0bb000-7f393d0f6000 rw-p 00000000 00:00 0 
7f393d0f6000-7f393d2b6000 r-xp 00000000 08:01 397767                     /lib/x86_64-linux-gnu/libc-2.23.so
7f393d2b6000-7f393d4b6000 ---p 001c0000 08:01 397767                     /lib/x86_64-linux-gnu/libc-2.23.so
7f393d4b6000-7f393d4ba000 r--p 001c0000 08:01 397767                     /lib/x86_64-linux-gnu/libc-2.23.so
7f393d4ba000-7f393d4bc000 rw-p 001c4000 08:01 397767                     /lib/x86_64-linux-gnu/libc-2.23.so
7f393d4bc000-7f393d4c0000 rw-p 00000000 00:00 0 
7f393d4c0000-7f393d4c3000 r-xp 00000000 08:01 397791                     /lib/x86_64-linux-gnu/libdl-2.23.so
7f393d4c3000-7f393d6c2000 ---p 00003000 08:01 397791                     /lib/x86_64-linux-gnu/libdl-2.23.so
7f393d6c2000-7f393d6c3000 r--p 00002000 08:01 397791                     /lib/x86_64-linux-gnu/libdl-2.23.so
7f393d6c3000-7f393d6c4000 rw-p 00003000 08:01 397791                     /lib/x86_64-linux-gnu/libdl-2.23.so
7f393d6c4000-7f393d6db000 r-xp 00000000 08:01 1315490                    /usr/lib/jvm/jdk1.8.0_191/lib/amd64/jli/libjli.so
7f393d6db000-7f393d8da000 ---p 00017000 08:01 1315490                    /usr/lib/jvm/jdk1.8.0_191/lib/amd64/jli/libjli.so
7f393d8da000-7f393d8db000 r--p 00016000 08:01 1315490                    /usr/lib/jvm/jdk1.8.0_191/lib/amd64/jli/libjli.so
7f393d8db000-7f393d8dc000 rw-p 00017000 08:01 1315490                    /usr/lib/jvm/jdk1.8.0_191/lib/amd64/jli/libjli.so
7f393d8dc000-7f393d8f4000 r-xp 00000000 08:01 397913                     /lib/x86_64-linux-gnu/libpthread-2.23.so
7f393d8f4000-7f393daf3000 ---p 00018000 08:01 397913                     /lib/x86_64-linux-gnu/libpthread-2.23.so
7f393daf3000-7f393daf4000 r--p 00017000 08:01 397913                     /lib/x86_64-linux-gnu/libpthread-2.23.so
7f393daf4000-7f393daf5000 rw-p 00018000 08:01 397913                     /lib/x86_64-linux-gnu/libpthread-2.23.so
7f393daf5000-7f393daf9000 rw-p 00000000 00:00 0 
7f393daf9000-7f393db1f000 r-xp 00000000 08:01 397739                     /lib/x86_64-linux-gnu/ld-2.23.so
7f393db1f000-7f393db21000 r--s 00011000 08:01 165528                     /root/.sbt/boot/scala-2.12.7/org.scala-sbt/sbt/1.2.7/jawn-parser_2.12-0.10.4.jar
7f393db21000-7f393db22000 r--s 00000000 08:01 165560                     /root/.sbt/boot/scala-2.12.7/org.scala-sbt/sbt/1.2.7/util-interface-1.2.4.jar
7f393db22000-7f393db23000 r--s 00005000 08:01 165466                     /root/.sbt/boot/scala-2.12.7/org.scala-sbt/sbt/1.2.7/apple-file-events-1.3.2.jar
7f393db23000-7f393db24000 r--s 00001000 08:01 165607                     /root/.sbt/boot/scala-2.12.7/org.scala-sbt/sbt/1.2.7/scalacache-caffeine_2.12-0.20.0.jar
7f393db24000-7f393db26000 r--s 00007000 08:01 165529                     /root/.sbt/boot/scala-2.12.7/org.scala-sbt/sbt/1.2.7/util-tracking_2.12-1.2.4.jar
7f393db26000-7f393db28000 r--s 00012000 08:01 165459                     /root/.sbt/boot/scala-2.12.7/org.scala-sbt/sbt/1.2.7/core-macros_2.12-1.2.7.jar
7f393db28000-7f393db2c000 r--s 00049000 08:01 165420                     /root/.sbt/boot/scala-2.12.7/org.scala-sbt/sbt/1.2.7/io_2.12-1.2.2.jar
7f393db2c000-7f393db30000 r--s 00047000 08:01 165641                     /root/.sbt/boot/scala-2.12.7/org.scala-sbt/sbt/1.2.7/fastparse_2.12-0.4.2.jar
7f393db30000-7f393db34000 r--s 0015c000 08:01 165628                     /root/.sbt/boot/scala-2.12.7/org.scala-sbt/sbt/1.2.7/jna-4.5.0.jar
7f393db34000-7f393db39000 r--s 00095000 08:01 165505                     /root/.sbt/boot/scala-2.12.7/org.scala-sbt/sbt/1.2.7/librarymanagement-ivy_2.12-1.2.3.jar
7f393db39000-7f393dc01000 rw-p 00000000 00:00 0 
7f393dc01000-7f393dc04000 ---p 00000000 00:00 0 
7f393dc04000-7f393dd07000 rw-p 00000000 00:00 0 
7f393dd07000-7f393dd08000 r--s 00006000 08:01 165492                     /root/.sbt/boot/scala-2.12.7/org.scala-sbt/sbt/1.2.7/util-position_2.12-1.2.4.jar
7f393dd08000-7f393dd09000 r--s 00000000 08:01 165573                     /root/.sbt/boot/scala-2.12.7/org.scala-sbt/sbt/1.2.7/reactive-streams-1.0.0.jar
7f393dd09000-7f393dd0a000 r--s 00000000 08:01 165443                     /root/.sbt/boot/scala-2.12.7/org.scala-sbt/sbt/1.2.7/scripted-plugin_2.12-1.2.7.jar
7f393dd0a000-7f393dd0e000 r--s 0003e000 08:01 165651                     /root/.sbt/boot/scala-2.12.7/lib/jline.jar
7f393dd0e000-7f393dd14000 r--s 00080000 08:01 165646                     /root/.sbt/boot/scala-2.12.7/lib/scala-xml_2.12.jar
7f393dd14000-7f393dd1c000 rw-s 00000000 08:01 1111670                    /tmp/hsperfdata_root/14763
7f393dd1c000-7f393dd1d000 rw-p 00000000 00:00 0 
7f393dd1d000-7f393dd1e000 ---p 00000000 00:00 0 
7f393dd1e000-7f393dd1f000 r--p 00025000 08:01 397739                     /lib/x86_64-linux-gnu/ld-2.23.so
7f393dd1f000-7f393dd20000 rw-p 00026000 08:01 397739                     /lib/x86_64-linux-gnu/ld-2.23.so
7f393dd20000-7f393dd21000 rw-p 00000000 00:00 0 
7fffaf15d000-7fffaf17e000 rw-p 00000000 00:00 0                          [stack]
7fffaf1b1000-7fffaf1b4000 r--p 00000000 00:00 0                          [vvar]
7fffaf1b4000-7fffaf1b6000 r-xp 00000000 00:00 0                          [vdso]
ffffffffff600000-ffffffffff601000 r-xp 00000000 00:00 0                  [vsyscall]

VM Arguments:
jvm_args: -Djline.terminal=jline.UnsupportedTerminal -Dsbt.log.noformat=true -Dfile.encoding=UTF-8 -Xmx1536M -Didea.managed=true -Dfile.encoding=UTF-8 
java_command: /root/.IntelliJIdea2018.2/config/plugins/Scala/launcher/sbt-launch.jar
java_class_path (initial): /root/.IntelliJIdea2018.2/config/plugins/Scala/launcher/sbt-launch.jar
Launcher Type: SUN_STANDARD

Environment Variables:
JAVA_HOME=/usr/lib/jvm/jdk1.8.0_191
JRE_HOME=/usr/lib/jvm/jdk1.8.0_191/jre
CLASSPATH=/usr/lib/ideadIU/idea-IU-182.4892.20/lib/bootstrap.jar:/usr/lib/ideadIU/idea-IU-182.4892.20/lib/extensions.jar:/usr/lib/ideadIU/idea-IU-182.4892.20/lib/util.jar:/usr/lib/ideadIU/idea-IU-182.4892.20/lib/jdom.jar:/usr/lib/ideadIU/idea-IU-182.4892.20/lib/log4j.jar:/usr/lib/ideadIU/idea-IU-182.4892.20/lib/trove4j.jar:/usr/lib/ideadIU/idea-IU-182.4892.20/lib/jna.jar:/usr/lib/ideadIU/idea-IU-182.4892.20/jre64/lib/tools.jar
PATH=/usr/lib/jvm/jdk1.8.0_191/bin:/usr/share/scala-2.11/bin:/usr/local/sbin:/usr/local/bin:/usr/sbin:/usr/bin:/sbin:/bin:/usr/games:/usr/local/games:/snap/bin:/usr/local/go/bin:/root/ideaProject/work/golang_pro/bin
SHELL=/bin/bash
DISPLAY=:0

Signal Handlers:
SIGSEGV: [libjvm.so+0xaced60], sa_mask[0]=11111111011111111101111111111110, sa_flags=SA_RESTART|SA_SIGINFO
SIGBUS: [libjvm.so+0xaced60], sa_mask[0]=11111111011111111101111111111110, sa_flags=SA_RESTART|SA_SIGINFO
SIGFPE: [libjvm.so+0x907ca0], sa_mask[0]=11111111011111111101111111111110, sa_flags=SA_RESTART|SA_SIGINFO
SIGPIPE: [libjvm.so+0x907ca0], sa_mask[0]=11111111011111111101111111111110, sa_flags=SA_RESTART|SA_SIGINFO
SIGXFSZ: [libjvm.so+0x907ca0], sa_mask[0]=11111111011111111101111111111110, sa_flags=SA_RESTART|SA_SIGINFO
SIGILL: [libjvm.so+0x907ca0], sa_mask[0]=11111111011111111101111111111110, sa_flags=SA_RESTART|SA_SIGINFO
SIGUSR1: SIG_DFL, sa_mask[0]=00000000000000000000000000000000, sa_flags=none
SIGUSR2: [libjvm.so+0x907b70], sa_mask[0]=00100000000000000000000000000000, sa_flags=SA_RESTART|SA_SIGINFO
SIGHUP: [libjvm.so+0x908190], sa_mask[0]=11111111011111111101111111111110, sa_flags=SA_RESTART|SA_SIGINFO
SIGINT: [libjvm.so+0x908190], sa_mask[0]=11111111011111111101111111111110, sa_flags=SA_RESTART|SA_SIGINFO
SIGTERM: [libjvm.so+0x908190], sa_mask[0]=11111111011111111101111111111110, sa_flags=SA_RESTART|SA_SIGINFO
SIGQUIT: [libjvm.so+0x908190], sa_mask[0]=11111111011111111101111111111110, sa_flags=SA_RESTART|SA_SIGINFO


---------------  S Y S T E M  ---------------

OS:DISTRIB_ID=Ubuntu
DISTRIB_RELEASE=16.04
DISTRIB_CODENAME=xenial
DISTRIB_DESCRIPTION="Ubuntu 16.04.5 LTS"

uname:Linux 4.15.0-43-generic #46~16.04.1-Ubuntu SMP Fri Dec 7 13:31:08 UTC 2018 x86_64
libc:glibc 2.23 NPTL 2.23 
rlimit: STACK 8192k, CORE 0k, NPROC 23765, NOFILE 1048576, AS infinity
load average:16.38 4.90 1.95

/proc/meminfo:
MemTotal:        6143536 kB
MemFree:           96976 kB
MemAvailable:          0 kB
Buffers:             204 kB
Cached:            54872 kB
SwapCached:            0 kB
Active:          5455332 kB
Inactive:          47576 kB
Active(anon):    5449400 kB
Inactive(anon):    40016 kB
Active(file):       5932 kB
Inactive(file):     7560 kB
Unevictable:          48 kB
Mlocked:              48 kB
SwapTotal:             0 kB
SwapFree:              0 kB
Dirty:                28 kB
Writeback:             0 kB
AnonPages:       5448312 kB
Mapped:            45168 kB
Shmem:             41152 kB
Slab:             118252 kB
SReclaimable:      46992 kB
SUnreclaim:        71260 kB
KernelStack:       13696 kB
PageTables:        41848 kB
NFS_Unstable:          0 kB
Bounce:                0 kB
WritebackTmp:          0 kB
CommitLimit:     3071768 kB
Committed_AS:    8464364 kB
VmallocTotal:   34359738367 kB
VmallocUsed:           0 kB
VmallocChunk:          0 kB
HardwareCorrupted:     0 kB
AnonHugePages:         0 kB
ShmemHugePages:        0 kB
ShmemPmdMapped:        0 kB
CmaTotal:              0 kB
CmaFree:               0 kB
HugePages_Total:       0
HugePages_Free:        0
HugePages_Rsvd:        0
HugePages_Surp:        0
Hugepagesize:       2048 kB
DirectMap4k:      102208 kB
DirectMap2M:     3108864 kB
DirectMap1G:     4194304 kB

container (cgroup) information:
container_type: cgroupv1
cpu_cpuset_cpus: 0-3
cpu_memory_nodes: 0
active_processor_count: 4
cpu_quota: -1
cpu_period: 100000
cpu_shares: -1
memory_limit_in_bytes: -1
memory_and_swap_limit_in_bytes: -2
memory_soft_limit_in_bytes: -1
memory_usage_in_bytes: 5464047616
memory_max_usage_in_bytes: 5464879104


CPU:total 4 (initial active 4) (1 cores per cpu, 1 threads per core) family 6 model 142 stepping 10, cmov, cx8, fxsr, mmx, sse, sse2, sse3, ssse3, sse4.1, sse4.2, popcnt, avx, avx2, aes, clmul, erms, 3dnowpref, lzcnt, tsc, tscinvbit, bmi1, bmi2, adx

/proc/cpuinfo:
processor	: 0
vendor_id	: GenuineIntel
cpu family	: 6
model		: 142
model name	: Intel(R) Core(TM) i7-8550U CPU @ 1.80GHz
stepping	: 10
microcode	: 0x84
cpu MHz		: 2001.000
cache size	: 8192 KB
physical id	: 0
siblings	: 1
core id		: 0
cpu cores	: 1
apicid		: 0
initial apicid	: 0
fpu		: yes
fpu_exception	: yes
cpuid level	: 22
wp		: yes
flags		: fpu vme de pse tsc msr pae mce cx8 apic sep mtrr pge mca cmov pat pse36 clflush dts mmx fxsr sse sse2 ss syscall nx pdpe1gb rdtscp lm constant_tsc arch_perfmon pebs bts nopl xtopology tsc_reliable nonstop_tsc cpuid aperfmperf pni pclmulqdq ssse3 fma cx16 pcid sse4_1 sse4_2 x2apic movbe popcnt tsc_deadline_timer aes xsave avx f16c rdrand hypervisor lahf_lm abm 3dnowprefetch epb invpcid_single pti ibrs ibpb stibp fsgsbase tsc_adjust bmi1 avx2 smep bmi2 invpcid rdseed adx smap xsaveopt dtherm ida arat pln pts hwp hwp_notify hwp_act_window hwp_epp
bugs		: cpu_meltdown spectre_v1 spectre_v2 spec_store_bypass l1tf
bogomips	: 4002.00
clflush size	: 64
cache_alignment	: 64
address sizes	: 42 bits physical, 48 bits virtual
power management:

processor	: 1
vendor_id	: GenuineIntel
cpu family	: 6
model		: 142
model name	: Intel(R) Core(TM) i7-8550U CPU @ 1.80GHz
stepping	: 10
microcode	: 0x84
cpu MHz		: 2001.000
cache size	: 8192 KB
physical id	: 2
siblings	: 1
core id		: 0
cpu cores	: 1
apicid		: 2
initial apicid	: 2
fpu		: yes
fpu_exception	: yes
cpuid level	: 22
wp		: yes
flags		: fpu vme de pse tsc msr pae mce cx8 apic sep mtrr pge mca cmov pat pse36 clflush dts mmx fxsr sse sse2 ss syscall nx pdpe1gb rdtscp lm constant_tsc arch_perfmon pebs bts nopl xtopology tsc_reliable nonstop_tsc cpuid aperfmperf pni pclmulqdq ssse3 fma cx16 pcid sse4_1 sse4_2 x2apic movbe popcnt tsc_deadline_timer aes xsave avx f16c rdrand hypervisor lahf_lm abm 3dnowprefetch epb invpcid_single pti ibrs ibpb stibp fsgsbase tsc_adjust bmi1 avx2 smep bmi2 invpcid rdseed adx smap xsaveopt dtherm ida arat pln pts hwp hwp_notify hwp_act_window hwp_epp
bugs		: cpu_meltdown spectre_v1 spectre_v2 spec_store_bypass l1tf
bogomips	: 4002.00
clflush size	: 64
cache_alignment	: 64
address sizes	: 42 bits physical, 48 bits virtual
power management:

processor	: 2
vendor_id	: GenuineIntel
cpu family	: 6
model		: 142
model name	: Intel(R) Core(TM) i7-8550U CPU @ 1.80GHz
stepping	: 10
microcode	: 0x84
cpu MHz		: 2001.000
cache size	: 8192 KB
physical id	: 4
siblings	: 1
core id		: 0
cpu cores	: 1
apicid		: 4
initial apicid	: 4
fpu		: yes
fpu_exception	: yes
cpuid level	: 22
wp		: yes
flags		: fpu vme de pse tsc msr pae mce cx8 apic sep mtrr pge mca cmov pat pse36 clflush dts mmx fxsr sse sse2 ss syscall nx pdpe1gb rdtscp lm constant_tsc arch_perfmon pebs bts nopl xtopology tsc_reliable nonstop_tsc cpuid aperfmperf pni pclmulqdq ssse3 fma cx16 pcid sse4_1 sse4_2 x2apic movbe popcnt tsc_deadline_timer aes xsave avx f16c rdrand hypervisor lahf_lm abm 3dnowprefetch epb invpcid_single pti ibrs ibpb stibp fsgsbase tsc_adjust bmi1 avx2 smep bmi2 invpcid rdseed adx smap xsaveopt dtherm ida arat pln pts hwp hwp_notify hwp_act_window hwp_epp
bugs		: cpu_meltdown spectre_v1 spectre_v2 spec_store_bypass l1tf
bogomips	: 4002.00
clflush size	: 64
cache_alignment	: 64
address sizes	: 42 bits physical, 48 bits virtual
power management:

processor	: 3
vendor_id	: GenuineIntel
cpu family	: 6
model		: 142
model name	: Intel(R) Core(TM) i7-8550U CPU @ 1.80GHz
stepping	: 10
microcode	: 0x84
cpu MHz		: 2001.000
cache size	: 8192 KB
physical id	: 6
siblings	: 1
core id		: 0
cpu cores	: 1
apicid		: 6
initial apicid	: 6
fpu		: yes
fpu_exception	: yes
cpuid level	: 22
wp		: yes
flags		: fpu vme de pse tsc msr pae mce cx8 apic sep mtrr pge mca cmov pat pse36 clflush dts mmx fxsr sse sse2 ss syscall nx pdpe1gb rdtscp lm constant_tsc arch_perfmon pebs bts nopl xtopology tsc_reliable nonstop_tsc cpuid aperfmperf pni pclmulqdq ssse3 fma cx16 pcid sse4_1 sse4_2 x2apic movbe popcnt tsc_deadline_timer aes xsave avx f16c rdrand hypervisor lahf_lm abm 3dnowprefetch epb invpcid_single pti ibrs ibpb stibp fsgsbase tsc_adjust bmi1 avx2 smep bmi2 invpcid rdseed adx smap xsaveopt dtherm ida arat pln pts hwp hwp_notify hwp_act_window hwp_epp
bugs		: cpu_meltdown spectre_v1 spectre_v2 spec_store_bypass l1tf
bogomips	: 4002.00
clflush size	: 64
cache_alignment	: 64
address sizes	: 42 bits physical, 48 bits virtual
power management:



Memory: 4k page, physical 6143536k(99472k free), swap 0k(0k free)

vm_info: Java HotSpot(TM) 64-Bit Server VM (25.191-b12) for linux-amd64 JRE (1.8.0_191-b12), built on Oct  6 2018 05:43:09 by "java_re" with gcc 7.3.0

time: Wed Dec 26 11:26:01 2018
elapsed time: 90 seconds (0d 0h 1m 30s)

