#
# There is insufficient memory for the Java Runtime Environment to continue.
# Native memory allocation (mmap) failed to map 58720256 bytes for committing reserved memory.
# Possible reasons:
#   The system is out of physical RAM or swap space
#   In 32 bit mode, the process size limit was hit
# Possible solutions:
#   Reduce memory load on the system
#   Increase physical memory or swap space
#   Check if swap backing store is full
#   Use 64 bit Java on a 64 bit OS
#   Decrease Java heap size (-Xmx/-Xms)
#   Decrease number of Java threads
#   Decrease Java thread stack sizes (-Xss)
#   Set larger code cache with -XX:ReservedCodeCacheSize=
# This output file may be truncated or incomplete.
#
#  Out of Memory Error (os_linux.cpp:2743), pid=12500, tid=0x00007f1c79dc9700
#
# JRE version: Java(TM) SE Runtime Environment (8.0_191-b12) (build 1.8.0_191-b12)
# Java VM: Java HotSpot(TM) 64-Bit Server VM (25.191-b12 mixed mode linux-amd64 compressed oops)
# Failed to write core dump. Core dumps have been disabled. To enable core dumping, try "ulimit -c unlimited" before starting Java again
#

---------------  T H R E A D  ---------------

Current thread (0x00007f1c90142800):  VMThread [stack: 0x00007f1c79cc9000,0x00007f1c79dca000] [id=12508]

Stack: [0x00007f1c79cc9000,0x00007f1c79dca000],  sp=0x00007f1c79dc8440,  free space=1021k
Native frames: (J=compiled Java code, j=interpreted, Vv=VM code, C=native code)
V  [libjvm.so+0xace425]  VMError::report_and_die()+0x2c5
V  [libjvm.so+0x4deb77]  report_vm_out_of_memory(char const*, int, unsigned long, VMErrorType, char const*)+0x67
V  [libjvm.so+0x90c570]  os::pd_commit_memory(char*, unsigned long, unsigned long, bool)+0x100
V  [libjvm.so+0x903eaf]  os::commit_memory(char*, unsigned long, unsigned long, bool)+0x1f
V  [libjvm.so+0x988346]  PSVirtualSpace::expand_by(unsigned long)+0x56
V  [libjvm.so+0x97768b]  PSOldGen::expand_by(unsigned long) [clone .part.28]+0x1b
V  [libjvm.so+0x977848]  PSOldGen::expand(unsigned long) [clone .part.29]+0xa8
V  [libjvm.so+0x9783f1]  PSOldGen::resize(unsigned long)+0xe1
V  [libjvm.so+0x97e506]  PSParallelCompact::invoke_no_policy(bool) [clone .part.118]+0xa06
V  [libjvm.so+0x97e80e]  PSParallelCompact::invoke(bool)+0x7e
V  [libjvm.so+0x45c113]  CollectedHeap::collect_as_vm_thread(GCCause::Cause)+0x153
V  [libjvm.so+0xacf4b1]  VM_CollectForMetadataAllocation::doit()+0x161
V  [libjvm.so+0xad50f6]  VM_Operation::evaluate()+0x46
V  [libjvm.so+0xad347d]  VMThread::evaluate_operation(VM_Operation*) [clone .constprop.44]+0xcd
V  [libjvm.so+0xad3a3b]  VMThread::loop()+0x37b
V  [libjvm.so+0xad3de8]  VMThread::run()+0x78
V  [libjvm.so+0x909c92]  java_start(Thread*)+0x102

VM_Operation (0x00007f1c964a4130): CollectForMetadataAllocation, mode: safepoint, requested by thread 0x00007f1c9000d000


---------------  P R O C E S S  ---------------

Java Threads: ( => current thread )
  0x00007f1c92751800 JavaThread "process reaper" daemon [_thread_blocked, id=12550, stack(0x00007f1c3c023000,0x00007f1c3c05c000)]
  0x00007f1c9373f800 JavaThread "process reaper" daemon [_thread_blocked, id=12530, stack(0x00007f1c7802c000,0x00007f1c78065000)]
  0x00007f1c92478800 JavaThread "Log4j2-TF-1-AsyncLogger[AsyncContext@d706f19]-1" daemon [_thread_blocked, id=12526, stack(0x00007f1c3ccfe000,0x00007f1c3cdff000)]
  0x00007f1c9019b800 JavaThread "Service Thread" daemon [_thread_blocked, id=12519, stack(0x00007f1c791bb000,0x00007f1c792bc000)]
  0x00007f1c90198000 JavaThread "C1 CompilerThread2" daemon [_thread_blocked, id=12518, stack(0x00007f1c792bc000,0x00007f1c793bd000)]
  0x00007f1c90196800 JavaThread "C2 CompilerThread1" daemon [_thread_blocked, id=12517, stack(0x00007f1c793bd000,0x00007f1c794be000)]
  0x00007f1c90193800 JavaThread "C2 CompilerThread0" daemon [_thread_blocked, id=12516, stack(0x00007f1c794be000,0x00007f1c795bf000)]
  0x00007f1c90191000 JavaThread "JDWP Event Helper Thread" daemon [_thread_blocked, id=12515, stack(0x00007f1c795bf000,0x00007f1c796c0000)]
  0x00007f1c9018c800 JavaThread "JDWP Transport Listener: dt_socket" daemon [_thread_in_native, id=12514, stack(0x00007f1c796c0000,0x00007f1c797c1000)]
  0x00007f1c90180800 JavaThread "Signal Dispatcher" daemon [_thread_blocked, id=12513, stack(0x00007f1c799c6000,0x00007f1c79ac7000)]
  0x00007f1c9014e800 JavaThread "Finalizer" daemon [_thread_blocked, id=12512, stack(0x00007f1c79ac7000,0x00007f1c79bc8000)]
  0x00007f1c9014c000 JavaThread "Reference Handler" daemon [_thread_blocked, id=12511, stack(0x00007f1c79bc8000,0x00007f1c79cc9000)]
  0x00007f1c9000d000 JavaThread "main" [_thread_blocked, id=12502, stack(0x00007f1c963a9000,0x00007f1c964aa000)]

Other Threads:
=>0x00007f1c90142800 VMThread [stack: 0x00007f1c79cc9000,0x00007f1c79dca000] [id=12508]
  0x00007f1c901a0800 WatcherThread [stack: 0x00007f1c790ba000,0x00007f1c791bb000] [id=12520]

VM state:at safepoint (normal execution)

VM Mutex/Monitor currently owned by a thread:  ([mutex/lock_event])
[0x00007f1c900090e0] ExpandHeap_lock - owner thread: 0x00007f1c90142800
[0x00007f1c90009760] Threads_lock - owner thread: 0x00007f1c90142800
[0x00007f1c90009c60] Heap_lock - owner thread: 0x00007f1c9000d000

Heap:
 PSYoungGen      total 93184K, used 0K [0x00000000e0000000, 0x00000000e6e80000, 0x0000000100000000)
  eden space 77312K, 0% used [0x00000000e0000000,0x00000000e0000000,0x00000000e4b80000)
  from space 15872K, 0% used [0x00000000e5c80000,0x00000000e5c80000,0x00000000e6c00000)
  to   space 17408K, 0% used [0x00000000e4b80000,0x00000000e4b80000,0x00000000e5c80000)
 ParOldGen       total 78336K, used 32341K [0x00000000a0000000, 0x00000000a4c80000, 0x00000000e0000000)
  object space 78336K, 41% used [0x00000000a0000000,0x00000000a1f95520,0x00000000a4c80000)
 Metaspace       used 53969K, capacity 58841K, committed 59008K, reserved 1099776K
  class space    used 7405K, capacity 7693K, committed 7808K, reserved 1048576K

Card table byte_map: [0x00007f1c7eeb6000,0x00007f1c7f1b7000] byte_map_base: 0x00007f1c7e9b6000

Marking Bits: (ParMarkBitMap*) 0x00007f1c95880d40
 Begin Bits: [0x00007f1c7b9b3000, 0x00007f1c7d1b3000)
 End Bits:   [0x00007f1c7d1b3000, 0x00007f1c7e9b3000)

Polling page: 0x00007f1c964c5000

CodeCache: size=245760Kb used=12443Kb max_used=12502Kb free=233316Kb
 bounds [0x00007f1c7f577000, 0x00007f1c801b7000, 0x00007f1c8e577000]
 total_blobs=4364 nmethods=3840 adapters=444
 compilation: enabled

Compilation events (10 events):
Event: 17.933 Thread 0x00007f1c90198000 3932       3       scala.collection.mutable.StringBuilder::toString (8 bytes)
Event: 17.933 Thread 0x00007f1c90198000 nmethod 3932 0x00007f1c80179ad0 code [0x00007f1c80179c40, 0x00007f1c80179f28]
Event: 17.940 Thread 0x00007f1c90198000 3933       1       scala.collection.mutable.IndexedSeqLike::$init$ (1 bytes)
Event: 17.940 Thread 0x00007f1c90198000 nmethod 3933 0x00007f1c80179810 code [0x00007f1c80179960, 0x00007f1c80179a50]
Event: 17.943 Thread 0x00007f1c90198000 3935       3       scala.runtime.RichChar$::isLetterOrDigit$extension (5 bytes)
Event: 17.943 Thread 0x00007f1c90198000 nmethod 3935 0x00007f1c80179090 code [0x00007f1c80179220, 0x00007f1c801795f8]
Event: 17.943 Thread 0x00007f1c90198000 3934       3       sbt.internal.util.complete.Parsers::isScalaIDChar (28 bytes)
Event: 17.943 Thread 0x00007f1c90198000 nmethod 3934 0x00007f1c80178550 code [0x00007f1c80178700, 0x00007f1c80178d78]
Event: 17.943 Thread 0x00007f1c90193800 3936       4       java.util.HashSet::add (20 bytes)
Event: 17.944 Thread 0x00007f1c90193800 nmethod 3936 0x00007f1c80178210 code [0x00007f1c80178360, 0x00007f1c80178448]

GC Heap History (10 events):
Event: 8.768 GC heap after
Heap after GC invocations=6 (full 1):
 PSYoungGen      total 52736K, used 3570K [0x00000000e0000000, 0x00000000e4980000, 0x0000000100000000)
  eden space 49152K, 0% used [0x00000000e0000000,0x00000000e0000000,0x00000000e3000000)
  from space 3584K, 99% used [0x00000000e3000000,0x00000000e337c9e8,0x00000000e3380000)
  to   space 9216K, 0% used [0x00000000e4080000,0x00000000e4080000,0x00000000e4980000)
 ParOldGen       total 48640K, used 13968K [0x00000000a0000000, 0x00000000a2f80000, 0x00000000e0000000)
  object space 48640K, 28% used [0x00000000a0000000,0x00000000a0da4278,0x00000000a2f80000)
 Metaspace       used 33751K, capacity 35360K, committed 35416K, reserved 1079296K
  class space    used 4842K, capacity 5067K, committed 5120K, reserved 1048576K
}
Event: 8.768 GC heap before
{Heap before GC invocations=7 (full 2):
 PSYoungGen      total 52736K, used 3570K [0x00000000e0000000, 0x00000000e4980000, 0x0000000100000000)
  eden space 49152K, 0% used [0x00000000e0000000,0x00000000e0000000,0x00000000e3000000)
  from space 3584K, 99% used [0x00000000e3000000,0x00000000e337c9e8,0x00000000e3380000)
  to   space 9216K, 0% used [0x00000000e4080000,0x00000000e4080000,0x00000000e4980000)
 ParOldGen       total 48640K, used 13968K [0x00000000a0000000, 0x00000000a2f80000, 0x00000000e0000000)
  object space 48640K, 28% used [0x00000000a0000000,0x00000000a0da4278,0x00000000a2f80000)
 Metaspace       used 33751K, capacity 35360K, committed 35416K, reserved 1079296K
  class space    used 4842K, capacity 5067K, committed 5120K, reserved 1048576K
Event: 8.873 GC heap after
Heap after GC invocations=7 (full 2):
 PSYoungGen      total 52736K, used 0K [0x00000000e0000000, 0x00000000e4980000, 0x0000000100000000)
  eden space 49152K, 0% used [0x00000000e0000000,0x00000000e0000000,0x00000000e3000000)
  from space 3584K, 0% used [0x00000000e3000000,0x00000000e3000000,0x00000000e3380000)
  to   space 9216K, 0% used [0x00000000e4080000,0x00000000e4080000,0x00000000e4980000)
 ParOldGen       total 78336K, used 13424K [0x00000000a0000000, 0x00000000a4c80000, 0x00000000e0000000)
  object space 78336K, 17% used [0x00000000a0000000,0x00000000a0d1c098,0x00000000a4c80000)
 Metaspace       used 33751K, capacity 35360K, committed 35416K, reserved 1079296K
  class space    used 4842K, capacity 5067K, committed 5120K, reserved 1048576K
}
Event: 10.722 GC heap before
{Heap before GC invocations=8 (full 2):
 PSYoungGen      total 52736K, used 49152K [0x00000000e0000000, 0x00000000e4980000, 0x0000000100000000)
  eden space 49152K, 100% used [0x00000000e0000000,0x00000000e3000000,0x00000000e3000000)
  from space 3584K, 0% used [0x00000000e3000000,0x00000000e3000000,0x00000000e3380000)
  to   space 9216K, 0% used [0x00000000e4080000,0x00000000e4080000,0x00000000e4980000)
 ParOldGen       total 78336K, used 13424K [0x00000000a0000000, 0x00000000a4c80000, 0x00000000e0000000)
  object space 78336K, 17% used [0x00000000a0000000,0x00000000a0d1c098,0x00000000a4c80000)
 Metaspace       used 40607K, capacity 43318K, committed 43520K, reserved 1087488K
  class space    used 5789K, capacity 6023K, committed 6144K, reserved 1048576K
Event: 10.730 GC heap after
Heap after GC invocations=8 (full 2):
 PSYoungGen      total 66560K, used 6159K [0x00000000e0000000, 0x00000000e5180000, 0x0000000100000000)
  eden space 57344K, 0% used [0x00000000e0000000,0x00000000e0000000,0x00000000e3800000)
  from space 9216K, 66% used [0x00000000e4080000,0x00000000e4683f50,0x00000000e4980000)
  to   space 8704K, 0% used [0x00000000e3800000,0x00000000e3800000,0x00000000e4080000)
 ParOldGen       total 78336K, used 13432K [0x00000000a0000000, 0x00000000a4c80000, 0x00000000e0000000)
  object space 78336K, 17% used [0x00000000a0000000,0x00000000a0d1e098,0x00000000a4c80000)
 Metaspace       used 40607K, capacity 43318K, committed 43520K, reserved 1087488K
  class space    used 5789K, capacity 6023K, committed 6144K, reserved 1048576K
}
Event: 12.269 GC heap before
{Heap before GC invocations=9 (full 2):
 PSYoungGen      total 66560K, used 63503K [0x00000000e0000000, 0x00000000e5180000, 0x0000000100000000)
  eden space 57344K, 100% used [0x00000000e0000000,0x00000000e3800000,0x00000000e3800000)
  from space 9216K, 66% used [0x00000000e4080000,0x00000000e4683f50,0x00000000e4980000)
  to   space 8704K, 0% used [0x00000000e3800000,0x00000000e3800000,0x00000000e4080000)
 ParOldGen       total 78336K, used 13432K [0x00000000a0000000, 0x00000000a4c80000, 0x00000000e0000000)
  object space 78336K, 17% used [0x00000000a0000000,0x00000000a0d1e098,0x00000000a4c80000)
 Metaspace       used 47177K, capacity 50189K, committed 50432K, reserved 1093632K
  class space    used 6394K, capacity 6643K, committed 6656K, reserved 1048576K
Event: 12.292 GC heap after
Heap after GC invocations=9 (full 2):
 PSYoungGen      total 66048K, used 8686K [0x00000000e0000000, 0x00000000e6c00000, 0x0000000100000000)
  eden space 57344K, 0% used [0x00000000e0000000,0x00000000e0000000,0x00000000e3800000)
  from space 8704K, 99% used [0x00000000e3800000,0x00000000e407b950,0x00000000e4080000)
  to   space 15872K, 0% used [0x00000000e5c80000,0x00000000e5c80000,0x00000000e6c00000)
 ParOldGen       total 78336K, used 26260K [0x00000000a0000000, 0x00000000a4c80000, 0x00000000e0000000)
  object space 78336K, 33% used [0x00000000a0000000,0x00000000a19a5130,0x00000000a4c80000)
 Metaspace       used 47177K, capacity 50189K, committed 50432K, reserved 1093632K
  class space    used 6394K, capacity 6643K, committed 6656K, reserved 1048576K
}
Event: 17.955 GC heap before
{Heap before GC invocations=10 (full 2):
 PSYoungGen      total 66048K, used 50132K [0x00000000e0000000, 0x00000000e6c00000, 0x0000000100000000)
  eden space 57344K, 72% used [0x00000000e0000000,0x00000000e2879a98,0x00000000e3800000)
  from space 8704K, 99% used [0x00000000e3800000,0x00000000e407b950,0x00000000e4080000)
  to   space 15872K, 0% used [0x00000000e5c80000,0x00000000e5c80000,0x00000000e6c00000)
 ParOldGen       total 78336K, used 26260K [0x00000000a0000000, 0x00000000a4c80000, 0x00000000e0000000)
  object space 78336K, 33% used [0x00000000a0000000,0x00000000a19a5130,0x00000000a4c80000)
 Metaspace       used 53969K, capacity 58841K, committed 59008K, reserved 1099776K
  class space    used 7405K, capacity 7693K, committed 7808K, reserved 1048576K
Event: 18.242 GC heap after
Heap after GC invocations=10 (full 2):
 PSYoungGen      total 93184K, used 13472K [0x00000000e0000000, 0x00000000e6e80000, 0x0000000100000000)
  eden space 77312K, 0% used [0x00000000e0000000,0x00000000e0000000,0x00000000e4b80000)
  from space 15872K, 84% used [0x00000000e5c80000,0x00000000e69a8190,0x00000000e6c00000)
  to   space 17408K, 0% used [0x00000000e4b80000,0x00000000e4b80000,0x00000000e5c80000)
 ParOldGen       total 78336K, used 26268K [0x00000000a0000000, 0x00000000a4c80000, 0x00000000e0000000)
  object space 78336K, 33% used [0x00000000a0000000,0x00000000a19a7130,0x00000000a4c80000)
 Metaspace       used 53969K, capacity 58841K, committed 59008K, reserved 1099776K
  class space    used 7405K, capacity 7693K, committed 7808K, reserved 1048576K
}
Event: 18.279 GC heap before
{Heap before GC invocations=11 (full 3):
 PSYoungGen      total 93184K, used 13472K [0x00000000e0000000, 0x00000000e6e80000, 0x0000000100000000)
  eden space 77312K, 0% used [0x00000000e0000000,0x00000000e0000000,0x00000000e4b80000)
  from space 15872K, 84% used [0x00000000e5c80000,0x00000000e69a8190,0x00000000e6c00000)
  to   space 17408K, 0% used [0x00000000e4b80000,0x00000000e4b80000,0x00000000e5c80000)
 ParOldGen       total 78336K, used 26268K [0x00000000a0000000, 0x00000000a4c80000, 0x00000000e0000000)
  object space 78336K, 33% used [0x00000000a0000000,0x00000000a19a7130,0x00000000a4c80000)
 Metaspace       used 53969K, capacity 58841K, committed 59008K, reserved 1099776K
  class space    used 7405K, capacity 7693K, committed 7808K, reserved 1048576K

Deoptimization events (10 events):
Event: 11.915 Thread 0x00007f1c9000d000 Uncommon trap: reason=class_check action=maybe_recompile pc=0x00007f1c7ff5c084 method=scala.reflect.internal.Symbols$Symbol.unlock()V @ 33
Event: 11.963 Thread 0x00007f1c9000d000 Uncommon trap: reason=unstable_if action=reinterpret pc=0x00007f1c7fc94bdc method=scala.reflect.internal.pickling.ByteCodecs$.regenerateZero([B)I @ 27
Event: 11.963 Thread 0x00007f1c9000d000 Uncommon trap: reason=unstable_if action=reinterpret pc=0x00007f1c7fc88708 method=scala.reflect.internal.pickling.ByteCodecs$.regenerateZero([B)I @ 27
Event: 12.455 Thread 0x00007f1c9000d000 Uncommon trap: reason=unstable_if action=reinterpret pc=0x00007f1c7ffd0208 method=scala.collection.mutable.HashTable.findOrAddEntry(Ljava/lang/Object;Ljava/lang/Object;)Lscala/collection/mutable/HashEntry; @ 24
Event: 12.455 Thread 0x00007f1c9000d000 Uncommon trap: reason=unstable_if action=reinterpret pc=0x00007f1c7ff9c6a4 method=scala.collection.mutable.HashTable.findOrAddEntry(Ljava/lang/Object;Ljava/lang/Object;)Lscala/collection/mutable/HashEntry; @ 24
Event: 12.720 Thread 0x00007f1c9000d000 Uncommon trap: reason=class_check action=maybe_recompile pc=0x00007f1c7f75edc0 method=sun.misc.URLClassPath.getLoader(I)Lsun/misc/URLClassPath$Loader; @ 94
Event: 12.720 Thread 0x00007f1c9000d000 Uncommon trap: reason=class_check action=maybe_recompile pc=0x00007f1c7f8b51ec method=sun.misc.URLClassPath.getResource(Ljava/lang/String;Z)Lsun/misc/Resource; @ 62
Event: 12.720 Thread 0x00007f1c9000d000 Uncommon trap: reason=unstable_if action=reinterpret pc=0x00007f1c7ff63bf8 method=java.lang.String.regionMatches(ZILjava/lang/String;II)Z @ 41
Event: 16.093 Thread 0x00007f1c9000d000 Uncommon trap: reason=unstable_if action=reinterpret pc=0x00007f1c7fe0d364 method=java.lang.SecurityManager.checkPackageAccess(Ljava/lang/String;)V @ 85
Event: 17.429 Thread 0x00007f1c9000d000 Uncommon trap: reason=unstable_if action=reinterpret pc=0x00007f1c7f77ebd4 method=java.net.URI.match(CJJ)Z @ 45

Classes redefined (0 events):
No events

Internal exceptions (10 events):
Event: 17.658 Thread 0x00007f1c9000d000 Exception <a 'java/lang/NoSuchMethodError': java.lang.Object.$anonfun$loadForParser$1(Lscala/Function2;)Lscala/Function2;> (0x00000000e23fa600) thrown at [/HUDSON/workspace/8-2-build-linux-amd64/jdk8u191/11894/hotspot/src/share/vm/interpreter/linkResolver
Event: 17.659 Thread 0x00007f1c9000d000 Exception <a 'java/lang/NoSuchMethodError': java.lang.Object.$anonfun$loadForParserI$1(Lsbt/BuildCommon;Lsbt/TaskKey;Lsjsonnew/JsonFormat;Lscala/Tuple2;)Lscala/Function1;> (0x00000000e23feff0) thrown at [/HUDSON/workspace/8-2-build-linux-amd64/jdk8u191/11
Event: 17.808 Thread 0x00007f1c9000d000 Exception <a 'java/lang/NoSuchMethodError': java.lang.Object.$anonfun$overrideConfigs$1(Lsbt/librarymanagement/Configuration;)Ljava/lang/String;> (0x00000000e2798ab8) thrown at [/HUDSON/workspace/8-2-build-linux-amd64/jdk8u191/11894/hotspot/src/share/vm/i
Event: 17.809 Thread 0x00007f1c9000d000 Exception <a 'java/lang/NoSuchMethodError': java.lang.Object.$anonfun$overrideConfigs$2(Lsbt/librarymanagement/Configuration;)Lscala/Tuple2;> (0x00000000e279d2b0) thrown at [/HUDSON/workspace/8-2-build-linux-amd64/jdk8u191/11894/hotspot/src/share/vm/inter
Event: 17.810 Thread 0x00007f1c9000d000 Exception <a 'java/lang/NoSuchMethodError': java.lang.Object.$anonfun$overrideConfigs$3(Lscala/collection/immutable/Map;Lsbt/librarymanagement/Configuration;)Lsbt/librarymanagement/Configuration;> (0x00000000e27a1b88) thrown at [/HUDSON/workspace/8-2-buil
Event: 17.811 Thread 0x00007f1c9000d000 Exception <a 'java/lang/NoSuchMethodError': java.lang.Object.$anonfun$overrideConfigs$4(Lsbt/librarymanagement/Configuration;)Lsbt/librarymanagement/Configuration;> (0x00000000e27a7110) thrown at [/HUDSON/workspace/8-2-build-linux-amd64/jdk8u191/11894/hot
Event: 17.811 Thread 0x00007f1c9000d000 Exception <a 'java/lang/NoSuchMethodError': java.lang.Object.$anonfun$overrideConfigs$5$adapted(Lscala/collection/immutable/Set;Lsbt/librarymanagement/Configuration;)Ljava/lang/Object;> (0x00000000e27abdf0) thrown at [/HUDSON/workspace/8-2-build-linux-amd
Event: 17.829 Thread 0x00007f1c9000d000 Exception <a 'java/lang/NoSuchMethodError': java.lang.Object.$anonfun$mutableSetAsJavaSetConverter$1(Lscala/collection/convert/DecorateAsJava;Lscala/collection/mutable/Set;)Ljava/util/Set;> (0x00000000e27dfff8) thrown at [/HUDSON/workspace/8-2-build-linux
Event: 17.946 Thread 0x00007f1c9000d000 Exception <a 'java/lang/NoSuchMethodError': java.lang.Object.$anonfun$resolveBuild$1(Lscala/Function1;Lsbt/ClasspathDep;)Lsbt/ClasspathDependency;> (0x00000000e2840b70) thrown at [/HUDSON/workspace/8-2-build-linux-amd64/jdk8u191/11894/hotspot/src/share/vm
Event: 17.948 Thread 0x00007f1c9000d000 Exception <a 'java/lang/NoSuchMethodError': java.lang.Object.$anonfun$uses$1(Lsbt/ClasspathDep;)Lsbt/ProjectReference;> (0x00000000e284be60) thrown at [/HUDSON/workspace/8-2-build-linux-amd64/jdk8u191/11894/hotspot/src/share/vm/interpreter/linkResolver.cp

Events (10 events):
Event: 17.951 Thread 0x00007f1c9000d000 DEOPT UNPACKING pc=0x00007f1c7f5be784 sp=0x00007f1c964a3730 mode 1
Event: 17.951 Thread 0x00007f1c9000d000 DEOPT PACKING pc=0x00007f1c7f7f8614 sp=0x00007f1c964a3af0
Event: 17.951 Thread 0x00007f1c9000d000 DEOPT UNPACKING pc=0x00007f1c7f5be784 sp=0x00007f1c964a3868 mode 1
Event: 17.951 Thread 0x00007f1c9000d000 DEOPT PACKING pc=0x00007f1c7f8a8b00 sp=0x00007f1c964a3b70
Event: 17.951 Thread 0x00007f1c9000d000 DEOPT UNPACKING pc=0x00007f1c7f5be784 sp=0x00007f1c964a38b0 mode 1
Event: 17.952 Thread 0x00007f1c9000d000 DEOPT PACKING pc=0x00007f1c7f8a8b00 sp=0x00007f1c964a3c00
Event: 17.952 Thread 0x00007f1c9000d000 DEOPT UNPACKING pc=0x00007f1c7f5be784 sp=0x00007f1c964a3940 mode 1
Event: 17.952 Thread 0x00007f1c9000d000 DEOPT PACKING pc=0x00007f1c7f8a8b00 sp=0x00007f1c964a3c90
Event: 17.952 Thread 0x00007f1c9000d000 DEOPT UNPACKING pc=0x00007f1c7f5be784 sp=0x00007f1c964a39d0 mode 1
Event: 17.953 Executing VM operation: CollectForMetadataAllocation


Dynamic libraries:
00400000-00401000 r-xp 00000000 08:01 657508                             /usr/lib/jvm/jdk1.8.0_191/bin/java
00600000-00601000 r--p 00000000 08:01 657508                             /usr/lib/jvm/jdk1.8.0_191/bin/java
00601000-00602000 rw-p 00001000 08:01 657508                             /usr/lib/jvm/jdk1.8.0_191/bin/java
01f18000-01f39000 rw-p 00000000 00:00 0                                  [heap]
a0000000-a4c80000 rw-p 00000000 00:00 0 
a8480000-e0000000 ---p 00000000 00:00 0 
e0000000-e6e80000 rw-p 00000000 00:00 0 
e6e80000-100000000 ---p 00000000 00:00 0 
100000000-1007a0000 rw-p 00000000 00:00 0 
1007a0000-140000000 ---p 00000000 00:00 0 
7f1c24000000-7f1c24021000 rw-p 00000000 00:00 0 
7f1c24021000-7f1c28000000 ---p 00000000 00:00 0 
7f1c2c000000-7f1c2c021000 rw-p 00000000 00:00 0 
7f1c2c021000-7f1c30000000 ---p 00000000 00:00 0 
7f1c32af0000-7f1c32cf0000 rw-p 00000000 00:00 0 
7f1c32cf0000-7f1c32ef0000 rw-p 00000000 00:00 0 
7f1c32ef0000-7f1c330f0000 rw-p 00000000 00:00 0 
7f1c330f0000-7f1c332f0000 rw-p 00000000 00:00 0 
7f1c332f0000-7f1c33386000 r--s 0110e000 08:01 1315685                    /usr/lib/jvm/jdk1.8.0_191/jre/lib/ext/jfxrt.jar
7f1c33386000-7f1c33586000 rw-p 00000000 00:00 0 
7f1c33600000-7f1c33800000 rw-p 00000000 00:00 0 
7f1c33800000-7f1c33a00000 rw-p 00000000 00:00 0 
7f1c33a00000-7f1c33c00000 rw-p 00000000 00:00 0 
7f1c33c00000-7f1c33e00000 rw-p 00000000 00:00 0 
7f1c33e00000-7f1c34000000 rw-p 00000000 00:00 0 
7f1c34000000-7f1c340f3000 rw-p 00000000 00:00 0 
7f1c340f3000-7f1c38000000 ---p 00000000 00:00 0 
7f1c38000000-7f1c38021000 rw-p 00000000 00:00 0 
7f1c38021000-7f1c3c000000 ---p 00000000 00:00 0 
7f1c3c023000-7f1c3c026000 ---p 00000000 00:00 0 
7f1c3c026000-7f1c3c05c000 rw-p 00000000 00:00 0 
7f1c3c05c000-7f1c3c061000 r--s 0003f000 08:01 1315692                    /usr/lib/jvm/jdk1.8.0_191/jre/lib/ext/sunjce_provider.jar
7f1c3c061000-7f1c3c07d000 r--s 00393000 08:01 1315684                    /usr/lib/jvm/jdk1.8.0_191/jre/lib/ext/cldrdata.jar
7f1c3c07d000-7f1c3c07f000 r--s 00001000 08:01 1315683                    /usr/lib/jvm/jdk1.8.0_191/jre/lib/ext/dnsns.jar
7f1c3c07f000-7f1c3c081000 r--s 00009000 08:01 1315682                    /usr/lib/jvm/jdk1.8.0_191/jre/lib/ext/sunec.jar
7f1c3c081000-7f1c3c085000 r--s 0003a000 08:01 1315689                    /usr/lib/jvm/jdk1.8.0_191/jre/lib/ext/sunpkcs11.jar
7f1c3c085000-7f1c3c0fe000 r--s 010fb000 08:01 657615                     /usr/lib/jvm/jdk1.8.0_191/lib/tools.jar
7f1c3c0fe000-7f1c3c2fe000 rw-p 00000000 00:00 0 
7f1c3c2fe000-7f1c3c4fe000 rw-p 00000000 00:00 0 
7f1c3c4fe000-7f1c3c6fe000 rw-p 00000000 00:00 0 
7f1c3c6fe000-7f1c3c8fe000 rw-p 00000000 00:00 0 
7f1c3c8fe000-7f1c3cafe000 rw-p 00000000 00:00 0 
7f1c3cafe000-7f1c3ccfe000 rw-p 00000000 00:00 0 
7f1c3ccfe000-7f1c3cd01000 ---p 00000000 00:00 0 
7f1c3cd01000-7f1c3cfff000 rw-p 00000000 00:00 0 
7f1c3cfff000-7f1c40000000 rw-p 00000000 00:00 0 
7f1c40000000-7f1c414ca000 rw-p 00000000 00:00 0 
7f1c414ca000-7f1c44000000 ---p 00000000 00:00 0 
7f1c44000000-7f1c44021000 rw-p 00000000 00:00 0 
7f1c44021000-7f1c48000000 ---p 00000000 00:00 0 
7f1c48000000-7f1c4b73d000 rw-p 00000000 00:00 0 
7f1c4b73d000-7f1c4c000000 ---p 00000000 00:00 0 
7f1c4c000000-7f1c4e819000 rw-p 00000000 00:00 0 
7f1c4e819000-7f1c50000000 ---p 00000000 00:00 0 
7f1c50000000-7f1c50021000 rw-p 00000000 00:00 0 
7f1c50021000-7f1c54000000 ---p 00000000 00:00 0 
7f1c54000000-7f1c54021000 rw-p 00000000 00:00 0 
7f1c54021000-7f1c58000000 ---p 00000000 00:00 0 
7f1c58000000-7f1c58021000 rw-p 00000000 00:00 0 
7f1c58021000-7f1c5c000000 ---p 00000000 00:00 0 
7f1c5c000000-7f1c5c021000 rw-p 00000000 00:00 0 
7f1c5c021000-7f1c60000000 ---p 00000000 00:00 0 
7f1c60000000-7f1c6029c000 rw-p 00000000 00:00 0 
7f1c6029c000-7f1c64000000 ---p 00000000 00:00 0 
7f1c64000000-7f1c64021000 rw-p 00000000 00:00 0 
7f1c64021000-7f1c68000000 ---p 00000000 00:00 0 
7f1c68000000-7f1c68021000 rw-p 00000000 00:00 0 
7f1c68021000-7f1c6c000000 ---p 00000000 00:00 0 
7f1c6c000000-7f1c6c021000 rw-p 00000000 00:00 0 
7f1c6c021000-7f1c70000000 ---p 00000000 00:00 0 
7f1c70000000-7f1c70021000 rw-p 00000000 00:00 0 
7f1c70021000-7f1c74000000 ---p 00000000 00:00 0 
7f1c74000000-7f1c7402e000 rw-p 00000000 00:00 0 
7f1c7402e000-7f1c78000000 ---p 00000000 00:00 0 
7f1c78000000-7f1c78001000 r--s 0000a000 08:01 1315686                    /usr/lib/jvm/jdk1.8.0_191/jre/lib/ext/jaccess.jar
7f1c78001000-7f1c78002000 r--s 00010000 08:01 1315688                    /usr/lib/jvm/jdk1.8.0_191/jre/lib/ext/zipfs.jar
7f1c78002000-7f1c7800c000 r--s 00116000 08:01 1315691                    /usr/lib/jvm/jdk1.8.0_191/jre/lib/ext/localedata.jar
7f1c7800c000-7f1c78011000 r--s 00084000 08:01 1315540                    /usr/lib/jvm/jdk1.8.0_191/jre/lib/jfr.jar
7f1c78011000-7f1c78016000 r--s 002f9000 08:01 1315621                    /usr/lib/jvm/jdk1.8.0_191/jre/lib/charsets.jar
7f1c78016000-7f1c78019000 r--s 0001a000 08:01 1315856                    /usr/lib/jvm/jdk1.8.0_191/jre/lib/jce.jar
7f1c78019000-7f1c7802c000 r--s 00345000 08:01 1315661                    /usr/lib/jvm/jdk1.8.0_191/jre/lib/resources.jar
7f1c7802c000-7f1c7802f000 ---p 00000000 00:00 0 
7f1c7802f000-7f1c78065000 rw-p 00000000 00:00 0 
7f1c78065000-7f1c7806a000 r--s 000a0000 08:01 1315680                    /usr/lib/jvm/jdk1.8.0_191/jre/lib/jsse.jar
7f1c7806a000-7f1c78085000 r--s 001d4000 08:01 1315687                    /usr/lib/jvm/jdk1.8.0_191/jre/lib/ext/nashorn.jar
7f1c78085000-7f1c78285000 rw-p 00000000 00:00 0 
7f1c78285000-7f1c7828d000 r-xp 00000000 08:01 1315848                    /usr/lib/jvm/jdk1.8.0_191/jre/lib/amd64/libmanagement.so
7f1c7828d000-7f1c7848d000 ---p 00008000 08:01 1315848                    /usr/lib/jvm/jdk1.8.0_191/jre/lib/amd64/libmanagement.so
7f1c7848d000-7f1c7848e000 r--p 00008000 08:01 1315848                    /usr/lib/jvm/jdk1.8.0_191/jre/lib/amd64/libmanagement.so
7f1c7848e000-7f1c7848f000 rw-p 00009000 08:01 1315848                    /usr/lib/jvm/jdk1.8.0_191/jre/lib/amd64/libmanagement.so
7f1c7848f000-7f1c78491000 r--s 00024000 08:01 165487                     /root/.sbt/boot/scala-2.12.7/org.scala-sbt/sbt/1.2.7/zinc-apiinfo_2.12-1.2.5.jar
7f1c78491000-7f1c78493000 r--s 00010000 08:01 165572                     /root/.sbt/boot/scala-2.12.7/org.scala-sbt/sbt/1.2.7/scripted-sbt-redux_2.12-1.2.7.jar
7f1c78493000-7f1c78693000 rw-p 00000000 00:00 0 
7f1c78693000-7f1c78893000 rw-p 00000000 00:00 0 
7f1c78893000-7f1c78896000 r--s 00044000 08:01 165400                     /root/.sbt/boot/scala-2.12.7/org.scala-sbt/sbt/1.2.7/command_2.12-1.2.7.jar
7f1c78896000-7f1c78899000 r--s 0002a000 08:01 165538                     /root/.sbt/boot/scala-2.12.7/org.scala-sbt/sbt/1.2.7/sbinary_2.12-0.5.0.jar
7f1c78899000-7f1c7889e000 r--s 00063000 08:01 165606                     /root/.sbt/boot/scala-2.12.7/org.scala-sbt/sbt/1.2.7/protocol_2.12-1.2.7.jar
7f1c7889e000-7f1c788a0000 r--s 0000f000 08:01 165418                     /root/.sbt/boot/scala-2.12.7/org.scala-sbt/sbt/1.2.7/util-scripted_2.12-1.2.4.jar
7f1c788a0000-7f1c788a2000 r--s 00004000 08:01 165634                     /root/.sbt/boot/scala-2.12.7/org.scala-sbt/sbt/1.2.7/ipcsocket-1.0.0.jar
7f1c788a2000-7f1c788c5000 r--s 00350000 08:01 165499                     /root/.sbt/boot/scala-2.12.7/org.scala-sbt/sbt/1.2.7/scala-reflect-2.12.7.jar
7f1c788c5000-7f1c788c9000 r--s 00013000 08:01 165421                     /root/.sbt/boot/scala-2.12.7/org.scala-sbt/sbt/1.2.7/compiler-interface-1.2.5.jar
7f1c788c9000-7f1c788ca000 r--s 00000000 08:01 165475                     /root/.sbt/boot/scala-2.12.7/org.scala-sbt/sbt/1.2.7/template-resolver-0.1.jar
7f1c788ca000-7f1c788cb000 r--s 0000c000 08:01 165397                     /root/.sbt/boot/scala-2.12.7/org.scala-sbt/sbt/1.2.7/zinc-classfile_2.12-1.2.5.jar
7f1c788cb000-7f1c788ce000 r--s 00026000 08:01 165395                     /root/.sbt/boot/scala-2.12.7/org.scala-sbt/sbt/1.2.7/gigahorse-core_2.12-0.3.0.jar
7f1c788ce000-7f1c788d1000 r--s 0003d000 08:01 165545                     /root/.sbt/boot/scala-2.12.7/org.scala-sbt/sbt/1.2.7/completion_2.12-1.2.7.jar
7f1c788d1000-7f1c788d2000 r--s 00011000 08:01 165515                     /root/.sbt/boot/scala-2.12.7/org.scala-sbt/sbt/1.2.7/run_2.12-1.2.7.jar
7f1c788d2000-7f1c788d4000 r--s 0000f000 08:01 165542                     /root/.sbt/boot/scala-2.12.7/org.scala-sbt/sbt/1.2.7/shaded-scalajson_2.12-1.0.0-M4.jar
7f1c788d4000-7f1c788da000 r--s 0005b000 08:01 165497                     /root/.sbt/boot/scala-2.12.7/org.scala-sbt/sbt/1.2.7/okhttp-3.7.0.jar
7f1c788da000-7f1c788dd000 r--s 00012000 08:01 165592                     /root/.sbt/boot/scala-2.12.7/org.scala-sbt/sbt/1.2.7/disruptor-3.4.2.jar
7f1c788dd000-7f1c788df000 r--s 00002000 08:01 165425                     /root/.sbt/boot/scala-2.12.7/org.scala-sbt/sbt/1.2.7/util-control_2.12-1.2.4.jar
7f1c788df000-7f1c788e2000 r--s 0001c000 08:01 165451                     /root/.sbt/boot/scala-2.12.7/org.scala-sbt/sbt/1.2.7/scalacache-core_2.12-0.20.0.jar
7f1c788e2000-7f1c788ef000 r--s 001b1000 08:01 165526                     /root/.sbt/boot/scala-2.12.7/org.scala-sbt/sbt/1.2.7/zinc-persist_2.12-1.2.5.jar
7f1c788ef000-7f1c788f0000 r--s 0000b000 08:01 165524                     /root/.sbt/boot/scala-2.12.7/org.scala-sbt/sbt/1.2.7/zinc-ivy-integration_2.12-1.2.5.jar
7f1c788f0000-7f1c788f1000 r--s 00007000 08:01 165600                     /root/.sbt/boot/scala-2.12.7/org.scala-sbt/sbt/1.2.7/okhttp-urlconnection-3.7.0.jar
7f1c788f1000-7f1c788f2000 r--s 00009000 08:01 165477                     /root/.sbt/boot/scala-2.12.7/org.scala-sbt/sbt/1.2.7/gigahorse-okhttp_2.12-0.3.0.jar
7f1c788f2000-7f1c788f4000 r--s 0000e000 08:01 165541                     /root/.sbt/boot/scala-2.12.7/org.scala-sbt/sbt/1.2.7/fastparse-utils_2.12-0.4.2.jar
7f1c788f4000-7f1c788f5000 r--s 00001000 08:01 165427                     /root/.sbt/boot/scala-2.12.7/org.scala-sbt/sbt/1.2.7/sjson-new-murmurhash_2.12-0.8.2.jar
7f1c788f5000-7f1c788f7000 r--s 00008000 08:01 165514                     /root/.sbt/boot/scala-2.12.7/org.scala-sbt/sbt/1.2.7/sjson-new-scalajson_2.12-0.8.2.jar
7f1c788f7000-7f1c788f9000 r--s 00012000 08:01 165539                     /root/.sbt/boot/scala-2.12.7/org.scala-sbt/sbt/1.2.7/okio-1.12.0.jar
7f1c788f9000-7f1c788fc000 r--s 00034000 08:01 165523                     /root/.sbt/boot/scala-2.12.7/org.scala-sbt/sbt/1.2.7/zinc-compile-core_2.12-1.2.5.jar
7f1c788fc000-7f1c78911000 r--s 00101000 08:01 165627                     /root/.sbt/boot/scala-2.12.7/org.scala-sbt/sbt/1.2.7/ivy-2.3.0-sbt-b18f59ea3bc914a297bb6f1a4f7fb0ace399e310.jar
7f1c78911000-7f1c78913000 r--s 0002f000 08:01 165450                     /root/.sbt/boot/scala-2.12.7/org.scala-sbt/sbt/1.2.7/util-cache_2.12-1.2.4.jar
7f1c78913000-7f1c78917000 r--s 00038000 08:01 165599                     /root/.sbt/boot/scala-2.12.7/org.scala-sbt/sbt/1.2.7/ssl-config-core_2.12-0.2.2.jar
7f1c78917000-7f1c78918000 r--s 00005000 08:01 165490                     /root/.sbt/boot/scala-2.12.7/org.scala-sbt/sbt/1.2.7/test-agent-1.2.7.jar
7f1c78918000-7f1c78925000 r--s 001a6000 08:01 165506                     /root/.sbt/boot/scala-2.12.7/org.scala-sbt/sbt/1.2.7/scalapb-runtime_2.12-0.6.0.jar
7f1c78925000-7f1c78926000 r--s 00002000 08:01 165406                     /root/.sbt/boot/scala-2.12.7/org.scala-sbt/sbt/1.2.7/launcher-interface-1.0.4.jar
7f1c78926000-7f1c78928000 r--s 0000e000 08:01 165464                     /root/.sbt/boot/scala-2.12.7/org.scala-sbt/sbt/1.2.7/zinc_2.12-1.2.5.jar
7f1c78928000-7f1c78929000 r--s 00003000 08:01 165543                     /root/.sbt/boot/scala-2.12.7/org.scala-sbt/sbt/1.2.7/zinc-compile_2.12-1.2.5.jar
7f1c78929000-7f1c7892c000 r--s 0002e000 08:01 165635                     /root/.sbt/boot/scala-2.12.7/org.scala-sbt/sbt/1.2.7/testing_2.12-1.2.7.jar
7f1c7892c000-7f1c78b2c000 rw-p 00000000 00:00 0 
7f1c78b2c000-7f1c78b37000 r--s 001c3000 08:01 165408                     /root/.sbt/boot/scala-2.12.7/org.scala-sbt/sbt/1.2.7/main_2.12-1.2.7.jar
7f1c78b37000-7f1c78b39000 r--s 00012000 08:01 165473                     /root/.sbt/boot/scala-2.12.7/org.scala-sbt/sbt/1.2.7/tasks_2.12-1.2.7.jar
7f1c78b39000-7f1c78b3e000 r--s 00040000 08:01 165493                     /root/.sbt/boot/scala-2.12.7/org.scala-sbt/sbt/1.2.7/jsch-0.1.54.jar
7f1c78b3e000-7f1c78b40000 r--s 00002000 08:01 165544                     /root/.sbt/boot/scala-2.12.7/org.scala-sbt/sbt/1.2.7/test-interface-1.0.jar
7f1c78b40000-7f1c78b42000 r--s 00009000 08:01 165614                     /root/.sbt/boot/scala-2.12.7/org.scala-sbt/sbt/1.2.7/slf4j-api-1.7.25.jar
7f1c78b42000-7f1c78b44000 r--s 00007000 08:01 165467                     /root/.sbt/boot/scala-2.12.7/org.scala-sbt/sbt/1.2.7/lenses_2.12-0.4.12.jar
7f1c78b44000-7f1c78b48000 r--s 00030000 08:01 165621                     /root/.sbt/boot/scala-2.12.7/org.scala-sbt/sbt/1.2.7/scala-parser-combinators_2.12-1.0.5.jar
7f1c78b48000-7f1c78b57000 r--s 0013d000 08:01 165409                     /root/.sbt/boot/scala-2.12.7/org.scala-sbt/sbt/1.2.7/protobuf-java-3.3.1.jar
7f1c78b57000-7f1c78b59000 r--s 00019000 08:01 165388                     /root/.sbt/boot/scala-2.12.7/org.scala-sbt/sbt/1.2.7/sourcecode_2.12-0.1.3.jar
7f1c78b59000-7f1c78b5d000 r--s 0003e000 08:01 165620                     /root/.sbt/boot/scala-2.12.7/org.scala-sbt/sbt/1.2.7/jline-2.14.6.jar
7f1c78b5d000-7f1c78b5f000 r--s 0000b000 08:01 165527                     /root/.sbt/boot/scala-2.12.7/org.scala-sbt/sbt/1.2.7/logic_2.12-1.2.7.jar
7f1c78b5f000-7f1c78b60000 r--s 00003000 08:01 165396                     /root/.sbt/boot/scala-2.12.7/org.scala-sbt/sbt/1.2.7/util-relation_2.12-1.2.4.jar
7f1c78b60000-7f1c78b64000 r--s 00052000 08:01 165536                     /root/.sbt/boot/scala-2.12.7/org.scala-sbt/sbt/1.2.7/zinc-core_2.12-1.2.5.jar
7f1c78b64000-7f1c78b66000 r--s 00019000 08:01 165442                     /root/.sbt/boot/scala-2.12.7/org.scala-sbt/sbt/1.2.7/task-system_2.12-1.2.7.jar
7f1c78b66000-7f1c78b67000 r--s 00005000 08:01 165476                     /root/.sbt/boot/scala-2.12.7/org.scala-sbt/sbt/1.2.7/log4j-slf4j-impl-2.11.1.jar
7f1c78b67000-7f1c78b7d000 r--s 000e0000 08:01 165504                     /root/.sbt/boot/scala-2.12.7/org.scala-sbt/sbt/1.2.7/caffeine-2.5.6.jar
7f1c78b7d000-7f1c78b80000 r--s 0003a000 08:01 165410                     /root/.sbt/boot/scala-2.12.7/org.scala-sbt/sbt/1.2.7/util-logging_2.12-1.2.4.jar
7f1c78b80000-7f1c78b83000 r--s 00031000 08:01 165387                     /root/.sbt/boot/scala-2.12.7/org.scala-sbt/sbt/1.2.7/compiler-bridge_2.12-1.2.5.jar
7f1c78b83000-7f1c78b8a000 r--s 00091000 08:01 165393                     /root/.sbt/boot/scala-2.12.7/org.scala-sbt/sbt/1.2.7/main-settings_2.12-1.2.7.jar
7f1c78b8a000-7f1c78b8c000 r--s 00031000 08:01 165478                     /root/.sbt/boot/scala-2.12.7/org.scala-sbt/sbt/1.2.7/actions_2.12-1.2.7.jar
7f1c78b8c000-7f1c78b92000 r--s 000bb000 08:01 165574                     /root/.sbt/boot/scala-2.12.7/org.scala-sbt/sbt/1.2.7/sjson-new-core_2.12-0.8.2.jar
7f1c78b92000-7f1c78b98000 r--s 00080000 08:01 165417                     /root/.sbt/boot/scala-2.12.7/org.scala-sbt/sbt/1.2.7/scala-xml_2.12-1.0.6.jar
7f1c78b98000-7f1c78b9d000 r--s 00031000 08:01 165571                     /root/.sbt/boot/scala-2.12.7/org.scala-sbt/sbt/1.2.7/config-1.2.0.jar
7f1c78b9d000-7f1c78ba7000 r--s 000b6000 08:01 165401                     /root/.sbt/boot/scala-2.12.7/org.scala-sbt/sbt/1.2.7/librarymanagement-core_2.12-1.2.3.jar
7f1c78ba7000-7f1c78bad000 r--s 0003b000 08:01 165558                     /root/.sbt/boot/scala-2.12.7/org.scala-sbt/sbt/1.2.7/log4j-api-2.11.1.jar
7f1c78bad000-7f1c78bc7000 r--s 0021e000 08:01 165468                     /root/.sbt/boot/scala-2.12.7/org.scala-sbt/sbt/1.2.7/jna-platform-4.5.0.jar
7f1c78bc7000-7f1c78be8000 r--s 00168000 08:01 165415                     /root/.sbt/boot/scala-2.12.7/org.scala-sbt/sbt/1.2.7/log4j-core-2.11.1.jar
7f1c78be8000-7f1c78c0b000 r--s 00350000 08:01 165649                     /root/.sbt/boot/scala-2.12.7/lib/scala-reflect.jar
7f1c78c0b000-7f1c78c5a000 r--s 009b0000 08:01 165648                     /root/.sbt/boot/scala-2.12.7/lib/scala-compiler.jar
7f1c78c5a000-7f1c78c91000 r--s 004d2000 08:01 165642                     /root/.sbt/boot/scala-2.12.7/lib/scala-library.jar
7f1c78c91000-7f1c78ca2000 r-xp 00000000 08:01 1315843                    /usr/lib/jvm/jdk1.8.0_191/jre/lib/amd64/libnio.so
7f1c78ca2000-7f1c78ea1000 ---p 00011000 08:01 1315843                    /usr/lib/jvm/jdk1.8.0_191/jre/lib/amd64/libnio.so
7f1c78ea1000-7f1c78ea2000 r--p 00010000 08:01 1315843                    /usr/lib/jvm/jdk1.8.0_191/jre/lib/amd64/libnio.so
7f1c78ea2000-7f1c78ea3000 rw-p 00011000 08:01 1315843                    /usr/lib/jvm/jdk1.8.0_191/jre/lib/amd64/libnio.so
7f1c78ea3000-7f1c78eb9000 r-xp 00000000 08:01 1315840                    /usr/lib/jvm/jdk1.8.0_191/jre/lib/amd64/libnet.so
7f1c78eb9000-7f1c790b8000 ---p 00016000 08:01 1315840                    /usr/lib/jvm/jdk1.8.0_191/jre/lib/amd64/libnet.so
7f1c790b8000-7f1c790b9000 r--p 00015000 08:01 1315840                    /usr/lib/jvm/jdk1.8.0_191/jre/lib/amd64/libnet.so
7f1c790b9000-7f1c790ba000 rw-p 00016000 08:01 1315840                    /usr/lib/jvm/jdk1.8.0_191/jre/lib/amd64/libnet.so
7f1c790ba000-7f1c790bb000 ---p 00000000 00:00 0 
7f1c790bb000-7f1c791bb000 rw-p 00000000 00:00 0 
7f1c791bb000-7f1c791be000 ---p 00000000 00:00 0 
7f1c791be000-7f1c792bc000 rw-p 00000000 00:00 0 
7f1c792bc000-7f1c792bf000 ---p 00000000 00:00 0 
7f1c792bf000-7f1c793bd000 rw-p 00000000 00:00 0 
7f1c793bd000-7f1c793c0000 ---p 00000000 00:00 0 
7f1c793c0000-7f1c794be000 rw-p 00000000 00:00 0 
7f1c794be000-7f1c794c1000 ---p 00000000 00:00 0 
7f1c794c1000-7f1c795bf000 rw-p 00000000 00:00 0 
7f1c795bf000-7f1c795c2000 ---p 00000000 00:00 0 
7f1c795c2000-7f1c796c0000 rw-p 00000000 00:00 0 
7f1c796c0000-7f1c796c3000 ---p 00000000 00:00 0 
7f1c796c3000-7f1c797c1000 rw-p 00000000 00:00 0 
7f1c797c1000-7f1c797c5000 r-xp 00000000 08:01 1315803                    /usr/lib/jvm/jdk1.8.0_191/jre/lib/amd64/libdt_socket.so
7f1c797c5000-7f1c799c4000 ---p 00004000 08:01 1315803                    /usr/lib/jvm/jdk1.8.0_191/jre/lib/amd64/libdt_socket.so
7f1c799c4000-7f1c799c5000 r--p 00003000 08:01 1315803                    /usr/lib/jvm/jdk1.8.0_191/jre/lib/amd64/libdt_socket.so
7f1c799c5000-7f1c799c6000 rw-p 00004000 08:01 1315803                    /usr/lib/jvm/jdk1.8.0_191/jre/lib/amd64/libdt_socket.so
7f1c799c6000-7f1c799c9000 ---p 00000000 00:00 0 
7f1c799c9000-7f1c79ac7000 rw-p 00000000 00:00 0 
7f1c79ac7000-7f1c79aca000 ---p 00000000 00:00 0 
7f1c79aca000-7f1c79bc8000 rw-p 00000000 00:00 0 
7f1c79bc8000-7f1c79bcb000 ---p 00000000 00:00 0 
7f1c79bcb000-7f1c79cc9000 rw-p 00000000 00:00 0 
7f1c79cc9000-7f1c79cca000 ---p 00000000 00:00 0 
7f1c79cca000-7f1c7acd9000 rw-p 00000000 00:00 0 
7f1c7acd9000-7f1c7aeb3000 r--s 03d6c000 08:01 1315623                    /usr/lib/jvm/jdk1.8.0_191/jre/lib/rt.jar
7f1c7aeb3000-7f1c7e9b3000 rw-p 00000000 00:00 0 
7f1c7e9b3000-7f1c7e9b4000 ---p 00000000 00:00 0 
7f1c7e9b4000-7f1c7eab4000 rw-p 00000000 00:00 0 
7f1c7eab4000-7f1c7eab5000 ---p 00000000 00:00 0 
7f1c7eab5000-7f1c7ebb5000 rw-p 00000000 00:00 0 
7f1c7ebb5000-7f1c7ebb6000 ---p 00000000 00:00 0 
7f1c7ebb6000-7f1c7ecdd000 rw-p 00000000 00:00 0 
7f1c7ecdd000-7f1c7eeb6000 ---p 00000000 00:00 0 
7f1c7eeb6000-7f1c7eedd000 rw-p 00000000 00:00 0 
7f1c7eedd000-7f1c7f0b6000 ---p 00000000 00:00 0 
7f1c7f0b6000-7f1c7f0ee000 rw-p 00000000 00:00 0 
7f1c7f0ee000-7f1c7f1b6000 ---p 00000000 00:00 0 
7f1c7f1b6000-7f1c7f1e8000 rw-p 00000000 00:00 0 
7f1c7f1e8000-7f1c7f577000 ---p 00000000 00:00 0 
7f1c7f577000-7f1c801b7000 rwxp 00000000 00:00 0 
7f1c801b7000-7f1c8e577000 ---p 00000000 00:00 0 
7f1c8e577000-7f1c8e591000 r-xp 00000000 08:01 1315836                    /usr/lib/jvm/jdk1.8.0_191/jre/lib/amd64/libzip.so
7f1c8e591000-7f1c8e791000 ---p 0001a000 08:01 1315836                    /usr/lib/jvm/jdk1.8.0_191/jre/lib/amd64/libzip.so
7f1c8e791000-7f1c8e792000 r--p 0001a000 08:01 1315836                    /usr/lib/jvm/jdk1.8.0_191/jre/lib/amd64/libzip.so
7f1c8e792000-7f1c8e793000 rw-p 0001b000 08:01 1315836                    /usr/lib/jvm/jdk1.8.0_191/jre/lib/amd64/libzip.so
7f1c8e793000-7f1c8e79e000 r-xp 00000000 08:01 397866                     /lib/x86_64-linux-gnu/libnss_files-2.23.so
7f1c8e79e000-7f1c8e99d000 ---p 0000b000 08:01 397866                     /lib/x86_64-linux-gnu/libnss_files-2.23.so
7f1c8e99d000-7f1c8e99e000 r--p 0000a000 08:01 397866                     /lib/x86_64-linux-gnu/libnss_files-2.23.so
7f1c8e99e000-7f1c8e99f000 rw-p 0000b000 08:01 397866                     /lib/x86_64-linux-gnu/libnss_files-2.23.so
7f1c8e99f000-7f1c8e9a5000 rw-p 00000000 00:00 0 
7f1c8e9a5000-7f1c8e9b0000 r-xp 00000000 08:01 397876                     /lib/x86_64-linux-gnu/libnss_nis-2.23.so
7f1c8e9b0000-7f1c8ebaf000 ---p 0000b000 08:01 397876                     /lib/x86_64-linux-gnu/libnss_nis-2.23.so
7f1c8ebaf000-7f1c8ebb0000 r--p 0000a000 08:01 397876                     /lib/x86_64-linux-gnu/libnss_nis-2.23.so
7f1c8ebb0000-7f1c8ebb1000 rw-p 0000b000 08:01 397876                     /lib/x86_64-linux-gnu/libnss_nis-2.23.so
7f1c8ebb1000-7f1c8ebc7000 r-xp 00000000 08:01 397860                     /lib/x86_64-linux-gnu/libnsl-2.23.so
7f1c8ebc7000-7f1c8edc6000 ---p 00016000 08:01 397860                     /lib/x86_64-linux-gnu/libnsl-2.23.so
7f1c8edc6000-7f1c8edc7000 r--p 00015000 08:01 397860                     /lib/x86_64-linux-gnu/libnsl-2.23.so
7f1c8edc7000-7f1c8edc8000 rw-p 00016000 08:01 397860                     /lib/x86_64-linux-gnu/libnsl-2.23.so
7f1c8edc8000-7f1c8edca000 rw-p 00000000 00:00 0 
7f1c8edca000-7f1c8edd2000 r-xp 00000000 08:01 397862                     /lib/x86_64-linux-gnu/libnss_compat-2.23.so
7f1c8edd2000-7f1c8efd1000 ---p 00008000 08:01 397862                     /lib/x86_64-linux-gnu/libnss_compat-2.23.so
7f1c8efd1000-7f1c8efd2000 r--p 00007000 08:01 397862                     /lib/x86_64-linux-gnu/libnss_compat-2.23.so
7f1c8efd2000-7f1c8efd3000 rw-p 00008000 08:01 397862                     /lib/x86_64-linux-gnu/libnss_compat-2.23.so
7f1c8efd3000-7f1c8f992000 r--p 00000000 08:01 139734                     /usr/lib/locale/locale-archive
7f1c8f992000-7f1c8f994000 r-xp 00000000 08:01 1315805                    /usr/lib/jvm/jdk1.8.0_191/jre/lib/amd64/libnpt.so
7f1c8f994000-7f1c8fb94000 ---p 00002000 08:01 1315805                    /usr/lib/jvm/jdk1.8.0_191/jre/lib/amd64/libnpt.so
7f1c8fb94000-7f1c8fb95000 r--p 00002000 08:01 1315805                    /usr/lib/jvm/jdk1.8.0_191/jre/lib/amd64/libnpt.so
7f1c8fb95000-7f1c8fb96000 rw-p 00003000 08:01 1315805                    /usr/lib/jvm/jdk1.8.0_191/jre/lib/amd64/libnpt.so
7f1c8fb96000-7f1c8fbd0000 r-xp 00000000 08:01 1315823                    /usr/lib/jvm/jdk1.8.0_191/jre/lib/amd64/libjdwp.so
7f1c8fbd0000-7f1c8fdcf000 ---p 0003a000 08:01 1315823                    /usr/lib/jvm/jdk1.8.0_191/jre/lib/amd64/libjdwp.so
7f1c8fdcf000-7f1c8fdd0000 r--p 00039000 08:01 1315823                    /usr/lib/jvm/jdk1.8.0_191/jre/lib/amd64/libjdwp.so
7f1c8fdd0000-7f1c8fdd1000 rw-p 0003a000 08:01 1315823                    /usr/lib/jvm/jdk1.8.0_191/jre/lib/amd64/libjdwp.so
7f1c8fdd1000-7f1c8fdfe000 r-xp 00000000 08:01 1315830                    /usr/lib/jvm/jdk1.8.0_191/jre/lib/amd64/libjava.so
7f1c8fdfe000-7f1c8fffd000 ---p 0002d000 08:01 1315830                    /usr/lib/jvm/jdk1.8.0_191/jre/lib/amd64/libjava.so
7f1c8fffd000-7f1c8fffe000 r--p 0002c000 08:01 1315830                    /usr/lib/jvm/jdk1.8.0_191/jre/lib/amd64/libjava.so
7f1c8fffe000-7f1c90000000 rw-p 0002d000 08:01 1315830                    /usr/lib/jvm/jdk1.8.0_191/jre/lib/amd64/libjava.so
7f1c90000000-7f1c93fbf000 rw-p 00000000 00:00 0 
7f1c93fbf000-7f1c94000000 ---p 00000000 00:00 0 
7f1c94000000-7f1c94004000 r--s 0004c000 08:01 165585                     /root/.sbt/boot/scala-2.12.7/org.scala-sbt/sbt/1.2.7/collections_2.12-1.2.7.jar
7f1c94004000-7f1c94005000 r--s 0000f000 08:01 165613                     /root/.sbt/boot/scala-2.12.7/org.scala-sbt/sbt/1.2.7/sbt-1.2.7.jar
7f1c94005000-7f1c94007000 r--s 00011000 08:01 165502                     /root/.sbt/boot/scala-2.12.7/org.scala-sbt/sbt/1.2.7/zinc-classpath_2.12-1.2.5.jar
7f1c94007000-7f1c94023000 r--s 0010e000 08:01 294671                     /root/.IntelliJIdea2018.2/config/plugins/Scala/launcher/sbt-launch.jar
7f1c94023000-7f1c94099000 rw-p 00000000 00:00 0 
7f1c94099000-7f1c9409a000 ---p 00000000 00:00 0 
7f1c9409a000-7f1c9419a000 rw-p 00000000 00:00 0 
7f1c9419a000-7f1c941a7000 r-xp 00000000 08:01 1315835                    /usr/lib/jvm/jdk1.8.0_191/jre/lib/amd64/libverify.so
7f1c941a7000-7f1c943a6000 ---p 0000d000 08:01 1315835                    /usr/lib/jvm/jdk1.8.0_191/jre/lib/amd64/libverify.so
7f1c943a6000-7f1c943a8000 r--p 0000c000 08:01 1315835                    /usr/lib/jvm/jdk1.8.0_191/jre/lib/amd64/libverify.so
7f1c943a8000-7f1c943a9000 rw-p 0000e000 08:01 1315835                    /usr/lib/jvm/jdk1.8.0_191/jre/lib/amd64/libverify.so
7f1c943a9000-7f1c943b0000 r-xp 00000000 08:01 397921                     /lib/x86_64-linux-gnu/librt-2.23.so
7f1c943b0000-7f1c945af000 ---p 00007000 08:01 397921                     /lib/x86_64-linux-gnu/librt-2.23.so
7f1c945af000-7f1c945b0000 r--p 00006000 08:01 397921                     /lib/x86_64-linux-gnu/librt-2.23.so
7f1c945b0000-7f1c945b1000 rw-p 00007000 08:01 397921                     /lib/x86_64-linux-gnu/librt-2.23.so
7f1c945b1000-7f1c946b9000 r-xp 00000000 08:01 397837                     /lib/x86_64-linux-gnu/libm-2.23.so
7f1c946b9000-7f1c948b8000 ---p 00108000 08:01 397837                     /lib/x86_64-linux-gnu/libm-2.23.so
7f1c948b8000-7f1c948b9000 r--p 00107000 08:01 397837                     /lib/x86_64-linux-gnu/libm-2.23.so
7f1c948b9000-7f1c948ba000 rw-p 00108000 08:01 397837                     /lib/x86_64-linux-gnu/libm-2.23.so
7f1c948ba000-7f1c9559c000 r-xp 00000000 08:01 1315812                    /usr/lib/jvm/jdk1.8.0_191/jre/lib/amd64/server/libjvm.so
7f1c9559c000-7f1c9579c000 ---p 00ce2000 08:01 1315812                    /usr/lib/jvm/jdk1.8.0_191/jre/lib/amd64/server/libjvm.so
7f1c9579c000-7f1c95832000 r--p 00ce2000 08:01 1315812                    /usr/lib/jvm/jdk1.8.0_191/jre/lib/amd64/server/libjvm.so
7f1c95832000-7f1c95863000 rw-p 00d78000 08:01 1315812                    /usr/lib/jvm/jdk1.8.0_191/jre/lib/amd64/server/libjvm.so
7f1c95863000-7f1c9589e000 rw-p 00000000 00:00 0 
7f1c9589e000-7f1c95a5e000 r-xp 00000000 08:01 397767                     /lib/x86_64-linux-gnu/libc-2.23.so
7f1c95a5e000-7f1c95c5e000 ---p 001c0000 08:01 397767                     /lib/x86_64-linux-gnu/libc-2.23.so
7f1c95c5e000-7f1c95c62000 r--p 001c0000 08:01 397767                     /lib/x86_64-linux-gnu/libc-2.23.so
7f1c95c62000-7f1c95c64000 rw-p 001c4000 08:01 397767                     /lib/x86_64-linux-gnu/libc-2.23.so
7f1c95c64000-7f1c95c68000 rw-p 00000000 00:00 0 
7f1c95c68000-7f1c95c6b000 r-xp 00000000 08:01 397791                     /lib/x86_64-linux-gnu/libdl-2.23.so
7f1c95c6b000-7f1c95e6a000 ---p 00003000 08:01 397791                     /lib/x86_64-linux-gnu/libdl-2.23.so
7f1c95e6a000-7f1c95e6b000 r--p 00002000 08:01 397791                     /lib/x86_64-linux-gnu/libdl-2.23.so
7f1c95e6b000-7f1c95e6c000 rw-p 00003000 08:01 397791                     /lib/x86_64-linux-gnu/libdl-2.23.so
7f1c95e6c000-7f1c95e83000 r-xp 00000000 08:01 1315490                    /usr/lib/jvm/jdk1.8.0_191/lib/amd64/jli/libjli.so
7f1c95e83000-7f1c96082000 ---p 00017000 08:01 1315490                    /usr/lib/jvm/jdk1.8.0_191/lib/amd64/jli/libjli.so
7f1c96082000-7f1c96083000 r--p 00016000 08:01 1315490                    /usr/lib/jvm/jdk1.8.0_191/lib/amd64/jli/libjli.so
7f1c96083000-7f1c96084000 rw-p 00017000 08:01 1315490                    /usr/lib/jvm/jdk1.8.0_191/lib/amd64/jli/libjli.so
7f1c96084000-7f1c9609c000 r-xp 00000000 08:01 397913                     /lib/x86_64-linux-gnu/libpthread-2.23.so
7f1c9609c000-7f1c9629b000 ---p 00018000 08:01 397913                     /lib/x86_64-linux-gnu/libpthread-2.23.so
7f1c9629b000-7f1c9629c000 r--p 00017000 08:01 397913                     /lib/x86_64-linux-gnu/libpthread-2.23.so
7f1c9629c000-7f1c9629d000 rw-p 00018000 08:01 397913                     /lib/x86_64-linux-gnu/libpthread-2.23.so
7f1c9629d000-7f1c962a1000 rw-p 00000000 00:00 0 
7f1c962a1000-7f1c962c7000 r-xp 00000000 08:01 397739                     /lib/x86_64-linux-gnu/ld-2.23.so
7f1c962c7000-7f1c962c9000 r--s 00011000 08:01 165528                     /root/.sbt/boot/scala-2.12.7/org.scala-sbt/sbt/1.2.7/jawn-parser_2.12-0.10.4.jar
7f1c962c9000-7f1c962ca000 r--s 00000000 08:01 165560                     /root/.sbt/boot/scala-2.12.7/org.scala-sbt/sbt/1.2.7/util-interface-1.2.4.jar
7f1c962ca000-7f1c962cb000 r--s 00005000 08:01 165466                     /root/.sbt/boot/scala-2.12.7/org.scala-sbt/sbt/1.2.7/apple-file-events-1.3.2.jar
7f1c962cb000-7f1c962cc000 r--s 00001000 08:01 165607                     /root/.sbt/boot/scala-2.12.7/org.scala-sbt/sbt/1.2.7/scalacache-caffeine_2.12-0.20.0.jar
7f1c962cc000-7f1c962ce000 r--s 00007000 08:01 165529                     /root/.sbt/boot/scala-2.12.7/org.scala-sbt/sbt/1.2.7/util-tracking_2.12-1.2.4.jar
7f1c962ce000-7f1c962d0000 r--s 00012000 08:01 165459                     /root/.sbt/boot/scala-2.12.7/org.scala-sbt/sbt/1.2.7/core-macros_2.12-1.2.7.jar
7f1c962d0000-7f1c962d4000 r--s 00049000 08:01 165420                     /root/.sbt/boot/scala-2.12.7/org.scala-sbt/sbt/1.2.7/io_2.12-1.2.2.jar
7f1c962d4000-7f1c962d8000 r--s 00047000 08:01 165641                     /root/.sbt/boot/scala-2.12.7/org.scala-sbt/sbt/1.2.7/fastparse_2.12-0.4.2.jar
7f1c962d8000-7f1c962dc000 r--s 0015c000 08:01 165628                     /root/.sbt/boot/scala-2.12.7/org.scala-sbt/sbt/1.2.7/jna-4.5.0.jar
7f1c962dc000-7f1c962e1000 r--s 00095000 08:01 165505                     /root/.sbt/boot/scala-2.12.7/org.scala-sbt/sbt/1.2.7/librarymanagement-ivy_2.12-1.2.3.jar
7f1c962e1000-7f1c963a9000 rw-p 00000000 00:00 0 
7f1c963a9000-7f1c963ac000 ---p 00000000 00:00 0 
7f1c963ac000-7f1c964af000 rw-p 00000000 00:00 0 
7f1c964af000-7f1c964b0000 r--s 00006000 08:01 165492                     /root/.sbt/boot/scala-2.12.7/org.scala-sbt/sbt/1.2.7/util-position_2.12-1.2.4.jar
7f1c964b0000-7f1c964b1000 r--s 00000000 08:01 165573                     /root/.sbt/boot/scala-2.12.7/org.scala-sbt/sbt/1.2.7/reactive-streams-1.0.0.jar
7f1c964b1000-7f1c964b2000 r--s 00000000 08:01 165443                     /root/.sbt/boot/scala-2.12.7/org.scala-sbt/sbt/1.2.7/scripted-plugin_2.12-1.2.7.jar
7f1c964b2000-7f1c964b6000 r--s 0003e000 08:01 165651                     /root/.sbt/boot/scala-2.12.7/lib/jline.jar
7f1c964b6000-7f1c964bc000 r--s 00080000 08:01 165646                     /root/.sbt/boot/scala-2.12.7/lib/scala-xml_2.12.jar
7f1c964bc000-7f1c964c4000 rw-s 00000000 08:01 1111580                    /tmp/hsperfdata_root/12500
7f1c964c4000-7f1c964c5000 rw-p 00000000 00:00 0 
7f1c964c5000-7f1c964c6000 ---p 00000000 00:00 0 
7f1c964c6000-7f1c964c7000 r--p 00025000 08:01 397739                     /lib/x86_64-linux-gnu/ld-2.23.so
7f1c964c7000-7f1c964c8000 rw-p 00026000 08:01 397739                     /lib/x86_64-linux-gnu/ld-2.23.so
7f1c964c8000-7f1c964c9000 rw-p 00000000 00:00 0 
7ffd3de09000-7ffd3de2a000 rw-p 00000000 00:00 0                          [stack]
7ffd3df74000-7ffd3df77000 r--p 00000000 00:00 0                          [vvar]
7ffd3df77000-7ffd3df79000 r-xp 00000000 00:00 0                          [vdso]
ffffffffff600000-ffffffffff601000 r-xp 00000000 00:00 0                  [vsyscall]

VM Arguments:
jvm_args: -agentlib:jdwp=transport=dt_socket,address=localhost:40191,suspend=n,server=y -Xdebug -Xmx1536M -Didea.managed=true -Dfile.encoding=UTF-8 -Didea.runid=2018.2 
java_command: /root/.IntelliJIdea2018.2/config/plugins/Scala/launcher/sbt-launch.jar idea-shell
java_class_path (initial): /root/.IntelliJIdea2018.2/config/plugins/Scala/launcher/sbt-launch.jar
Launcher Type: SUN_STANDARD

Environment Variables:
JAVA_HOME=/usr/lib/jvm/jdk1.8.0_191
JRE_HOME=/usr/lib/jvm/jdk1.8.0_191/jre
CLASSPATH=/usr/lib/ideadIU/idea-IU-182.4892.20/lib/bootstrap.jar:/usr/lib/ideadIU/idea-IU-182.4892.20/lib/extensions.jar:/usr/lib/ideadIU/idea-IU-182.4892.20/lib/util.jar:/usr/lib/ideadIU/idea-IU-182.4892.20/lib/jdom.jar:/usr/lib/ideadIU/idea-IU-182.4892.20/lib/log4j.jar:/usr/lib/ideadIU/idea-IU-182.4892.20/lib/trove4j.jar:/usr/lib/ideadIU/idea-IU-182.4892.20/lib/jna.jar:/usr/lib/ideadIU/idea-IU-182.4892.20/jre64/lib/tools.jar
PATH=/usr/lib/jvm/jdk1.8.0_191/bin:/usr/share/scala-2.11/bin:/usr/local/sbin:/usr/local/bin:/usr/sbin:/usr/bin:/sbin:/bin:/usr/games:/usr/local/games:/snap/bin:/usr/local/go/bin:/root/ideaProject/work/golang_pro/bin
SHELL=/bin/bash
DISPLAY=:0

Signal Handlers:
SIGSEGV: [libjvm.so+0xaced60], sa_mask[0]=11111111011111111101111111111110, sa_flags=SA_RESTART|SA_SIGINFO
SIGBUS: [libjvm.so+0xaced60], sa_mask[0]=11111111011111111101111111111110, sa_flags=SA_RESTART|SA_SIGINFO
SIGFPE: [libjvm.so+0x907ca0], sa_mask[0]=11111111011111111101111111111110, sa_flags=SA_RESTART|SA_SIGINFO
SIGPIPE: [libjvm.so+0x907ca0], sa_mask[0]=11111111011111111101111111111110, sa_flags=SA_RESTART|SA_SIGINFO
SIGXFSZ: [libjvm.so+0x907ca0], sa_mask[0]=11111111011111111101111111111110, sa_flags=SA_RESTART|SA_SIGINFO
SIGILL: [libjvm.so+0x907ca0], sa_mask[0]=11111111011111111101111111111110, sa_flags=SA_RESTART|SA_SIGINFO
SIGUSR1: SIG_DFL, sa_mask[0]=00000000000000000000000000000000, sa_flags=none
SIGUSR2: [libjvm.so+0x907b70], sa_mask[0]=00100000000000000000000000000000, sa_flags=SA_RESTART|SA_SIGINFO
SIGHUP: [libjvm.so+0x908190], sa_mask[0]=11111111011111111101111111111110, sa_flags=SA_RESTART|SA_SIGINFO
SIGINT: [libjvm.so+0x908190], sa_mask[0]=11111111011111111101111111111110, sa_flags=SA_RESTART|SA_SIGINFO
SIGTERM: [libjvm.so+0x908190], sa_mask[0]=11111111011111111101111111111110, sa_flags=SA_RESTART|SA_SIGINFO
SIGQUIT: [libjvm.so+0x908190], sa_mask[0]=11111111011111111101111111111110, sa_flags=SA_RESTART|SA_SIGINFO


---------------  S Y S T E M  ---------------

OS:DISTRIB_ID=Ubuntu
DISTRIB_RELEASE=16.04
DISTRIB_CODENAME=xenial
DISTRIB_DESCRIPTION="Ubuntu 16.04.5 LTS"

uname:Linux 4.15.0-43-generic #46~16.04.1-Ubuntu SMP Fri Dec 7 13:31:08 UTC 2018 x86_64
libc:glibc 2.23 NPTL 2.23 
rlimit: STACK 8192k, CORE 0k, NPROC 23765, NOFILE 1048576, AS infinity
load average:7.80 3.04 1.45

/proc/meminfo:
MemTotal:        6143536 kB
MemFree:          105164 kB
MemAvailable:      11968 kB
Buffers:             492 kB
Cached:            64504 kB
SwapCached:            0 kB
Active:          5409904 kB
Inactive:          52584 kB
Active(anon):    5399108 kB
Inactive(anon):    40096 kB
Active(file):      10796 kB
Inactive(file):    12488 kB
Unevictable:          48 kB
Mlocked:              48 kB
SwapTotal:             0 kB
SwapFree:              0 kB
Dirty:               188 kB
Writeback:             0 kB
AnonPages:       5398016 kB
Mapped:            54508 kB
Shmem:             41236 kB
Slab:             119988 kB
SReclaimable:      48428 kB
SUnreclaim:        71560 kB
KernelStack:       14160 kB
PageTables:        42792 kB
NFS_Unstable:          0 kB
Bounce:                0 kB
WritebackTmp:          0 kB
CommitLimit:     3071768 kB
Committed_AS:    8839100 kB
VmallocTotal:   34359738367 kB
VmallocUsed:           0 kB
VmallocChunk:          0 kB
HardwareCorrupted:     0 kB
AnonHugePages:         0 kB
ShmemHugePages:        0 kB
ShmemPmdMapped:        0 kB
CmaTotal:              0 kB
CmaFree:               0 kB
HugePages_Total:       0
HugePages_Free:        0
HugePages_Rsvd:        0
HugePages_Surp:        0
Hugepagesize:       2048 kB
DirectMap4k:      102208 kB
DirectMap2M:     3108864 kB
DirectMap1G:     4194304 kB

container (cgroup) information:
container_type: cgroupv1
cpu_cpuset_cpus: 0-3
cpu_memory_nodes: 0
active_processor_count: 4
cpu_quota: -1
cpu_period: 100000
cpu_shares: -1
memory_limit_in_bytes: -1
memory_and_swap_limit_in_bytes: -2
memory_soft_limit_in_bytes: -1
memory_usage_in_bytes: 5454520320
memory_max_usage_in_bytes: 5464494080


CPU:total 4 (initial active 4) (1 cores per cpu, 1 threads per core) family 6 model 142 stepping 10, cmov, cx8, fxsr, mmx, sse, sse2, sse3, ssse3, sse4.1, sse4.2, popcnt, avx, avx2, aes, clmul, erms, 3dnowpref, lzcnt, tsc, tscinvbit, bmi1, bmi2, adx

/proc/cpuinfo:
processor	: 0
vendor_id	: GenuineIntel
cpu family	: 6
model		: 142
model name	: Intel(R) Core(TM) i7-8550U CPU @ 1.80GHz
stepping	: 10
microcode	: 0x84
cpu MHz		: 2001.000
cache size	: 8192 KB
physical id	: 0
siblings	: 1
core id		: 0
cpu cores	: 1
apicid		: 0
initial apicid	: 0
fpu		: yes
fpu_exception	: yes
cpuid level	: 22
wp		: yes
flags		: fpu vme de pse tsc msr pae mce cx8 apic sep mtrr pge mca cmov pat pse36 clflush dts mmx fxsr sse sse2 ss syscall nx pdpe1gb rdtscp lm constant_tsc arch_perfmon pebs bts nopl xtopology tsc_reliable nonstop_tsc cpuid aperfmperf pni pclmulqdq ssse3 fma cx16 pcid sse4_1 sse4_2 x2apic movbe popcnt tsc_deadline_timer aes xsave avx f16c rdrand hypervisor lahf_lm abm 3dnowprefetch epb invpcid_single pti ibrs ibpb stibp fsgsbase tsc_adjust bmi1 avx2 smep bmi2 invpcid rdseed adx smap xsaveopt dtherm ida arat pln pts hwp hwp_notify hwp_act_window hwp_epp
bugs		: cpu_meltdown spectre_v1 spectre_v2 spec_store_bypass l1tf
bogomips	: 4002.00
clflush size	: 64
cache_alignment	: 64
address sizes	: 42 bits physical, 48 bits virtual
power management:

processor	: 1
vendor_id	: GenuineIntel
cpu family	: 6
model		: 142
model name	: Intel(R) Core(TM) i7-8550U CPU @ 1.80GHz
stepping	: 10
microcode	: 0x84
cpu MHz		: 2001.000
cache size	: 8192 KB
physical id	: 2
siblings	: 1
core id		: 0
cpu cores	: 1
apicid		: 2
initial apicid	: 2
fpu		: yes
fpu_exception	: yes
cpuid level	: 22
wp		: yes
flags		: fpu vme de pse tsc msr pae mce cx8 apic sep mtrr pge mca cmov pat pse36 clflush dts mmx fxsr sse sse2 ss syscall nx pdpe1gb rdtscp lm constant_tsc arch_perfmon pebs bts nopl xtopology tsc_reliable nonstop_tsc cpuid aperfmperf pni pclmulqdq ssse3 fma cx16 pcid sse4_1 sse4_2 x2apic movbe popcnt tsc_deadline_timer aes xsave avx f16c rdrand hypervisor lahf_lm abm 3dnowprefetch epb invpcid_single pti ibrs ibpb stibp fsgsbase tsc_adjust bmi1 avx2 smep bmi2 invpcid rdseed adx smap xsaveopt dtherm ida arat pln pts hwp hwp_notify hwp_act_window hwp_epp
bugs		: cpu_meltdown spectre_v1 spectre_v2 spec_store_bypass l1tf
bogomips	: 4002.00
clflush size	: 64
cache_alignment	: 64
address sizes	: 42 bits physical, 48 bits virtual
power management:

processor	: 2
vendor_id	: GenuineIntel
cpu family	: 6
model		: 142
model name	: Intel(R) Core(TM) i7-8550U CPU @ 1.80GHz
stepping	: 10
microcode	: 0x84
cpu MHz		: 2001.000
cache size	: 8192 KB
physical id	: 4
siblings	: 1
core id		: 0
cpu cores	: 1
apicid		: 4
initial apicid	: 4
fpu		: yes
fpu_exception	: yes
cpuid level	: 22
wp		: yes
flags		: fpu vme de pse tsc msr pae mce cx8 apic sep mtrr pge mca cmov pat pse36 clflush dts mmx fxsr sse sse2 ss syscall nx pdpe1gb rdtscp lm constant_tsc arch_perfmon pebs bts nopl xtopology tsc_reliable nonstop_tsc cpuid aperfmperf pni pclmulqdq ssse3 fma cx16 pcid sse4_1 sse4_2 x2apic movbe popcnt tsc_deadline_timer aes xsave avx f16c rdrand hypervisor lahf_lm abm 3dnowprefetch epb invpcid_single pti ibrs ibpb stibp fsgsbase tsc_adjust bmi1 avx2 smep bmi2 invpcid rdseed adx smap xsaveopt dtherm ida arat pln pts hwp hwp_notify hwp_act_window hwp_epp
bugs		: cpu_meltdown spectre_v1 spectre_v2 spec_store_bypass l1tf
bogomips	: 4002.00
clflush size	: 64
cache_alignment	: 64
address sizes	: 42 bits physical, 48 bits virtual
power management:

processor	: 3
vendor_id	: GenuineIntel
cpu family	: 6
model		: 142
model name	: Intel(R) Core(TM) i7-8550U CPU @ 1.80GHz
stepping	: 10
microcode	: 0x84
cpu MHz		: 2001.000
cache size	: 8192 KB
physical id	: 6
siblings	: 1
core id		: 0
cpu cores	: 1
apicid		: 6
initial apicid	: 6
fpu		: yes
fpu_exception	: yes
cpuid level	: 22
wp		: yes
flags		: fpu vme de pse tsc msr pae mce cx8 apic sep mtrr pge mca cmov pat pse36 clflush dts mmx fxsr sse sse2 ss syscall nx pdpe1gb rdtscp lm constant_tsc arch_perfmon pebs bts nopl xtopology tsc_reliable nonstop_tsc cpuid aperfmperf pni pclmulqdq ssse3 fma cx16 pcid sse4_1 sse4_2 x2apic movbe popcnt tsc_deadline_timer aes xsave avx f16c rdrand hypervisor lahf_lm abm 3dnowprefetch epb invpcid_single pti ibrs ibpb stibp fsgsbase tsc_adjust bmi1 avx2 smep bmi2 invpcid rdseed adx smap xsaveopt dtherm ida arat pln pts hwp hwp_notify hwp_act_window hwp_epp
bugs		: cpu_meltdown spectre_v1 spectre_v2 spec_store_bypass l1tf
bogomips	: 4002.00
clflush size	: 64
cache_alignment	: 64
address sizes	: 42 bits physical, 48 bits virtual
power management:



Memory: 4k page, physical 6143536k(111532k free), swap 0k(0k free)

vm_info: Java HotSpot(TM) 64-Bit Server VM (25.191-b12) for linux-amd64 JRE (1.8.0_191-b12), built on Oct  6 2018 05:43:09 by "java_re" with gcc 7.3.0

time: Wed Dec 26 10:43:05 2018
elapsed time: 23 seconds (0d 0h 0m 23s)

